#
# There is insufficient memory for the Java Runtime Environment to continue.
# Native memory allocation (malloc) failed to allocate 1048576 bytes for AllocateHeap
# Possible reasons:
#   The system is out of physical RAM or swap space
#   The process is running with CompressedOops enabled, and the Java Heap may be blocking the growth of the native heap
# Possible solutions:
#   Reduce memory load on the system
#   Increase physical memory or swap space
#   Check if swap backing store is full
#   Decrease Java heap size (-Xmx/-Xms)
#   Decrease number of Java threads
#   Decrease Java thread stack sizes (-Xss)
#   Set larger code cache with -XX:ReservedCodeCacheSize=
#   JVM is running with Unscaled Compressed Oops mode in which the Java heap is
#     placed in the first 4GB address space. The Java Heap base address is the
#     maximum limit for the native heap growth. Please use -XX:HeapBaseMinAddress
#     to set the Java Heap base and to place the Java Heap above 4GB virtual address.
# This output file may be truncated or incomplete.
#
#  Out of Memory Error (allocation.cpp:44), pid=15592, tid=6072
#
# JRE version:  (17.0.9+9) (build )
# Java VM: OpenJDK 64-Bit Server VM (17.0.9+9, mixed mode, tiered, compressed oops, compressed class ptrs, parallel gc, windows-amd64)
# No core dump will be written. Minidumps are not enabled by default on client versions of Windows
#

---------------  S U M M A R Y ------------

Command Line: --add-modules=ALL-SYSTEM --add-opens=java.base/java.util=ALL-UNNAMED --add-opens=java.base/java.lang=ALL-UNNAMED --add-opens=java.base/sun.nio.fs=ALL-UNNAMED -Declipse.application=org.eclipse.jdt.ls.core.id1 -Dosgi.bundles.defaultStartLevel=4 -Declipse.product=org.eclipse.jdt.ls.core.product -Djava.import.generatesMetadataFilesAtProjectRoot=false -DDetectVMInstallationsJob.disabled=true -Dfile.encoding=utf8 -XX:+UseParallelGC -XX:GCTimeRatio=4 -XX:AdaptiveSizePolicyWeight=90 -Dsun.zip.disableMemoryMapping=true -Xmx1G -Xms100m -Xlog:disable -javaagent:c:\Users\abdelkader\.vscode\extensions\redhat.java-1.25.1-win32-x64\lombok\lombok-1.18.30.jar -XX:+HeapDumpOnOutOfMemoryError -XX:HeapDumpPath=c:\Users\abdelkader\AppData\Roaming\Code\User\workspaceStorage\4bbaa65c982651e4835262f9be950502\redhat.java -Daether.dependencyCollector.impl=bf c:\Users\abdelkader\.vscode\extensions\redhat.java-1.25.1-win32-x64\server\plugins\org.eclipse.equinox.launcher_1.6.600.v20231106-1826.jar -configuration c:\Users\abdelkader\AppData\Roaming\Code\User\globalStorage\redhat.java\1.25.1\config_win -data c:\Users\abdelkader\AppData\Roaming\Code\User\workspaceStorage\4bbaa65c982651e4835262f9be950502\redhat.java\jdt_ws --stdio

Host: Intel(R) Core(TM) i5-5300U CPU @ 2.30GHz, 4 cores, 11G,  Windows 10 , 64 bit Build 19041 (10.0.19041.3636)
Time: Sun Dec 10 02:19:16 2023 Morocco Daylight Time elapsed time: 0.101272 seconds (0d 0h 0m 0s)

---------------  T H R E A D  ---------------

Current thread (0x00000179353aac60):  JavaThread "Unknown thread" [_thread_in_vm, id=6072, stack(0x0000002674600000,0x0000002674700000)]

Stack: [0x0000002674600000,0x0000002674700000]
Native frames: (J=compiled Java code, j=interpreted, Vv=VM code, C=native code)
V  [jvm.dll+0x67cf49]
V  [jvm.dll+0x83478a]
V  [jvm.dll+0x83624e]
V  [jvm.dll+0x8368b3]
V  [jvm.dll+0x247f1f]
V  [jvm.dll+0xa6b4b]
V  [jvm.dll+0x6afb96]
V  [jvm.dll+0x6b0809]
V  [jvm.dll+0x689683]
V  [jvm.dll+0x80674b]
V  [jvm.dll+0x36cfb4]
V  [jvm.dll+0x7e4aac]
V  [jvm.dll+0x3f07af]
V  [jvm.dll+0x3f23e1]
C  [jli.dll+0x528f]
C  [ucrtbase.dll+0x21bb2]
C  [KERNEL32.DLL+0x17344]
C  [ntdll.dll+0x526b1]


---------------  P R O C E S S  ---------------

Threads class SMR info:
_java_thread_list=0x00007ffe79d3ee98, length=0, elements={
}

Java Threads: ( => current thread )

Other Threads:
  0x00000179353c0960 GCTaskThread "GC Thread#0" [stack: 0x0000002674700000,0x0000002674800000] [id=16484]

=>0x00000179353aac60 (exited) JavaThread "Unknown thread" [_thread_in_vm, id=6072, stack(0x0000002674600000,0x0000002674700000)]

Threads with active compile tasks:

VM state: not at safepoint (normal execution)

VM Mutex/Monitor currently owned by a thread: None

Heap address: 0x00000000c0000000, size: 1024 MB, Compressed Oops mode: 32-bit

CDS archive(s) not mapped
Compressed class space mapped at: 0x0000000100000000-0x0000000140000000, reserved size: 1073741824
Narrow klass base: 0x0000000000000000, Narrow klass shift: 3, Narrow klass range: 0x140000000

GC Precious Log:
 CPUs: 4 total, 4 available
 Memory: 12163M
 Large Page Support: Disabled
 NUMA Support: Disabled
 Compressed Oops: Enabled (32-bit)
 Alignments: Space 512K, Generation 512K, Heap 2M
 Heap Min Capacity: 100M
 Heap Initial Capacity: 100M
 Heap Max Capacity: 1G
 Pre-touch: Disabled
 Parallel Workers: 4

Heap:
 PSYoungGen      total 29696K, used 512K [0x00000000eab00000, 0x00000000ecc00000, 0x0000000100000000)
  eden space 25600K, 2% used [0x00000000eab00000,0x00000000eab80070,0x00000000ec400000)
  from space 4096K, 0% used [0x00000000ec800000,0x00000000ec800000,0x00000000ecc00000)
  to   space 4096K, 0% used [0x00000000ec400000,0x00000000ec400000,0x00000000ec800000)
 ParOldGen       total 68608K, used 0K [0x00000000c0000000, 0x00000000c4300000, 0x00000000eab00000)
  object space 68608K, 0% used [0x00000000c0000000,0x00000000c0000000,0x00000000c4300000)
 Metaspace       used 1149K, committed 1216K, reserved 1114112K
  class space    used 101K, committed 128K, reserved 1048576K

Card table byte_map: [0x0000017948a30000,0x0000017948c40000] _byte_map_base: 0x0000017948430000

Marking Bits: (ParMarkBitMap*) 0x00007ffe79dad0b0
 Begin Bits: [0x0000017948da0000, 0x0000017949da0000)
 End Bits:   [0x0000017949da0000, 0x000001794ada0000)

Polling page: 0x0000017935210000

Metaspace:

Usage:
  Non-class:      1.02 MB used.
      Class:    101.05 KB used.
       Both:      1.12 MB used.

Virtual space:
  Non-class space:       64.00 MB reserved,       1.06 MB (  2%) committed,  1 nodes.
      Class space:        1.00 GB reserved,     128.00 KB ( <1%) committed,  1 nodes.
             Both:        1.06 GB reserved,       1.19 MB ( <1%) committed. 

Chunk freelists:
   Non-Class:  12.00 MB
       Class:  15.75 MB
        Both:  27.75 MB

MaxMetaspaceSize: unlimited
CompressedClassSpaceSize: 1.00 GB
Initial GC threshold: 21.00 MB
Current GC threshold: 17179869184.00 GB
CDS: off
MetaspaceReclaimPolicy: balanced
 - commit_granule_bytes: 65536.
 - commit_granule_words: 8192.
 - virtual_space_node_default_size: 8388608.
 - enlarge_chunks_in_place: 1.
 - new_chunks_are_fully_committed: 0.
 - uncommit_free_chunks: 1.
 - use_allocation_guard: 0.
 - handle_deallocations: 1.


Internal statistics:

num_allocs_failed_limit: 0.
num_arena_births: 2.
num_arena_deaths: 0.
num_vsnodes_births: 2.
num_vsnodes_deaths: 0.
num_space_committed: 19.
num_space_uncommitted: 0.
num_chunks_returned_to_freelist: 0.
num_chunks_taken_from_freelist: 3.
num_chunk_merges: 0.
num_chunk_splits: 2.
num_chunks_enlarged: 0.
num_inconsistent_stats: 0.

CodeHeap 'non-profiled nmethods': size=120000Kb used=0Kb max_used=0Kb free=120000Kb
 bounds [0x0000017941320000, 0x0000017941590000, 0x0000017948850000]
CodeHeap 'profiled nmethods': size=120000Kb used=0Kb max_used=0Kb free=120000Kb
 bounds [0x0000017939850000, 0x0000017939ac0000, 0x0000017940d80000]
CodeHeap 'non-nmethods': size=5760Kb used=202Kb max_used=353Kb free=5557Kb
 bounds [0x0000017940d80000, 0x0000017940ff0000, 0x0000017941320000]
 total_blobs=66 nmethods=0 adapters=47
 compilation: enabled
              stopped_count=0, restarted_count=0
 full_count=0

Compilation events (0 events):
No events

GC Heap History (0 events):
No events

Dll operation events (1 events):
Event: 0.020 Loaded shared library c:\Users\abdelkader\.vscode\extensions\redhat.java-1.25.1-win32-x64\jre\17.0.9-win32-x86_64\bin\java.dll

Deoptimization events (0 events):
No events

Classes unloaded (0 events):
No events

Classes redefined (0 events):
No events

Internal exceptions (0 events):
No events

VM Operations (0 events):
No events

Events (20 events):
Event: 0.086 loading class java/lang/Long
Event: 0.086 loading class java/lang/Long done
Event: 0.086 loading class java/util/Iterator
Event: 0.086 loading class java/util/Iterator done
Event: 0.086 loading class java/lang/reflect/RecordComponent
Event: 0.087 loading class java/lang/reflect/RecordComponent done
Event: 0.087 loading class jdk/internal/vm/vector/VectorSupport
Event: 0.087 loading class jdk/internal/vm/vector/VectorSupport done
Event: 0.087 loading class jdk/internal/vm/vector/VectorSupport$VectorPayload
Event: 0.087 loading class jdk/internal/vm/vector/VectorSupport$VectorPayload done
Event: 0.087 loading class jdk/internal/vm/vector/VectorSupport$Vector
Event: 0.087 loading class jdk/internal/vm/vector/VectorSupport$Vector done
Event: 0.087 loading class jdk/internal/vm/vector/VectorSupport$VectorMask
Event: 0.087 loading class jdk/internal/vm/vector/VectorSupport$VectorMask done
Event: 0.087 loading class jdk/internal/vm/vector/VectorSupport$VectorShuffle
Event: 0.087 loading class jdk/internal/vm/vector/VectorSupport$VectorShuffle done
Event: 0.092 loading class java/lang/NullPointerException
Event: 0.092 loading class java/lang/NullPointerException done
Event: 0.092 loading class java/lang/ArithmeticException
Event: 0.092 loading class java/lang/ArithmeticException done


Dynamic libraries:
0x00007ff68bb00000 - 0x00007ff68bb0e000 	c:\Users\abdelkader\.vscode\extensions\redhat.java-1.25.1-win32-x64\jre\17.0.9-win32-x86_64\bin\java.exe
0x00007ffebc3d0000 - 0x00007ffebc5c8000 	C:\WINDOWS\SYSTEM32\ntdll.dll
0x00007ffebb4d0000 - 0x00007ffebb58d000 	C:\WINDOWS\System32\KERNEL32.DLL
0x00007ffeb9ab0000 - 0x00007ffeb9da6000 	C:\WINDOWS\System32\KERNELBASE.dll
0x00007ffeb6de0000 - 0x00007ffeb6e70000 	C:\WINDOWS\SYSTEM32\apphelp.dll
0x00007ffeba0c0000 - 0x00007ffeba1c0000 	C:\WINDOWS\System32\ucrtbase.dll
0x00007ffeb70e0000 - 0x00007ffeb70f7000 	c:\Users\abdelkader\.vscode\extensions\redhat.java-1.25.1-win32-x64\jre\17.0.9-win32-x86_64\bin\jli.dll
0x00007ffebbf10000 - 0x00007ffebc0ae000 	C:\WINDOWS\System32\USER32.dll
0x00007ffeba090000 - 0x00007ffeba0b2000 	C:\WINDOWS\System32\win32u.dll
0x00007ffeba560000 - 0x00007ffeba58c000 	C:\WINDOWS\System32\GDI32.dll
0x00007ffeba1c0000 - 0x00007ffeba2da000 	C:\WINDOWS\System32\gdi32full.dll
0x00007ffeba2e0000 - 0x00007ffeba37d000 	C:\WINDOWS\System32\msvcp_win.dll
0x00007ffeb5150000 - 0x00007ffeb516b000 	c:\Users\abdelkader\.vscode\extensions\redhat.java-1.25.1-win32-x64\jre\17.0.9-win32-x86_64\bin\VCRUNTIME140.dll
0x00007ffea9280000 - 0x00007ffea951a000 	C:\WINDOWS\WinSxS\amd64_microsoft.windows.common-controls_6595b64144ccf1df_6.0.19041.3636_none_60b6a03d71f818d5\COMCTL32.dll
0x00007ffebc140000 - 0x00007ffebc1de000 	C:\WINDOWS\System32\msvcrt.dll
0x00007ffeba6b0000 - 0x00007ffeba6e0000 	C:\WINDOWS\System32\IMM32.DLL
0x00007ffeb70a0000 - 0x00007ffeb70ac000 	c:\Users\abdelkader\.vscode\extensions\redhat.java-1.25.1-win32-x64\jre\17.0.9-win32-x86_64\bin\vcruntime140_1.dll
0x00007ffea3960000 - 0x00007ffea39ed000 	c:\Users\abdelkader\.vscode\extensions\redhat.java-1.25.1-win32-x64\jre\17.0.9-win32-x86_64\bin\msvcp140.dll
0x00007ffe79210000 - 0x00007ffe79e71000 	c:\Users\abdelkader\.vscode\extensions\redhat.java-1.25.1-win32-x64\jre\17.0.9-win32-x86_64\bin\server\jvm.dll
0x00007ffebada0000 - 0x00007ffebae4f000 	C:\WINDOWS\System32\ADVAPI32.dll
0x00007ffebad00000 - 0x00007ffebad9c000 	C:\WINDOWS\System32\sechost.dll
0x00007ffebb3a0000 - 0x00007ffebb4c6000 	C:\WINDOWS\System32\RPCRT4.dll
0x00007ffeb9910000 - 0x00007ffeb995b000 	C:\WINDOWS\SYSTEM32\POWRPROF.dll
0x00007ffe9e9e0000 - 0x00007ffe9e9e9000 	C:\WINDOWS\SYSTEM32\WSOCK32.dll
0x00007ffebb330000 - 0x00007ffebb39b000 	C:\WINDOWS\System32\WS2_32.dll
0x00007ffea6fe0000 - 0x00007ffea7007000 	C:\WINDOWS\SYSTEM32\WINMM.dll
0x00007ffeb7000000 - 0x00007ffeb700a000 	C:\WINDOWS\SYSTEM32\VERSION.dll
0x00007ffeb98f0000 - 0x00007ffeb9902000 	C:\WINDOWS\SYSTEM32\UMPDC.dll
0x00007ffeb7b10000 - 0x00007ffeb7b22000 	C:\WINDOWS\SYSTEM32\kernel.appcore.dll
0x00007ffeb5130000 - 0x00007ffeb513a000 	c:\Users\abdelkader\.vscode\extensions\redhat.java-1.25.1-win32-x64\jre\17.0.9-win32-x86_64\bin\jimage.dll
0x00007ffea2040000 - 0x00007ffea2224000 	C:\WINDOWS\SYSTEM32\DBGHELP.DLL
0x00007ffea2000000 - 0x00007ffea2034000 	C:\WINDOWS\SYSTEM32\dbgcore.DLL
0x00007ffeb9f80000 - 0x00007ffeba002000 	C:\WINDOWS\System32\bcryptPrimitives.dll
0x00007ffeb5120000 - 0x00007ffeb512e000 	c:\Users\abdelkader\.vscode\extensions\redhat.java-1.25.1-win32-x64\jre\17.0.9-win32-x86_64\bin\instrument.dll
0x00007ffeb3f90000 - 0x00007ffeb3fb5000 	c:\Users\abdelkader\.vscode\extensions\redhat.java-1.25.1-win32-x64\jre\17.0.9-win32-x86_64\bin\java.dll
0x00007ffeb50e0000 - 0x00007ffeb50f8000 	c:\Users\abdelkader\.vscode\extensions\redhat.java-1.25.1-win32-x64\jre\17.0.9-win32-x86_64\bin\zip.dll

dbghelp: loaded successfully - version: 4.0.5 - missing functions: none
symbol engine: initialized successfully - sym options: 0x614 - pdb path: .;c:\Users\abdelkader\.vscode\extensions\redhat.java-1.25.1-win32-x64\jre\17.0.9-win32-x86_64\bin;C:\WINDOWS\SYSTEM32;C:\WINDOWS\WinSxS\amd64_microsoft.windows.common-controls_6595b64144ccf1df_6.0.19041.3636_none_60b6a03d71f818d5;c:\Users\abdelkader\.vscode\extensions\redhat.java-1.25.1-win32-x64\jre\17.0.9-win32-x86_64\bin\server

VM Arguments:
jvm_args: --add-modules=ALL-SYSTEM --add-opens=java.base/java.util=ALL-UNNAMED --add-opens=java.base/java.lang=ALL-UNNAMED --add-opens=java.base/sun.nio.fs=ALL-UNNAMED -Declipse.application=org.eclipse.jdt.ls.core.id1 -Dosgi.bundles.defaultStartLevel=4 -Declipse.product=org.eclipse.jdt.ls.core.product -Djava.import.generatesMetadataFilesAtProjectRoot=false -DDetectVMInstallationsJob.disabled=true -Dfile.encoding=utf8 -XX:+UseParallelGC -XX:GCTimeRatio=4 -XX:AdaptiveSizePolicyWeight=90 -Dsun.zip.disableMemoryMapping=true -Xmx1G -Xms100m -Xlog:disable -javaagent:c:\Users\abdelkader\.vscode\extensions\redhat.java-1.25.1-win32-x64\lombok\lombok-1.18.30.jar -XX:+HeapDumpOnOutOfMemoryError -XX:HeapDumpPath=c:\Users\abdelkader\AppData\Roaming\Code\User\workspaceStorage\4bbaa65c982651e4835262f9be950502\redhat.java -Daether.dependencyCollector.impl=bf 
java_command: c:\Users\abdelkader\.vscode\extensions\redhat.java-1.25.1-win32-x64\server\plugins\org.eclipse.equinox.launcher_1.6.600.v20231106-1826.jar -configuration c:\Users\abdelkader\AppData\Roaming\Code\User\globalStorage\redhat.java\1.25.1\config_win -data c:\Users\abdelkader\AppData\Roaming\Code\User\workspaceStorage\4bbaa65c982651e4835262f9be950502\redhat.java\jdt_ws --stdio
java_class_path (initial): c:\Users\abdelkader\.vscode\extensions\redhat.java-1.25.1-win32-x64\server\plugins\org.eclipse.equinox.launcher_1.6.600.v20231106-1826.jar
Launcher Type: SUN_STANDARD

[Global flags]
    uintx AdaptiveSizePolicyWeight                 = 90                                        {product} {command line}
     intx CICompilerCount                          = 3                                         {product} {ergonomic}
    uintx GCTimeRatio                              = 4                                         {product} {command line}
     bool HeapDumpOnOutOfMemoryError               = true                                   {manageable} {command line}
    ccstr HeapDumpPath                             = c:\Users\abdelkader\AppData\Roaming\Code\User\workspaceStorage\4bbaa65c982651e4835262f9be950502\redhat.java         {manageable} {command line}
   size_t InitialHeapSize                          = 104857600                                 {product} {command line}
   size_t MaxHeapSize                              = 1073741824                                {product} {command line}
   size_t MaxNewSize                               = 357564416                                 {product} {ergonomic}
   size_t MinHeapDeltaBytes                        = 524288                                    {product} {ergonomic}
   size_t MinHeapSize                              = 104857600                                 {product} {command line}
   size_t NewSize                                  = 34603008                                  {product} {ergonomic}
    uintx NonNMethodCodeHeapSize                   = 5832780                                {pd product} {ergonomic}
    uintx NonProfiledCodeHeapSize                  = 122912730                              {pd product} {ergonomic}
   size_t OldSize                                  = 70254592                                  {product} {ergonomic}
    uintx ProfiledCodeHeapSize                     = 122912730                              {pd product} {ergonomic}
    uintx ReservedCodeCacheSize                    = 251658240                              {pd product} {ergonomic}
     bool SegmentedCodeCache                       = true                                      {product} {ergonomic}
   size_t SoftMaxHeapSize                          = 1073741824                             {manageable} {ergonomic}
     bool UseCompressedClassPointers               = true                           {product lp64_product} {ergonomic}
     bool UseCompressedOops                        = true                           {product lp64_product} {ergonomic}
     bool UseLargePagesIndividualAllocation        = false                                  {pd product} {ergonomic}
     bool UseParallelGC                            = true                                      {product} {command line}

Logging:
Log output configuration:
 #0: stdout all=off uptime,level,tags
 #1: stderr all=off uptime,level,tags

Environment Variables:
PATH=C:\app\abdelkader\product\21c\dbhomeXE\bin;C:\Program Files (x86)\Common Files\Oracle\Java\javapath;C:\Program Files (x86)\Common Files\Intel\Shared Libraries\redist\intel64\compiler;C:\WINDOWS\system32;C:\WINDOWS;C:\WINDOWS\System32\Wbem;C:\WINDOWS\System32\WindowsPowerShell\v1.0\;C:\WINDOWS\System32\OpenSSH\;C:\Users\abdelkader\AppData\Local\Programs\Python\Python311\Scripts\;C:\Users\abdelkader\AppData\Local\Programs\Python\Python311\;C:\blp\DAPI;C:\blp\DAPI\DDE;C:\Users\abdelkader\AppData\Local\Programs\Python\Python38-32\Scripts\;C:\Users\abdelkader\AppData\Local\Programs\Python\Python38-32\;C:\Users\abdelkader\AppData\Local\Microsoft\WindowsApps;C:\Program Files (x86)\Java\jre-1.8\bin;C:\MinGW\bin;C:\Program Files (x86)\Java\jre-1.8\bin;
USERNAME=abdelkader
OS=Windows_NT
PROCESSOR_IDENTIFIER=Intel64 Family 6 Model 61 Stepping 4, GenuineIntel
TMP=C:\Users\ABDELK~1\AppData\Local\Temp
TEMP=C:\Users\ABDELK~1\AppData\Local\Temp



Periodic native trim disabled


---------------  S Y S T E M  ---------------

OS:
 Windows 10 , 64 bit Build 19041 (10.0.19041.3636)
OS uptime: 0 days 22:42 hours
Hyper-V role detected

CPU: total 4 (initial active 4) (2 cores per cpu, 2 threads per core) family 6 model 61 stepping 4 microcode 0x2d, cx8, cmov, fxsr, ht, mmx, 3dnowpref, sse, sse2, sse3, ssse3, sse4.1, sse4.2, popcnt, lzcnt, tsc, tscinvbit, avx, avx2, aes, erms, clmul, bmi1, bmi2, rtm, adx, fma, vzeroupper, clflush, hv
Processor Information for all 4 processors :
  Max Mhz: 2301, Current Mhz: 2300, Mhz Limit: 2277

Memory: 4k page, system-wide physical 12163M (1922M free)
TotalPageFile size 12163M (AvailPageFile size 14M)
current process WorkingSet (physical memory assigned to process): 16M, peak: 16M
current process commit charge ("private bytes"): 158M, peak: 159M

vm_info: OpenJDK 64-Bit Server VM (17.0.9+9) for windows-amd64 JRE (17.0.9+9), built on Oct 26 2023 14:01:42 by "admin" with MS VC++ 16.10 / 16.11 (VS2019)

END.
