#
# There is insufficient memory for the Java Runtime Environment to continue.
# Native memory allocation (malloc) failed to allocate 32744 bytes for ChunkPool::allocate
# Possible reasons:
#   The system is out of physical RAM or swap space
#   The process is running with CompressedOops enabled, and the Java Heap may be blocking the growth of the native heap
# Possible solutions:
#   Reduce memory load on the system
#   Increase physical memory or swap space
#   Check if swap backing store is full
#   Decrease Java heap size (-Xmx/-Xms)
#   Decrease number of Java threads
#   Decrease Java thread stack sizes (-Xss)
#   Set larger code cache with -XX:ReservedCodeCacheSize=
#   JVM is running with Unscaled Compressed Oops mode in which the Java heap is
#     placed in the first 4GB address space. The Java Heap base address is the
#     maximum limit for the native heap growth. Please use -XX:HeapBaseMinAddress
#     to set the Java Heap base and to place the Java Heap above 4GB virtual address.
# This output file may be truncated or incomplete.
#
#  Out of Memory Error (arena.cpp:79), pid=15728, tid=14804
#
# JRE version: OpenJDK Runtime Environment Temurin-17.0.9+9 (17.0.9+9) (build 17.0.9+9)
# Java VM: OpenJDK 64-Bit Server VM Temurin-17.0.9+9 (17.0.9+9, mixed mode, tiered, compressed oops, compressed class ptrs, parallel gc, windows-amd64)
# No core dump will be written. Minidumps are not enabled by default on client versions of Windows
#

---------------  S U M M A R Y ------------

Command Line: --add-modules=ALL-SYSTEM --add-opens=java.base/java.util=ALL-UNNAMED --add-opens=java.base/java.lang=ALL-UNNAMED --add-opens=java.base/sun.nio.fs=ALL-UNNAMED -Declipse.application=org.eclipse.jdt.ls.core.id1 -Dosgi.bundles.defaultStartLevel=4 -Declipse.product=org.eclipse.jdt.ls.core.product -Djava.import.generatesMetadataFilesAtProjectRoot=false -DDetectVMInstallationsJob.disabled=true -Dfile.encoding=utf8 -XX:+UseParallelGC -XX:GCTimeRatio=4 -XX:AdaptiveSizePolicyWeight=90 -Dsun.zip.disableMemoryMapping=true -Xmx1G -Xms100m -Xlog:disable -javaagent:c:\Users\abdelkader\.vscode\extensions\redhat.java-1.25.1-win32-x64\lombok\lombok-1.18.30.jar -XX:+HeapDumpOnOutOfMemoryError -XX:HeapDumpPath=c:\Users\abdelkader\AppData\Roaming\Code\User\workspaceStorage\4bbaa65c982651e4835262f9be950502\redhat.java -Daether.dependencyCollector.impl=bf c:\Users\abdelkader\.vscode\extensions\redhat.java-1.25.1-win32-x64\server\plugins\org.eclipse.equinox.launcher_1.6.600.v20231106-1826.jar -configuration c:\Users\abdelkader\AppData\Roaming\Code\User\globalStorage\redhat.java\1.25.1\config_win -data c:\Users\abdelkader\AppData\Roaming\Code\User\workspaceStorage\4bbaa65c982651e4835262f9be950502\redhat.java\jdt_ws --stdio

Host: Intel(R) Core(TM) i5-5300U CPU @ 2.30GHz, 4 cores, 11G,  Windows 10 , 64 bit Build 19041 (10.0.19041.3636)
Time: Tue Dec 12 23:35:40 2023 Morocco Daylight Time elapsed time: 20.150190 seconds (0d 0h 0m 20s)

---------------  T H R E A D  ---------------

Current thread (0x000001a1725d97f0):  JavaThread "C2 CompilerThread0" daemon [_thread_in_native, id=14804, stack(0x0000003203500000,0x0000003203600000)]


Current CompileTask:
C2:  20150 3400       4       org.lombokweb.asm.ClassReader::readMethod (1066 bytes)

Stack: [0x0000003203500000,0x0000003203600000]
Native frames: (J=compiled Java code, j=interpreted, Vv=VM code, C=native code)
V  [jvm.dll+0x67cf49]
V  [jvm.dll+0x83478a]
V  [jvm.dll+0x83624e]
V  [jvm.dll+0x8368b3]
V  [jvm.dll+0x247f1f]
V  [jvm.dll+0xac65c]
V  [jvm.dll+0xaca8c]
V  [jvm.dll+0x60e6cf]
V  [jvm.dll+0x60ddb7]
V  [jvm.dll+0x60f5bb]
V  [jvm.dll+0x60db14]
V  [jvm.dll+0x21a428]
V  [jvm.dll+0x2199d1]
V  [jvm.dll+0x1a57cd]
V  [jvm.dll+0x2297ae]
V  [jvm.dll+0x22797c]
V  [jvm.dll+0x7e9877]
V  [jvm.dll+0x7e3c3a]
V  [jvm.dll+0x67be35]
C  [ucrtbase.dll+0x21bb2]
C  [KERNEL32.DLL+0x17344]
C  [ntdll.dll+0x526b1]


---------------  P R O C E S S  ---------------

Threads class SMR info:
_java_thread_list=0x000001a1780ffd80, length=23, elements={
0x000001a15e768770, 0x000001a15e82a090, 0x000001a15e82dd60, 0x000001a1725d3270,
0x000001a1725d40f0, 0x000001a1725d4f70, 0x000001a1725d8a50, 0x000001a1725d97f0,
0x000001a1777788a0, 0x000001a1777a51c0, 0x000001a15e7cda80, 0x000001a177b5e760,
0x000001a177f8b7f0, 0x000001a178554700, 0x000001a177a73a50, 0x000001a1784b8890,
0x000001a177b58440, 0x000001a17884d620, 0x000001a1787e64e0, 0x000001a1787e6f00,
0x000001a1787e69f0, 0x000001a178246600, 0x000001a1787e55b0
}

Java Threads: ( => current thread )
  0x000001a15e768770 JavaThread "main" [_thread_blocked, id=4880, stack(0x0000003202b00000,0x0000003202c00000)]
  0x000001a15e82a090 JavaThread "Reference Handler" daemon [_thread_blocked, id=14228, stack(0x0000003202e00000,0x0000003202f00000)]
  0x000001a15e82dd60 JavaThread "Finalizer" daemon [_thread_blocked, id=16144, stack(0x0000003202f00000,0x0000003203000000)]
  0x000001a1725d3270 JavaThread "Signal Dispatcher" daemon [_thread_blocked, id=13956, stack(0x0000003203100000,0x0000003203200000)]
  0x000001a1725d40f0 JavaThread "Attach Listener" daemon [_thread_blocked, id=11224, stack(0x0000003203200000,0x0000003203300000)]
  0x000001a1725d4f70 JavaThread "Service Thread" daemon [_thread_blocked, id=10000, stack(0x0000003203300000,0x0000003203400000)]
  0x000001a1725d8a50 JavaThread "Monitor Deflation Thread" daemon [_thread_blocked, id=15040, stack(0x0000003203400000,0x0000003203500000)]
=>0x000001a1725d97f0 JavaThread "C2 CompilerThread0" daemon [_thread_in_native, id=14804, stack(0x0000003203500000,0x0000003203600000)]
  0x000001a1777788a0 JavaThread "C1 CompilerThread0" daemon [_thread_blocked, id=9164, stack(0x0000003203600000,0x0000003203700000)]
  0x000001a1777a51c0 JavaThread "Sweeper thread" daemon [_thread_blocked, id=7064, stack(0x0000003203700000,0x0000003203800000)]
  0x000001a15e7cda80 JavaThread "Common-Cleaner" daemon [_thread_blocked, id=10308, stack(0x0000003203800000,0x0000003203900000)]
  0x000001a177b5e760 JavaThread "Notification Thread" daemon [_thread_blocked, id=9776, stack(0x0000003203900000,0x0000003203a00000)]
  0x000001a177f8b7f0 JavaThread "Active Thread: Equinox Container: a8df277f-c0de-47a4-8402-a057d40cbfa9" [_thread_blocked, id=1728, stack(0x0000003203f00000,0x0000003204000000)]
  0x000001a178554700 JavaThread "Framework Event Dispatcher: Equinox Container: a8df277f-c0de-47a4-8402-a057d40cbfa9" daemon [_thread_blocked, id=3836, stack(0x0000003203e00000,0x0000003203f00000)]
  0x000001a177a73a50 JavaThread "Start Level: Equinox Container: a8df277f-c0de-47a4-8402-a057d40cbfa9" daemon [_thread_in_vm, id=1656, stack(0x0000003204000000,0x0000003204100000)]
  0x000001a1784b8890 JavaThread "Bundle File Closer" daemon [_thread_blocked, id=5536, stack(0x0000003204100000,0x0000003204200000)]
  0x000001a177b58440 JavaThread "SCR Component Actor" daemon [_thread_blocked, id=3704, stack(0x0000003204200000,0x0000003204300000)]
  0x000001a17884d620 JavaThread "SCR Component Registry" daemon [_thread_blocked, id=4020, stack(0x0000003204300000,0x0000003204400000)]
  0x000001a1787e64e0 JavaThread "Worker-JM" [_thread_blocked, id=7424, stack(0x0000003204400000,0x0000003204500000)]
  0x000001a1787e6f00 JavaThread "Worker-0" [_thread_blocked, id=6492, stack(0x0000003204500000,0x0000003204600000)]
  0x000001a1787e69f0 JavaThread "Worker-1" [_thread_blocked, id=6944, stack(0x0000003204600000,0x0000003204700000)]
  0x000001a178246600 JavaThread "C2 CompilerThread1" daemon [_thread_in_native, id=10484, stack(0x0000003204700000,0x0000003204800000)]
  0x000001a1787e55b0 JavaThread "Java indexing" daemon [_thread_blocked, id=2564, stack(0x0000003204800000,0x0000003204900000)]

Other Threads:
  0x000001a15e827a60 VMThread "VM Thread" [stack: 0x0000003202d00000,0x0000003202e00000] [id=3616]
  0x000001a177b5ec40 WatcherThread [stack: 0x0000003203a00000,0x0000003203b00000] [id=16236]
  0x000001a15e778160 GCTaskThread "GC Thread#0" [stack: 0x0000003202c00000,0x0000003202d00000] [id=7300]
  0x000001a177e64a50 GCTaskThread "GC Thread#1" [stack: 0x0000003203b00000,0x0000003203c00000] [id=11172]
  0x000001a177e64f20 GCTaskThread "GC Thread#2" [stack: 0x0000003203c00000,0x0000003203d00000] [id=692]
  0x000001a177e651e0 GCTaskThread "GC Thread#3" [stack: 0x0000003203d00000,0x0000003203e00000] [id=13884]

Threads with active compile tasks:
C2 CompilerThread0    20189 3400       4       org.lombokweb.asm.ClassReader::readMethod (1066 bytes)
C2 CompilerThread1    20189 3405       4       org.lombokweb.asm.ClassWriter::visitMethod (57 bytes)

VM state: not at safepoint (normal execution)

VM Mutex/Monitor currently owned by a thread: None

Heap address: 0x00000000c0000000, size: 1024 MB, Compressed Oops mode: 32-bit

CDS archive(s) not mapped
Compressed class space mapped at: 0x0000000100000000-0x0000000140000000, reserved size: 1073741824
Narrow klass base: 0x0000000000000000, Narrow klass shift: 3, Narrow klass range: 0x140000000

GC Precious Log:
 CPUs: 4 total, 4 available
 Memory: 12163M
 Large Page Support: Disabled
 NUMA Support: Disabled
 Compressed Oops: Enabled (32-bit)
 Alignments: Space 512K, Generation 512K, Heap 2M
 Heap Min Capacity: 100M
 Heap Initial Capacity: 100M
 Heap Max Capacity: 1G
 Pre-touch: Disabled
 Parallel Workers: 4

Heap:
 PSYoungGen      total 25600K, used 3580K [0x00000000eab00000, 0x00000000eca00000, 0x0000000100000000)
  eden space 22528K, 2% used [0x00000000eab00000,0x00000000eab81a48,0x00000000ec100000)
  from space 3072K, 99% used [0x00000000ec580000,0x00000000ec87d840,0x00000000ec880000)
  to   space 4608K, 0% used [0x00000000ec100000,0x00000000ec100000,0x00000000ec580000)
 ParOldGen       total 68608K, used 12219K [0x00000000c0000000, 0x00000000c4300000, 0x00000000eab00000)
  object space 68608K, 17% used [0x00000000c0000000,0x00000000c0beec78,0x00000000c4300000)
 Metaspace       used 32638K, committed 33280K, reserved 1114112K
  class space    used 3180K, committed 3456K, reserved 1048576K

Card table byte_map: [0x000001a15e110000,0x000001a15e320000] _byte_map_base: 0x000001a15db10000

Marking Bits: (ParMarkBitMap*) 0x00007ff8cc2fd0b0
 Begin Bits: [0x000001a170410000, 0x000001a171410000)
 End Bits:   [0x000001a171410000, 0x000001a172410000)

Polling page: 0x000001a15c740000

Metaspace:

Usage:
  Non-class:     28.77 MB used.
      Class:      3.11 MB used.
       Both:     31.87 MB used.

Virtual space:
  Non-class space:       64.00 MB reserved,      29.12 MB ( 46%) committed,  1 nodes.
      Class space:        1.00 GB reserved,       3.38 MB ( <1%) committed,  1 nodes.
             Both:        1.06 GB reserved,      32.50 MB (  3%) committed. 

Chunk freelists:
   Non-Class:  1.97 MB
       Class:  12.57 MB
        Both:  14.54 MB

MaxMetaspaceSize: unlimited
CompressedClassSpaceSize: 1.00 GB
Initial GC threshold: 21.00 MB
Current GC threshold: 35.00 MB
CDS: off
MetaspaceReclaimPolicy: balanced
 - commit_granule_bytes: 65536.
 - commit_granule_words: 8192.
 - virtual_space_node_default_size: 8388608.
 - enlarge_chunks_in_place: 1.
 - new_chunks_are_fully_committed: 0.
 - uncommit_free_chunks: 1.
 - use_allocation_guard: 0.
 - handle_deallocations: 1.


Internal statistics:

num_allocs_failed_limit: 3.
num_arena_births: 342.
num_arena_deaths: 14.
num_vsnodes_births: 2.
num_vsnodes_deaths: 0.
num_space_committed: 520.
num_space_uncommitted: 0.
num_chunks_returned_to_freelist: 17.
num_chunks_taken_from_freelist: 1298.
num_chunk_merges: 7.
num_chunk_splits: 862.
num_chunks_enlarged: 610.
num_inconsistent_stats: 0.

CodeHeap 'non-profiled nmethods': size=120000Kb used=1378Kb max_used=1378Kb free=118622Kb
 bounds [0x000001a168ee0000, 0x000001a169150000, 0x000001a170410000]
CodeHeap 'profiled nmethods': size=120000Kb used=7440Kb max_used=7440Kb free=112559Kb
 bounds [0x000001a161410000, 0x000001a161b60000, 0x000001a168940000]
CodeHeap 'non-nmethods': size=5760Kb used=1247Kb max_used=1265Kb free=4512Kb
 bounds [0x000001a168940000, 0x000001a168bb0000, 0x000001a168ee0000]
 total_blobs=4043 nmethods=3476 adapters=480
 compilation: enabled
              stopped_count=0, restarted_count=0
 full_count=0

Compilation events (20 events):
Event: 20.068 Thread 0x000001a1777788a0 3468       3       java.lang.invoke.Invokers::checkExactType (17 bytes)
Event: 20.069 Thread 0x000001a1777788a0 nmethod 3468 0x000001a161b50110 code [0x000001a161b502c0, 0x000001a161b504c8]
Event: 20.097 Thread 0x000001a1777788a0 3470       3       java.util.Optional::orElseGet (21 bytes)
Event: 20.097 Thread 0x000001a1777788a0 nmethod 3470 0x000001a161b50610 code [0x000001a161b507c0, 0x000001a161b509e8]
Event: 20.098 Thread 0x000001a1777788a0 3471       3       java.lang.Class::newReflectionData (66 bytes)
Event: 20.099 Thread 0x000001a1777788a0 nmethod 3471 0x000001a161b50a90 code [0x000001a161b50ca0, 0x000001a161b514f8]
Event: 20.107 Thread 0x000001a1777788a0 3472       3       org.eclipse.core.internal.registry.Handle::<init> (15 bytes)
Event: 20.107 Thread 0x000001a1777788a0 nmethod 3472 0x000001a161b51810 code [0x000001a161b519a0, 0x000001a161b51b18]
Event: 20.107 Thread 0x000001a1777788a0 3473       3       org.eclipse.core.internal.registry.ConfigurationElementHandle::<init> (7 bytes)
Event: 20.108 Thread 0x000001a1777788a0 nmethod 3473 0x000001a161b51c10 code [0x000001a161b51dc0, 0x000001a161b51f98]
Event: 20.113 Thread 0x000001a1777788a0 3475       3       java.lang.Character::toUpperCase (6 bytes)
Event: 20.113 Thread 0x000001a1777788a0 nmethod 3475 0x000001a161b52090 code [0x000001a161b52240, 0x000001a161b52498]
Event: 20.113 Thread 0x000001a1777788a0 3476       3       java.lang.Character::toUpperCase (9 bytes)
Event: 20.113 Thread 0x000001a1777788a0 nmethod 3476 0x000001a161b52590 code [0x000001a161b52740, 0x000001a161b52938]
Event: 20.113 Thread 0x000001a1777788a0 3477       3       java.lang.ProcessEnvironment$NameComparator::compare (13 bytes)
Event: 20.114 Thread 0x000001a1777788a0 nmethod 3477 0x000001a161b52a10 code [0x000001a161b52bc0, 0x000001a161b52ec8]
Event: 20.127 Thread 0x000001a1777788a0 3478   !   3       jdk.internal.ref.PhantomCleanable::isListEmpty (34 bytes)
Event: 20.128 Thread 0x000001a1777788a0 nmethod 3478 0x000001a161b52f90 code [0x000001a161b53120, 0x000001a161b53378]
Event: 20.128 Thread 0x000001a1777788a0 3479       3       jdk.internal.misc.InnocuousThread::eraseThreadLocals (23 bytes)
Event: 20.128 Thread 0x000001a1777788a0 nmethod 3479 0x000001a161b53490 code [0x000001a161b53620, 0x000001a161b53778]

GC Heap History (18 events):
Event: 1.675 GC heap before
{Heap before GC invocations=1 (full 0):
 PSYoungGen      total 29696K, used 25600K [0x00000000eab00000, 0x00000000ecc00000, 0x0000000100000000)
  eden space 25600K, 100% used [0x00000000eab00000,0x00000000ec400000,0x00000000ec400000)
  from space 4096K, 0% used [0x00000000ec800000,0x00000000ec800000,0x00000000ecc00000)
  to   space 4096K, 0% used [0x00000000ec400000,0x00000000ec400000,0x00000000ec800000)
 ParOldGen       total 68608K, used 0K [0x00000000c0000000, 0x00000000c4300000, 0x00000000eab00000)
  object space 68608K, 0% used [0x00000000c0000000,0x00000000c0000000,0x00000000c4300000)
 Metaspace       used 11025K, committed 11200K, reserved 1114112K
  class space    used 1098K, committed 1216K, reserved 1048576K
}
Event: 1.683 GC heap after
{Heap after GC invocations=1 (full 0):
 PSYoungGen      total 29696K, used 3171K [0x00000000eab00000, 0x00000000ecc00000, 0x0000000100000000)
  eden space 25600K, 0% used [0x00000000eab00000,0x00000000eab00000,0x00000000ec400000)
  from space 4096K, 77% used [0x00000000ec400000,0x00000000ec718c28,0x00000000ec800000)
  to   space 4096K, 0% used [0x00000000ec800000,0x00000000ec800000,0x00000000ecc00000)
 ParOldGen       total 68608K, used 16K [0x00000000c0000000, 0x00000000c4300000, 0x00000000eab00000)
  object space 68608K, 0% used [0x00000000c0000000,0x00000000c0004000,0x00000000c4300000)
 Metaspace       used 11025K, committed 11200K, reserved 1114112K
  class space    used 1098K, committed 1216K, reserved 1048576K
}
Event: 6.454 GC heap before
{Heap before GC invocations=2 (full 0):
 PSYoungGen      total 29696K, used 28771K [0x00000000eab00000, 0x00000000ecc00000, 0x0000000100000000)
  eden space 25600K, 100% used [0x00000000eab00000,0x00000000ec400000,0x00000000ec400000)
  from space 4096K, 77% used [0x00000000ec400000,0x00000000ec718c28,0x00000000ec800000)
  to   space 4096K, 0% used [0x00000000ec800000,0x00000000ec800000,0x00000000ecc00000)
 ParOldGen       total 68608K, used 16K [0x00000000c0000000, 0x00000000c4300000, 0x00000000eab00000)
  object space 68608K, 0% used [0x00000000c0000000,0x00000000c0004000,0x00000000c4300000)
 Metaspace       used 14657K, committed 14912K, reserved 1114112K
  class space    used 1471K, committed 1600K, reserved 1048576K
}
Event: 6.461 GC heap after
{Heap after GC invocations=2 (full 0):
 PSYoungGen      total 29696K, used 4072K [0x00000000eab00000, 0x00000000ecc00000, 0x0000000100000000)
  eden space 25600K, 0% used [0x00000000eab00000,0x00000000eab00000,0x00000000ec400000)
  from space 4096K, 99% used [0x00000000ec800000,0x00000000ecbfa038,0x00000000ecc00000)
  to   space 4096K, 0% used [0x00000000ec400000,0x00000000ec400000,0x00000000ec800000)
 ParOldGen       total 68608K, used 1458K [0x00000000c0000000, 0x00000000c4300000, 0x00000000eab00000)
  object space 68608K, 2% used [0x00000000c0000000,0x00000000c016cb80,0x00000000c4300000)
 Metaspace       used 14657K, committed 14912K, reserved 1114112K
  class space    used 1471K, committed 1600K, reserved 1048576K
}
Event: 16.193 GC heap before
{Heap before GC invocations=3 (full 0):
 PSYoungGen      total 29696K, used 29672K [0x00000000eab00000, 0x00000000ecc00000, 0x0000000100000000)
  eden space 25600K, 100% used [0x00000000eab00000,0x00000000ec400000,0x00000000ec400000)
  from space 4096K, 99% used [0x00000000ec800000,0x00000000ecbfa038,0x00000000ecc00000)
  to   space 4096K, 0% used [0x00000000ec400000,0x00000000ec400000,0x00000000ec800000)
 ParOldGen       total 68608K, used 1458K [0x00000000c0000000, 0x00000000c4300000, 0x00000000eab00000)
  object space 68608K, 2% used [0x00000000c0000000,0x00000000c016cb80,0x00000000c4300000)
 Metaspace       used 16995K, committed 17280K, reserved 1114112K
  class space    used 1719K, committed 1856K, reserved 1048576K
}
Event: 16.201 GC heap after
{Heap after GC invocations=3 (full 0):
 PSYoungGen      total 29696K, used 4081K [0x00000000eab00000, 0x00000000ecc00000, 0x0000000100000000)
  eden space 25600K, 0% used [0x00000000eab00000,0x00000000eab00000,0x00000000ec400000)
  from space 4096K, 99% used [0x00000000ec400000,0x00000000ec7fc5e0,0x00000000ec800000)
  to   space 4096K, 0% used [0x00000000ec800000,0x00000000ec800000,0x00000000ecc00000)
 ParOldGen       total 68608K, used 5217K [0x00000000c0000000, 0x00000000c4300000, 0x00000000eab00000)
  object space 68608K, 7% used [0x00000000c0000000,0x00000000c05185e0,0x00000000c4300000)
 Metaspace       used 16995K, committed 17280K, reserved 1114112K
  class space    used 1719K, committed 1856K, reserved 1048576K
}
Event: 16.775 GC heap before
{Heap before GC invocations=4 (full 0):
 PSYoungGen      total 29696K, used 28599K [0x00000000eab00000, 0x00000000ecc00000, 0x0000000100000000)
  eden space 25600K, 95% used [0x00000000eab00000,0x00000000ec2f1720,0x00000000ec400000)
  from space 4096K, 99% used [0x00000000ec400000,0x00000000ec7fc5e0,0x00000000ec800000)
  to   space 4096K, 0% used [0x00000000ec800000,0x00000000ec800000,0x00000000ecc00000)
 ParOldGen       total 68608K, used 5217K [0x00000000c0000000, 0x00000000c4300000, 0x00000000eab00000)
  object space 68608K, 7% used [0x00000000c0000000,0x00000000c05185e0,0x00000000c4300000)
 Metaspace       used 21080K, committed 21504K, reserved 1114112K
  class space    used 2129K, committed 2304K, reserved 1048576K
}
Event: 16.780 GC heap after
{Heap after GC invocations=4 (full 0):
 PSYoungGen      total 29696K, used 4080K [0x00000000eab00000, 0x00000000ecc00000, 0x0000000100000000)
  eden space 25600K, 0% used [0x00000000eab00000,0x00000000eab00000,0x00000000ec400000)
  from space 4096K, 99% used [0x00000000ec800000,0x00000000ecbfc298,0x00000000ecc00000)
  to   space 4096K, 0% used [0x00000000ec400000,0x00000000ec400000,0x00000000ec800000)
 ParOldGen       total 68608K, used 6518K [0x00000000c0000000, 0x00000000c4300000, 0x00000000eab00000)
  object space 68608K, 9% used [0x00000000c0000000,0x00000000c065db18,0x00000000c4300000)
 Metaspace       used 21080K, committed 21504K, reserved 1114112K
  class space    used 2129K, committed 2304K, reserved 1048576K
}
Event: 16.780 GC heap before
{Heap before GC invocations=5 (full 1):
 PSYoungGen      total 29696K, used 4080K [0x00000000eab00000, 0x00000000ecc00000, 0x0000000100000000)
  eden space 25600K, 0% used [0x00000000eab00000,0x00000000eab00000,0x00000000ec400000)
  from space 4096K, 99% used [0x00000000ec800000,0x00000000ecbfc298,0x00000000ecc00000)
  to   space 4096K, 0% used [0x00000000ec400000,0x00000000ec400000,0x00000000ec800000)
 ParOldGen       total 68608K, used 6518K [0x00000000c0000000, 0x00000000c4300000, 0x00000000eab00000)
  object space 68608K, 9% used [0x00000000c0000000,0x00000000c065db18,0x00000000c4300000)
 Metaspace       used 21080K, committed 21504K, reserved 1114112K
  class space    used 2129K, committed 2304K, reserved 1048576K
}
Event: 16.820 GC heap after
{Heap after GC invocations=5 (full 1):
 PSYoungGen      total 29696K, used 0K [0x00000000eab00000, 0x00000000ecc00000, 0x0000000100000000)
  eden space 25600K, 0% used [0x00000000eab00000,0x00000000eab00000,0x00000000ec400000)
  from space 4096K, 0% used [0x00000000ec800000,0x00000000ec800000,0x00000000ecc00000)
  to   space 4096K, 0% used [0x00000000ec400000,0x00000000ec400000,0x00000000ec800000)
 ParOldGen       total 68608K, used 10307K [0x00000000c0000000, 0x00000000c4300000, 0x00000000eab00000)
  object space 68608K, 15% used [0x00000000c0000000,0x00000000c0a10ed0,0x00000000c4300000)
 Metaspace       used 21067K, committed 21504K, reserved 1114112K
  class space    used 2126K, committed 2304K, reserved 1048576K
}
Event: 18.693 GC heap before
{Heap before GC invocations=6 (full 1):
 PSYoungGen      total 29696K, used 25600K [0x00000000eab00000, 0x00000000ecc00000, 0x0000000100000000)
  eden space 25600K, 100% used [0x00000000eab00000,0x00000000ec400000,0x00000000ec400000)
  from space 4096K, 0% used [0x00000000ec800000,0x00000000ec800000,0x00000000ecc00000)
  to   space 4096K, 0% used [0x00000000ec400000,0x00000000ec400000,0x00000000ec800000)
 ParOldGen       total 68608K, used 10307K [0x00000000c0000000, 0x00000000c4300000, 0x00000000eab00000)
  object space 68608K, 15% used [0x00000000c0000000,0x00000000c0a10ed0,0x00000000c4300000)
 Metaspace       used 24366K, committed 24960K, reserved 1114112K
  class space    used 2475K, committed 2752K, reserved 1048576K
}
Event: 18.697 GC heap after
{Heap after GC invocations=6 (full 1):
 PSYoungGen      total 26624K, used 1237K [0x00000000eab00000, 0x00000000ec980000, 0x0000000100000000)
  eden space 25088K, 0% used [0x00000000eab00000,0x00000000eab00000,0x00000000ec380000)
  from space 1536K, 80% used [0x00000000ec400000,0x00000000ec5355f0,0x00000000ec580000)
  to   space 3072K, 0% used [0x00000000ec680000,0x00000000ec680000,0x00000000ec980000)
 ParOldGen       total 68608K, used 10315K [0x00000000c0000000, 0x00000000c4300000, 0x00000000eab00000)
  object space 68608K, 15% used [0x00000000c0000000,0x00000000c0a12ed0,0x00000000c4300000)
 Metaspace       used 24366K, committed 24960K, reserved 1114112K
  class space    used 2475K, committed 2752K, reserved 1048576K
}
Event: 19.460 GC heap before
{Heap before GC invocations=7 (full 1):
 PSYoungGen      total 26624K, used 26325K [0x00000000eab00000, 0x00000000ec980000, 0x0000000100000000)
  eden space 25088K, 100% used [0x00000000eab00000,0x00000000ec380000,0x00000000ec380000)
  from space 1536K, 80% used [0x00000000ec400000,0x00000000ec5355f0,0x00000000ec580000)
  to   space 3072K, 0% used [0x00000000ec680000,0x00000000ec680000,0x00000000ec980000)
 ParOldGen       total 68608K, used 10315K [0x00000000c0000000, 0x00000000c4300000, 0x00000000eab00000)
  object space 68608K, 15% used [0x00000000c0000000,0x00000000c0a12ed0,0x00000000c4300000)
 Metaspace       used 27268K, committed 27904K, reserved 1114112K
  class space    used 2783K, committed 3008K, reserved 1048576K
}
Event: 19.462 GC heap after
{Heap after GC invocations=7 (full 1):
 PSYoungGen      total 26624K, used 3056K [0x00000000eab00000, 0x00000000ecc00000, 0x0000000100000000)
  eden space 23552K, 0% used [0x00000000eab00000,0x00000000eab00000,0x00000000ec200000)
  from space 3072K, 99% used [0x00000000ec680000,0x00000000ec97c1e8,0x00000000ec980000)
  to   space 4608K, 0% used [0x00000000ec200000,0x00000000ec200000,0x00000000ec680000)
 ParOldGen       total 68608K, used 11297K [0x00000000c0000000, 0x00000000c4300000, 0x00000000eab00000)
  object space 68608K, 16% used [0x00000000c0000000,0x00000000c0b08560,0x00000000c4300000)
 Metaspace       used 27268K, committed 27904K, reserved 1114112K
  class space    used 2783K, committed 3008K, reserved 1048576K
}
Event: 19.786 GC heap before
{Heap before GC invocations=8 (full 1):
 PSYoungGen      total 26624K, used 26368K [0x00000000eab00000, 0x00000000ecc00000, 0x0000000100000000)
  eden space 23552K, 98% used [0x00000000eab00000,0x00000000ec1c4128,0x00000000ec200000)
  from space 3072K, 99% used [0x00000000ec680000,0x00000000ec97c1e8,0x00000000ec980000)
  to   space 4608K, 0% used [0x00000000ec200000,0x00000000ec200000,0x00000000ec680000)
 ParOldGen       total 68608K, used 11297K [0x00000000c0000000, 0x00000000c4300000, 0x00000000eab00000)
  object space 68608K, 16% used [0x00000000c0000000,0x00000000c0b08560,0x00000000c4300000)
 Metaspace       used 30467K, committed 31104K, reserved 1114112K
  class space    used 3020K, committed 3264K, reserved 1048576K
}
Event: 19.788 GC heap after
{Heap after GC invocations=8 (full 1):
 PSYoungGen      total 26624K, used 3090K [0x00000000eab00000, 0x00000000ec880000, 0x0000000100000000)
  eden space 23040K, 0% used [0x00000000eab00000,0x00000000eab00000,0x00000000ec180000)
  from space 3584K, 86% used [0x00000000ec200000,0x00000000ec504ae8,0x00000000ec580000)
  to   space 3072K, 0% used [0x00000000ec580000,0x00000000ec580000,0x00000000ec880000)
 ParOldGen       total 68608K, used 11305K [0x00000000c0000000, 0x00000000c4300000, 0x00000000eab00000)
  object space 68608K, 16% used [0x00000000c0000000,0x00000000c0b0a560,0x00000000c4300000)
 Metaspace       used 30467K, committed 31104K, reserved 1114112K
  class space    used 3020K, committed 3264K, reserved 1048576K
}
Event: 20.122 GC heap before
{Heap before GC invocations=9 (full 1):
 PSYoungGen      total 26624K, used 26130K [0x00000000eab00000, 0x00000000ec880000, 0x0000000100000000)
  eden space 23040K, 100% used [0x00000000eab00000,0x00000000ec180000,0x00000000ec180000)
  from space 3584K, 86% used [0x00000000ec200000,0x00000000ec504ae8,0x00000000ec580000)
  to   space 3072K, 0% used [0x00000000ec580000,0x00000000ec580000,0x00000000ec880000)
 ParOldGen       total 68608K, used 11305K [0x00000000c0000000, 0x00000000c4300000, 0x00000000eab00000)
  object space 68608K, 16% used [0x00000000c0000000,0x00000000c0b0a560,0x00000000c4300000)
 Metaspace       used 32547K, committed 33152K, reserved 1114112K
  class space    used 3178K, committed 3456K, reserved 1048576K
}
Event: 20.127 GC heap after
{Heap after GC invocations=9 (full 1):
 PSYoungGen      total 25600K, used 3062K [0x00000000eab00000, 0x00000000eca00000, 0x0000000100000000)
  eden space 22528K, 0% used [0x00000000eab00000,0x00000000eab00000,0x00000000ec100000)
  from space 3072K, 99% used [0x00000000ec580000,0x00000000ec87d840,0x00000000ec880000)
  to   space 4608K, 0% used [0x00000000ec100000,0x00000000ec100000,0x00000000ec580000)
 ParOldGen       total 68608K, used 12219K [0x00000000c0000000, 0x00000000c4300000, 0x00000000eab00000)
  object space 68608K, 17% used [0x00000000c0000000,0x00000000c0beec78,0x00000000c4300000)
 Metaspace       used 32547K, committed 33152K, reserved 1114112K
  class space    used 3178K, committed 3456K, reserved 1048576K
}

Dll operation events (9 events):
Event: 0.014 Loaded shared library c:\Users\abdelkader\.vscode\extensions\redhat.java-1.25.1-win32-x64\jre\17.0.9-win32-x86_64\bin\java.dll
Event: 0.281 Loaded shared library c:\Users\abdelkader\.vscode\extensions\redhat.java-1.25.1-win32-x64\jre\17.0.9-win32-x86_64\bin\zip.dll
Event: 0.286 Loaded shared library C:\Users\abdelkader\.vscode\extensions\redhat.java-1.25.1-win32-x64\jre\17.0.9-win32-x86_64\bin\instrument.dll
Event: 0.307 Loaded shared library C:\Users\abdelkader\.vscode\extensions\redhat.java-1.25.1-win32-x64\jre\17.0.9-win32-x86_64\bin\net.dll
Event: 0.312 Loaded shared library C:\Users\abdelkader\.vscode\extensions\redhat.java-1.25.1-win32-x64\jre\17.0.9-win32-x86_64\bin\nio.dll
Event: 0.324 Loaded shared library C:\Users\abdelkader\.vscode\extensions\redhat.java-1.25.1-win32-x64\jre\17.0.9-win32-x86_64\bin\zip.dll
Event: 0.360 Loaded shared library C:\Users\abdelkader\.vscode\extensions\redhat.java-1.25.1-win32-x64\jre\17.0.9-win32-x86_64\bin\jimage.dll
Event: 0.483 Loaded shared library c:\Users\abdelkader\.vscode\extensions\redhat.java-1.25.1-win32-x64\jre\17.0.9-win32-x86_64\bin\verify.dll
Event: 6.317 Loaded shared library C:\Users\abdelkader\AppData\Roaming\Code\User\globalStorage\redhat.java\1.25.1\config_win\org.eclipse.equinox.launcher\org.eclipse.equinox.launcher.win32.win32.x86_64_1.2.800.v20231003-1442\eclipse_11802.dll

Deoptimization events (20 events):
Event: 19.319 Thread 0x000001a177a73a50 Uncommon trap: trap_request=0xffffff45 fr.pc=0x000001a168fe0d38 relative=0x0000000000000038
Event: 19.319 Thread 0x000001a177a73a50 Uncommon trap: reason=unstable_if action=reinterpret pc=0x000001a168fe0d38 method=java.util.concurrent.locks.AbstractQueuedSynchronizer.signalNext(Ljava/util/concurrent/locks/AbstractQueuedSynchronizer$Node;)V @ 10 c2
Event: 19.319 Thread 0x000001a177a73a50 DEOPT PACKING pc=0x000001a168fe0d38 sp=0x00000032040fa670
Event: 19.319 Thread 0x000001a177a73a50 DEOPT UNPACKING pc=0x000001a1689966a3 sp=0x00000032040fa5f0 mode 2
Event: 20.111 Thread 0x000001a177a73a50 Uncommon trap: trap_request=0xffffffc6 fr.pc=0x000001a168f7301c relative=0x00000000000009dc
Event: 20.111 Thread 0x000001a177a73a50 Uncommon trap: reason=bimorphic_or_optimized_type_check action=maybe_recompile pc=0x000001a168f7301c method=java.util.HashMap.putVal(ILjava/lang/Object;Ljava/lang/Object;ZZ)Ljava/lang/Object; @ 56 c2
Event: 20.111 Thread 0x000001a177a73a50 DEOPT PACKING pc=0x000001a168f7301c sp=0x00000032040fddd0
Event: 20.111 Thread 0x000001a177a73a50 DEOPT UNPACKING pc=0x000001a1689966a3 sp=0x00000032040fdcd0 mode 2
Event: 20.111 Thread 0x000001a177a73a50 Uncommon trap: trap_request=0xffffffc6 fr.pc=0x000001a168f7301c relative=0x00000000000009dc
Event: 20.111 Thread 0x000001a177a73a50 Uncommon trap: reason=bimorphic_or_optimized_type_check action=maybe_recompile pc=0x000001a168f7301c method=java.util.HashMap.putVal(ILjava/lang/Object;Ljava/lang/Object;ZZ)Ljava/lang/Object; @ 56 c2
Event: 20.111 Thread 0x000001a177a73a50 DEOPT PACKING pc=0x000001a168f7301c sp=0x00000032040fddd0
Event: 20.111 Thread 0x000001a177a73a50 DEOPT UNPACKING pc=0x000001a1689966a3 sp=0x00000032040fdcd0 mode 2
Event: 20.111 Thread 0x000001a177a73a50 Uncommon trap: trap_request=0xffffffc6 fr.pc=0x000001a168f7301c relative=0x00000000000009dc
Event: 20.111 Thread 0x000001a177a73a50 Uncommon trap: reason=bimorphic_or_optimized_type_check action=maybe_recompile pc=0x000001a168f7301c method=java.util.HashMap.putVal(ILjava/lang/Object;Ljava/lang/Object;ZZ)Ljava/lang/Object; @ 56 c2
Event: 20.111 Thread 0x000001a177a73a50 DEOPT PACKING pc=0x000001a168f7301c sp=0x00000032040fddd0
Event: 20.111 Thread 0x000001a177a73a50 DEOPT UNPACKING pc=0x000001a1689966a3 sp=0x00000032040fdcd0 mode 2
Event: 20.111 Thread 0x000001a177a73a50 Uncommon trap: trap_request=0xffffffc6 fr.pc=0x000001a168f7301c relative=0x00000000000009dc
Event: 20.111 Thread 0x000001a177a73a50 Uncommon trap: reason=bimorphic_or_optimized_type_check action=maybe_recompile pc=0x000001a168f7301c method=java.util.HashMap.putVal(ILjava/lang/Object;Ljava/lang/Object;ZZ)Ljava/lang/Object; @ 56 c2
Event: 20.111 Thread 0x000001a177a73a50 DEOPT PACKING pc=0x000001a168f7301c sp=0x00000032040fddd0
Event: 20.111 Thread 0x000001a177a73a50 DEOPT UNPACKING pc=0x000001a1689966a3 sp=0x00000032040fdcd0 mode 2

Classes unloaded (7 events):
Event: 16.788 Thread 0x000001a15e827a60 Unloading class 0x0000000100250000 'java/lang/invoke/LambdaForm$MH+0x0000000100250000'
Event: 16.788 Thread 0x000001a15e827a60 Unloading class 0x000000010024fc00 'java/lang/invoke/LambdaForm$MH+0x000000010024fc00'
Event: 16.788 Thread 0x000001a15e827a60 Unloading class 0x000000010024f800 'java/lang/invoke/LambdaForm$MH+0x000000010024f800'
Event: 16.788 Thread 0x000001a15e827a60 Unloading class 0x000000010024f400 'java/lang/invoke/LambdaForm$MH+0x000000010024f400'
Event: 16.788 Thread 0x000001a15e827a60 Unloading class 0x000000010024f000 'java/lang/invoke/LambdaForm$BMH+0x000000010024f000'
Event: 16.788 Thread 0x000001a15e827a60 Unloading class 0x000000010024ec00 'java/lang/invoke/LambdaForm$DMH+0x000000010024ec00'
Event: 16.788 Thread 0x000001a15e827a60 Unloading class 0x000000010024c000 'java/lang/invoke/LambdaForm$DMH+0x000000010024c000'

Classes redefined (0 events):
No events

Internal exceptions (20 events):
Event: 16.704 Thread 0x000001a177a73a50 Exception <a 'java/lang/NoSuchMethodError'{0x00000000ec01caf8}: 'java.lang.Object java.lang.invoke.Invokers$Holder.invokeExact_MT(java.lang.Object, java.lang.Object, java.lang.Object, java.lang.Object)'> (0x00000000ec01caf8) 
thrown [s\src\hotspot\share\interpreter\linkResolver.cpp, line 759]
Event: 16.772 Thread 0x000001a177a73a50 Exception <a 'java/io/FileNotFoundException'{0x00000000ec2b8228}> (0x00000000ec2b8228) 
thrown [s\src\hotspot\share\prims\jni.cpp, line 516]
Event: 16.929 Thread 0x000001a177a73a50 Exception <a 'java/lang/NoSuchMethodError'{0x00000000eadfe8f8}: 'java.lang.Object java.lang.invoke.DirectMethodHandle$Holder.newInvokeSpecial(java.lang.Object, java.lang.Object, java.lang.Object, java.lang.Object, java.lang.Object)'> (0x00000000eadfe8f8) 
thrown [s\src\hotspot\share\interpreter\linkResolver.cpp, line 759]
Event: 17.123 Thread 0x000001a177a73a50 Exception <a 'java/lang/NoSuchMethodError'{0x00000000eb1edd48}: 'java.lang.Object java.lang.invoke.DirectMethodHandle$Holder.invokeSpecial(java.lang.Object, java.lang.Object, java.lang.Object, long, java.lang.Object)'> (0x00000000eb1edd48) 
thrown [s\src\hotspot\share\interpreter\linkResolver.cpp, line 759]
Event: 17.124 Thread 0x000001a177a73a50 Exception <a 'java/lang/NoSuchMethodError'{0x00000000eb1f5f00}: 'java.lang.Object java.lang.invoke.DirectMethodHandle$Holder.newInvokeSpecial(java.lang.Object, java.lang.Object, java.lang.Object, long)'> (0x00000000eb1f5f00) 
thrown [s\src\hotspot\share\interpreter\linkResolver.cpp, line 759]
Event: 17.129 Thread 0x000001a177a73a50 Exception <a 'java/lang/NoSuchMethodError'{0x00000000eb1fa4a0}: 'java.lang.Object java.lang.invoke.DirectMethodHandle$Holder.invokeSpecial(java.lang.Object, java.lang.Object, java.lang.Object, java.lang.Object, long)'> (0x00000000eb1fa4a0) 
thrown [s\src\hotspot\share\interpreter\linkResolver.cpp, line 759]
Event: 17.131 Thread 0x000001a177a73a50 Exception <a 'java/lang/NoSuchMethodError'{0x00000000eb1fe318}: 'java.lang.Object java.lang.invoke.Invokers$Holder.linkToTargetMethod(java.lang.Object, java.lang.Object, long, java.lang.Object)'> (0x00000000eb1fe318) 
thrown [s\src\hotspot\share\interpreter\linkResolver.cpp, line 759]
Event: 17.147 Thread 0x000001a177a73a50 Exception <a 'java/lang/NoSuchMethodError'{0x00000000eb27daa8}: 'int java.lang.invoke.DirectMethodHandle$Holder.invokeStaticInit(java.lang.Object, java.lang.Object, java.lang.Object)'> (0x00000000eb27daa8) 
thrown [s\src\hotspot\share\interpreter\linkResolver.cpp, line 759]
Event: 17.159 Thread 0x000001a177a73a50 Exception <a 'java/lang/IncompatibleClassChangeError'{0x00000000eb2f6778}: Found class java.lang.Object, but interface was expected> (0x00000000eb2f6778) 
thrown [s\src\hotspot\share\interpreter\linkResolver.cpp, line 826]
Event: 17.164 Thread 0x000001a177a73a50 Exception <a 'java/lang/NoSuchMethodError'{0x00000000eb3095b8}: 'java.lang.Object java.lang.invoke.DirectMethodHandle$Holder.invokeSpecial(java.lang.Object, java.lang.Object, java.lang.Object, int, java.lang.Object, java.lang.Object)'> (0x00000000eb3095b8) 
thrown [s\src\hotspot\share\interpreter\linkResolver.cpp, line 759]
Event: 17.165 Thread 0x000001a177a73a50 Exception <a 'java/lang/NoSuchMethodError'{0x00000000eb311cb0}: 'java.lang.Object java.lang.invoke.DirectMethodHandle$Holder.newInvokeSpecial(java.lang.Object, java.lang.Object, java.lang.Object, int, java.lang.Object)'> (0x00000000eb311cb0) 
thrown [s\src\hotspot\share\interpreter\linkResolver.cpp, line 759]
Event: 17.167 Thread 0x000001a177a73a50 Exception <a 'java/lang/NoSuchMethodError'{0x00000000eb316380}: 'java.lang.Object java.lang.invoke.DirectMethodHandle$Holder.invokeSpecial(java.lang.Object, java.lang.Object, java.lang.Object, java.lang.Object, int, java.lang.Object)'> (0x00000000eb316380) 
thrown [s\src\hotspot\share\interpreter\linkResolver.cpp, line 759]
Event: 17.170 Thread 0x000001a1787e6f00 Exception <a 'java/lang/NoSuchMethodError'{0x00000000eb264748}: 'java.lang.Object java.lang.invoke.DirectMethodHandle$Holder.invokeSpecial(java.lang.Object, java.lang.Object, int, java.lang.Object, java.lang.Object)'> (0x00000000eb264748) 
thrown [s\src\hotspot\share\interpreter\linkResolver.cpp, line 759]
Event: 18.058 Thread 0x000001a177a73a50 Exception <a 'java/lang/NoSuchMethodError'{0x00000000ec04cef0}: 'java.lang.Object java.lang.invoke.Invokers$Holder.linkToTargetMethod(java.lang.Object, long, java.lang.Object, java.lang.Object)'> (0x00000000ec04cef0) 
thrown [s\src\hotspot\share\interpreter\linkResolver.cpp, line 759]
Event: 18.772 Thread 0x000001a177a73a50 Exception <a 'java/io/FileNotFoundException'{0x00000000eaea0db0}> (0x00000000eaea0db0) 
thrown [s\src\hotspot\share\prims\jni.cpp, line 516]
Event: 19.021 Thread 0x000001a177a73a50 Exception <a 'java/lang/NoSuchMethodError'{0x00000000eb651318}: 'void java.lang.invoke.DirectMethodHandle$Holder.invokeSpecial(java.lang.Object, java.lang.Object, java.lang.Object, int)'> (0x00000000eb651318) 
thrown [s\src\hotspot\share\interpreter\linkResolver.cpp, line 759]
Event: 20.000 Thread 0x000001a177a73a50 Exception <a 'java/lang/ClassNotFoundException'{0x00000000ebe55b60}: com/sun/org/apache/xerces/internal/impl/msg/spi/DOMMessagesProvider> (0x00000000ebe55b60) 
thrown [s\src\hotspot\share\classfile\systemDictionary.cpp, line 256]
Event: 20.004 Thread 0x000001a177a73a50 Exception <a 'java/lang/ClassNotFoundException'{0x00000000ebe67298}: com/sun/org/apache/xerces/internal/impl/msg/spi/XMLSerializerMessagesProvider> (0x00000000ebe67298) 
thrown [s\src\hotspot\share\classfile\systemDictionary.cpp, line 256]
Event: 20.006 Thread 0x000001a177a73a50 Exception <a 'java/lang/ClassNotFoundException'{0x00000000ebe74570}: com/sun/org/apache/xerces/internal/impl/msg/spi/XMLMessagesProvider> (0x00000000ebe74570) 
thrown [s\src\hotspot\share\classfile\systemDictionary.cpp, line 256]
Event: 20.062 Thread 0x000001a177a73a50 Exception <a 'java/lang/NoSuchMethodError'{0x00000000ebf2a2f0}: 'void java.lang.invoke.DirectMethodHandle$Holder.invokeVirtual(java.lang.Object, java.lang.Object)'> (0x00000000ebf2a2f0) 
thrown [s\src\hotspot\share\interpreter\linkResolver.cpp, line 759]

VM Operations (20 events):
Event: 17.628 Executing VM operation: HandshakeAllThreads
Event: 17.629 Executing VM operation: HandshakeAllThreads done
Event: 17.842 Executing VM operation: HandshakeAllThreads
Event: 17.842 Executing VM operation: HandshakeAllThreads done
Event: 17.842 Executing VM operation: Cleanup
Event: 17.843 Executing VM operation: Cleanup done
Event: 18.693 Executing VM operation: ParallelGCFailedAllocation
Event: 18.697 Executing VM operation: ParallelGCFailedAllocation done
Event: 18.899 Executing VM operation: HandshakeAllThreads
Event: 18.899 Executing VM operation: HandshakeAllThreads done
Event: 19.459 Executing VM operation: ParallelGCFailedAllocation
Event: 19.462 Executing VM operation: ParallelGCFailedAllocation done
Event: 19.785 Executing VM operation: ParallelGCFailedAllocation
Event: 19.788 Executing VM operation: ParallelGCFailedAllocation done
Event: 20.110 Executing VM operation: HandshakeAllThreads
Event: 20.110 Executing VM operation: HandshakeAllThreads done
Event: 20.110 Executing VM operation: HandshakeAllThreads
Event: 20.110 Executing VM operation: HandshakeAllThreads done
Event: 20.122 Executing VM operation: ParallelGCFailedAllocation
Event: 20.127 Executing VM operation: ParallelGCFailedAllocation done

Events (20 events):
Event: 20.093 loading class java/net/SocketAddress done
Event: 20.093 loading class java/net/InetSocketAddress
Event: 20.094 loading class java/net/InetSocketAddress done
Event: 20.094 loading class java/nio/channels/AsynchronousByteChannel
Event: 20.094 loading class java/nio/channels/AsynchronousChannel
Event: 20.094 loading class java/nio/channels/AsynchronousChannel done
Event: 20.094 loading class java/nio/channels/AsynchronousByteChannel done
Event: 20.109 loading class java/lang/ProcessEnvironment
Event: 20.109 loading class java/lang/ProcessEnvironment done
Event: 20.111 loading class java/lang/ProcessEnvironment$NameComparator
Event: 20.111 loading class java/lang/ProcessEnvironment$NameComparator done
Event: 20.111 loading class java/lang/ProcessEnvironment$EntryComparator
Event: 20.111 loading class java/lang/ProcessEnvironment$EntryComparator done
Event: 20.112 loading class java/lang/ProcessEnvironment$CheckedEntrySet
Event: 20.112 loading class java/lang/ProcessEnvironment$CheckedEntrySet done
Event: 20.112 loading class java/lang/ProcessEnvironment$CheckedEntrySet$1
Event: 20.112 loading class java/lang/ProcessEnvironment$CheckedEntrySet$1 done
Event: 20.112 loading class java/lang/ProcessEnvironment$CheckedEntry
Event: 20.112 loading class java/lang/ProcessEnvironment$CheckedEntry done
Event: 20.148 loading class java/util/UUID$Holder


Dynamic libraries:
0x00007ff7290c0000 - 0x00007ff7290ce000 	c:\Users\abdelkader\.vscode\extensions\redhat.java-1.25.1-win32-x64\jre\17.0.9-win32-x86_64\bin\java.exe
0x00007ff915d70000 - 0x00007ff915f68000 	C:\WINDOWS\SYSTEM32\ntdll.dll
0x00007ff915770000 - 0x00007ff91582d000 	C:\WINDOWS\System32\KERNEL32.DLL
0x00007ff913610000 - 0x00007ff913906000 	C:\WINDOWS\System32\KERNELBASE.dll
0x00007ff913450000 - 0x00007ff913550000 	C:\WINDOWS\System32\ucrtbase.dll
0x00007ff90c540000 - 0x00007ff90c557000 	c:\Users\abdelkader\.vscode\extensions\redhat.java-1.25.1-win32-x64\jre\17.0.9-win32-x86_64\bin\jli.dll
0x00007ff915ae0000 - 0x00007ff915c7e000 	C:\WINDOWS\System32\USER32.dll
0x00007ff913bf0000 - 0x00007ff913c12000 	C:\WINDOWS\System32\win32u.dll
0x00007ff915400000 - 0x00007ff91542c000 	C:\WINDOWS\System32\GDI32.dll
0x00007ff913c20000 - 0x00007ff913d3a000 	C:\WINDOWS\System32\gdi32full.dll
0x00007ff913910000 - 0x00007ff9139ad000 	C:\WINDOWS\System32\msvcp_win.dll
0x00007ff9061e0000 - 0x00007ff9061fb000 	c:\Users\abdelkader\.vscode\extensions\redhat.java-1.25.1-win32-x64\jre\17.0.9-win32-x86_64\bin\VCRUNTIME140.dll
0x00007ff909700000 - 0x00007ff90999a000 	C:\WINDOWS\WinSxS\amd64_microsoft.windows.common-controls_6595b64144ccf1df_6.0.19041.3636_none_60b6a03d71f818d5\COMCTL32.dll
0x00007ff915a40000 - 0x00007ff915ade000 	C:\WINDOWS\System32\msvcrt.dll
0x00007ff914ed0000 - 0x00007ff914f00000 	C:\WINDOWS\System32\IMM32.DLL
0x00007ff90e790000 - 0x00007ff90e79c000 	c:\Users\abdelkader\.vscode\extensions\redhat.java-1.25.1-win32-x64\jre\17.0.9-win32-x86_64\bin\vcruntime140_1.dll
0x00007ff8cfa00000 - 0x00007ff8cfa8d000 	c:\Users\abdelkader\.vscode\extensions\redhat.java-1.25.1-win32-x64\jre\17.0.9-win32-x86_64\bin\msvcp140.dll
0x00007ff8cb760000 - 0x00007ff8cc3c1000 	c:\Users\abdelkader\.vscode\extensions\redhat.java-1.25.1-win32-x64\jre\17.0.9-win32-x86_64\bin\server\jvm.dll
0x00007ff915c80000 - 0x00007ff915d2f000 	C:\WINDOWS\System32\ADVAPI32.dll
0x00007ff914b20000 - 0x00007ff914bbc000 	C:\WINDOWS\System32\sechost.dll
0x00007ff914bc0000 - 0x00007ff914ce6000 	C:\WINDOWS\System32\RPCRT4.dll
0x00007ff9132b0000 - 0x00007ff9132fb000 	C:\WINDOWS\SYSTEM32\POWRPROF.dll
0x00007ff8fde70000 - 0x00007ff8fde79000 	C:\WINDOWS\SYSTEM32\WSOCK32.dll
0x00007ff915830000 - 0x00007ff91589b000 	C:\WINDOWS\System32\WS2_32.dll
0x00007ff905500000 - 0x00007ff905527000 	C:\WINDOWS\SYSTEM32\WINMM.dll
0x00007ff905430000 - 0x00007ff90543a000 	C:\WINDOWS\SYSTEM32\VERSION.dll
0x00007ff913290000 - 0x00007ff9132a2000 	C:\WINDOWS\SYSTEM32\UMPDC.dll
0x00007ff9114b0000 - 0x00007ff9114c2000 	C:\WINDOWS\SYSTEM32\kernel.appcore.dll
0x00007ff90dc70000 - 0x00007ff90dc7a000 	c:\Users\abdelkader\.vscode\extensions\redhat.java-1.25.1-win32-x64\jre\17.0.9-win32-x86_64\bin\jimage.dll
0x00007ff8f6170000 - 0x00007ff8f6354000 	C:\WINDOWS\SYSTEM32\DBGHELP.DLL
0x00007ff8f6130000 - 0x00007ff8f6164000 	C:\WINDOWS\SYSTEM32\dbgcore.DLL
0x00007ff913d40000 - 0x00007ff913dc2000 	C:\WINDOWS\System32\bcryptPrimitives.dll
0x00007ff90d840000 - 0x00007ff90d84e000 	c:\Users\abdelkader\.vscode\extensions\redhat.java-1.25.1-win32-x64\jre\17.0.9-win32-x86_64\bin\instrument.dll
0x00007ff8d62c0000 - 0x00007ff8d62e5000 	c:\Users\abdelkader\.vscode\extensions\redhat.java-1.25.1-win32-x64\jre\17.0.9-win32-x86_64\bin\java.dll
0x00007ff905600000 - 0x00007ff905618000 	c:\Users\abdelkader\.vscode\extensions\redhat.java-1.25.1-win32-x64\jre\17.0.9-win32-x86_64\bin\zip.dll
0x00007ff914370000 - 0x00007ff914ab4000 	C:\WINDOWS\System32\SHELL32.dll
0x00007ff9114d0000 - 0x00007ff911c6b000 	C:\WINDOWS\SYSTEM32\windows.storage.dll
0x00007ff915090000 - 0x00007ff9153e4000 	C:\WINDOWS\System32\combase.dll
0x00007ff912ce0000 - 0x00007ff912d0d000 	C:\WINDOWS\SYSTEM32\Wldp.dll
0x00007ff9156c0000 - 0x00007ff91576d000 	C:\WINDOWS\System32\SHCORE.dll
0x00007ff915430000 - 0x00007ff915485000 	C:\WINDOWS\System32\shlwapi.dll
0x00007ff913380000 - 0x00007ff9133a5000 	C:\WINDOWS\SYSTEM32\profapi.dll
0x00007ff8ec290000 - 0x00007ff8ec2a9000 	C:\Users\abdelkader\.vscode\extensions\redhat.java-1.25.1-win32-x64\jre\17.0.9-win32-x86_64\bin\net.dll
0x00007ff90abf0000 - 0x00007ff90acfa000 	C:\WINDOWS\SYSTEM32\WINHTTP.dll
0x00007ff912ac0000 - 0x00007ff912b2a000 	C:\WINDOWS\system32\mswsock.dll
0x00007ff8e55e0000 - 0x00007ff8e55f6000 	C:\Users\abdelkader\.vscode\extensions\redhat.java-1.25.1-win32-x64\jre\17.0.9-win32-x86_64\bin\nio.dll
0x00007ff90c9a0000 - 0x00007ff90c9b0000 	c:\Users\abdelkader\.vscode\extensions\redhat.java-1.25.1-win32-x64\jre\17.0.9-win32-x86_64\bin\verify.dll
0x00007ff8d4760000 - 0x00007ff8d479e000 	C:\Users\abdelkader\AppData\Roaming\Code\User\globalStorage\redhat.java\1.25.1\config_win\org.eclipse.equinox.launcher\org.eclipse.equinox.launcher.win32.win32.x86_64_1.2.800.v20231003-1442\eclipse_11802.dll
0x00007ff914240000 - 0x00007ff91436b000 	C:\WINDOWS\System32\ole32.dll

dbghelp: loaded successfully - version: 4.0.5 - missing functions: none
symbol engine: initialized successfully - sym options: 0x614 - pdb path: .;c:\Users\abdelkader\.vscode\extensions\redhat.java-1.25.1-win32-x64\jre\17.0.9-win32-x86_64\bin;C:\WINDOWS\SYSTEM32;C:\WINDOWS\WinSxS\amd64_microsoft.windows.common-controls_6595b64144ccf1df_6.0.19041.3636_none_60b6a03d71f818d5;c:\Users\abdelkader\.vscode\extensions\redhat.java-1.25.1-win32-x64\jre\17.0.9-win32-x86_64\bin\server;C:\Users\abdelkader\AppData\Roaming\Code\User\globalStorage\redhat.java\1.25.1\config_win\org.eclipse.equinox.launcher\org.eclipse.equinox.launcher.win32.win32.x86_64_1.2.800.v20231003-1442

VM Arguments:
jvm_args: --add-modules=ALL-SYSTEM --add-opens=java.base/java.util=ALL-UNNAMED --add-opens=java.base/java.lang=ALL-UNNAMED --add-opens=java.base/sun.nio.fs=ALL-UNNAMED -Declipse.application=org.eclipse.jdt.ls.core.id1 -Dosgi.bundles.defaultStartLevel=4 -Declipse.product=org.eclipse.jdt.ls.core.product -Djava.import.generatesMetadataFilesAtProjectRoot=false -DDetectVMInstallationsJob.disabled=true -Dfile.encoding=utf8 -XX:+UseParallelGC -XX:GCTimeRatio=4 -XX:AdaptiveSizePolicyWeight=90 -Dsun.zip.disableMemoryMapping=true -Xmx1G -Xms100m -Xlog:disable -javaagent:c:\Users\abdelkader\.vscode\extensions\redhat.java-1.25.1-win32-x64\lombok\lombok-1.18.30.jar -XX:+HeapDumpOnOutOfMemoryError -XX:HeapDumpPath=c:\Users\abdelkader\AppData\Roaming\Code\User\workspaceStorage\4bbaa65c982651e4835262f9be950502\redhat.java -Daether.dependencyCollector.impl=bf 
java_command: c:\Users\abdelkader\.vscode\extensions\redhat.java-1.25.1-win32-x64\server\plugins\org.eclipse.equinox.launcher_1.6.600.v20231106-1826.jar -configuration c:\Users\abdelkader\AppData\Roaming\Code\User\globalStorage\redhat.java\1.25.1\config_win -data c:\Users\abdelkader\AppData\Roaming\Code\User\workspaceStorage\4bbaa65c982651e4835262f9be950502\redhat.java\jdt_ws --stdio
java_class_path (initial): c:\Users\abdelkader\.vscode\extensions\redhat.java-1.25.1-win32-x64\server\plugins\org.eclipse.equinox.launcher_1.6.600.v20231106-1826.jar
Launcher Type: SUN_STANDARD

[Global flags]
    uintx AdaptiveSizePolicyWeight                 = 90                                        {product} {command line}
     intx CICompilerCount                          = 3                                         {product} {ergonomic}
    uintx GCTimeRatio                              = 4                                         {product} {command line}
     bool HeapDumpOnOutOfMemoryError               = true                                   {manageable} {command line}
    ccstr HeapDumpPath                             = c:\Users\abdelkader\AppData\Roaming\Code\User\workspaceStorage\4bbaa65c982651e4835262f9be950502\redhat.java         {manageable} {command line}
   size_t InitialHeapSize                          = 104857600                                 {product} {command line}
   size_t MaxHeapSize                              = 1073741824                                {product} {command line}
   size_t MaxNewSize                               = 357564416                                 {product} {ergonomic}
   size_t MinHeapDeltaBytes                        = 524288                                    {product} {ergonomic}
   size_t MinHeapSize                              = 104857600                                 {product} {command line}
   size_t NewSize                                  = 34603008                                  {product} {ergonomic}
    uintx NonNMethodCodeHeapSize                   = 5832780                                {pd product} {ergonomic}
    uintx NonProfiledCodeHeapSize                  = 122912730                              {pd product} {ergonomic}
   size_t OldSize                                  = 70254592                                  {product} {ergonomic}
    uintx ProfiledCodeHeapSize                     = 122912730                              {pd product} {ergonomic}
    uintx ReservedCodeCacheSize                    = 251658240                              {pd product} {ergonomic}
     bool SegmentedCodeCache                       = true                                      {product} {ergonomic}
   size_t SoftMaxHeapSize                          = 1073741824                             {manageable} {ergonomic}
     bool UseCompressedClassPointers               = true                           {product lp64_product} {ergonomic}
     bool UseCompressedOops                        = true                           {product lp64_product} {ergonomic}
     bool UseLargePagesIndividualAllocation        = false                                  {pd product} {ergonomic}
     bool UseParallelGC                            = true                                      {product} {command line}

Logging:
Log output configuration:
 #0: stdout all=off uptime,level,tags
 #1: stderr all=off uptime,level,tags

Environment Variables:
PATH=C:\Program Files\Eclipse Adoptium\jdk-21.0.1.12-hotspot\bin;C:\Program Files\Common Files\Oracle\Java\javapath;C:\app\abdelkader\product\21c\dbhomeXE\bin;C:\Program Files (x86)\Common Files\Oracle\Java\javapath;C:\Program Files (x86)\Common Files\Intel\Shared Libraries\redist\intel64\compiler;C:\WINDOWS\system32;C:\WINDOWS;C:\WINDOWS\System32\Wbem;C:\WINDOWS\System32\WindowsPowerShell\v1.0\;C:\WINDOWS\System32\OpenSSH\;C:\Users\abdelkader\AppData\Local\Programs\Python\Python311\Scripts\;C:\Users\abdelkader\AppData\Local\Programs\Python\Python311\;C:\blp\DAPI;C:\blp\DAPI\DDE;C:\Users\abdelkader\AppData\Local\Programs\Python\Python38-32\Scripts\;C:\Users\abdelkader\AppData\Local\Programs\Python\Python38-32\;C:\Users\abdelkader\AppData\Local\Microsoft\WindowsApps;C:\Program Files (x86)\Java\jre-1.8\bin;C:\MinGW\bin;C:\Program Files (x86)\Java\jre-1.8\bin;;C:\Users\abdelkader\AppData\Local\Programs\Microsoft VS Code\bin
USERNAME=abdelkader
OS=Windows_NT
PROCESSOR_IDENTIFIER=Intel64 Family 6 Model 61 Stepping 4, GenuineIntel
TMP=C:\Users\ABDELK~1\AppData\Local\Temp
TEMP=C:\Users\ABDELK~1\AppData\Local\Temp



Periodic native trim disabled


---------------  S Y S T E M  ---------------

OS:
 Windows 10 , 64 bit Build 19041 (10.0.19041.3636)
OS uptime: 0 days 11:52 hours
Hyper-V role detected

CPU: total 4 (initial active 4) (2 cores per cpu, 2 threads per core) family 6 model 61 stepping 4 microcode 0x2d, cx8, cmov, fxsr, ht, mmx, 3dnowpref, sse, sse2, sse3, ssse3, sse4.1, sse4.2, popcnt, lzcnt, tsc, tscinvbit, avx, avx2, aes, erms, clmul, bmi1, bmi2, rtm, adx, fma, vzeroupper, clflush, hv
Processor Information for all 4 processors :
  Max Mhz: 2301, Current Mhz: 2301, Mhz Limit: 2301

Memory: 4k page, system-wide physical 12163M (1361M free)
TotalPageFile size 12163M (AvailPageFile size 0M)
current process WorkingSet (physical memory assigned to process): 146M, peak: 146M
current process commit charge ("private bytes"): 238M, peak: 239M

vm_info: OpenJDK 64-Bit Server VM (17.0.9+9) for windows-amd64 JRE (17.0.9+9), built on Oct 26 2023 14:01:42 by "admin" with MS VC++ 16.10 / 16.11 (VS2019)

END.
