#
# There is insufficient memory for the Java Runtime Environment to continue.
# Native memory allocation (malloc) failed to allocate 1016256 bytes for Chunk::new
# Possible reasons:
#   The system is out of physical RAM or swap space
#   The process is running with CompressedOops enabled, and the Java Heap may be blocking the growth of the native heap
# Possible solutions:
#   Reduce memory load on the system
#   Increase physical memory or swap space
#   Check if swap backing store is full
#   Decrease Java heap size (-Xmx/-Xms)
#   Decrease number of Java threads
#   Decrease Java thread stack sizes (-Xss)
#   Set larger code cache with -XX:ReservedCodeCacheSize=
#   JVM is running with Unscaled Compressed Oops mode in which the Java heap is
#     placed in the first 4GB address space. The Java Heap base address is the
#     maximum limit for the native heap growth. Please use -XX:HeapBaseMinAddress
#     to set the Java Heap base and to place the Java Heap above 4GB virtual address.
# This output file may be truncated or incomplete.
#
#  Out of Memory Error (arena.cpp:191), pid=2004, tid=9608
#
# JRE version: OpenJDK Runtime Environment Temurin-17.0.9+9 (17.0.9+9) (build 17.0.9+9)
# Java VM: OpenJDK 64-Bit Server VM Temurin-17.0.9+9 (17.0.9+9, mixed mode, tiered, compressed oops, compressed class ptrs, parallel gc, windows-amd64)
# No core dump will be written. Minidumps are not enabled by default on client versions of Windows
#

---------------  S U M M A R Y ------------

Command Line: --add-modules=ALL-SYSTEM --add-opens=java.base/java.util=ALL-UNNAMED --add-opens=java.base/java.lang=ALL-UNNAMED --add-opens=java.base/sun.nio.fs=ALL-UNNAMED -Declipse.application=org.eclipse.jdt.ls.core.id1 -Dosgi.bundles.defaultStartLevel=4 -Declipse.product=org.eclipse.jdt.ls.core.product -Djava.import.generatesMetadataFilesAtProjectRoot=false -DDetectVMInstallationsJob.disabled=true -Dfile.encoding=utf8 -XX:+UseParallelGC -XX:GCTimeRatio=4 -XX:AdaptiveSizePolicyWeight=90 -Dsun.zip.disableMemoryMapping=true -Xmx1G -Xms100m -Xlog:disable -javaagent:c:\Users\abdelkader\.vscode\extensions\redhat.java-1.25.1-win32-x64\lombok\lombok-1.18.30.jar c:\Users\abdelkader\.vscode\extensions\redhat.java-1.25.1-win32-x64\server\plugins\org.eclipse.equinox.launcher_1.6.600.v20231106-1826.jar -configuration c:\Users\abdelkader\AppData\Roaming\Code\User\globalStorage\redhat.java\1.25.1\config_ss_win -data c:\Users\abdelkader\AppData\Roaming\Code\User\workspaceStorage\4bbaa65c982651e4835262f9be950502\redhat.java\ss_ws --stdio

Host: Intel(R) Core(TM) i5-5300U CPU @ 2.30GHz, 4 cores, 11G,  Windows 10 , 64 bit Build 19041 (10.0.19041.3636)
Time: Mon Dec 18 15:36:45 2023 Morocco Daylight Time elapsed time: 30.918627 seconds (0d 0h 0m 30s)

---------------  T H R E A D  ---------------

Current thread (0x0000023bfebbf3c0):  JavaThread "C2 CompilerThread0" daemon [_thread_in_native, id=9608, stack(0x000000cba1a00000,0x000000cba1b00000)]


Current CompileTask:
C2:  30918 4715   !   4       org.eclipse.jdt.internal.core.NameLookup::seekTypesInBinaryPackage (393 bytes)

Stack: [0x000000cba1a00000,0x000000cba1b00000]
Native frames: (J=compiled Java code, j=interpreted, Vv=VM code, C=native code)
V  [jvm.dll+0x67cf49]
V  [jvm.dll+0x83478a]
V  [jvm.dll+0x83624e]
V  [jvm.dll+0x8368b3]
V  [jvm.dll+0x247f1f]
V  [jvm.dll+0xac43c]
V  [jvm.dll+0xaca8c]
V  [jvm.dll+0x2af45f]
V  [jvm.dll+0x5853f7]
V  [jvm.dll+0x222f62]
V  [jvm.dll+0x22334f]
V  [jvm.dll+0x21c476]
V  [jvm.dll+0x2198c1]
V  [jvm.dll+0x1a57cd]
V  [jvm.dll+0x2297ae]
V  [jvm.dll+0x22797c]
V  [jvm.dll+0x7e9877]
V  [jvm.dll+0x7e3c3a]
V  [jvm.dll+0x67be35]
C  [ucrtbase.dll+0x21bb2]
C  [KERNEL32.DLL+0x17344]
C  [ntdll.dll+0x526b1]


---------------  P R O C E S S  ---------------

Threads class SMR info:
_java_thread_list=0x0000023b96371020, length=27, elements={
0x0000023bfbd49e40, 0x0000023bfbe0a560, 0x0000023bfbe0b3e0, 0x0000023bfebb52e0,
0x0000023bfebba420, 0x0000023bfebbdd10, 0x0000023bfebbe6d0, 0x0000023bfebbf3c0,
0x0000023bfebee980, 0x0000023b95041f80, 0x0000023b95062d90, 0x0000023b953168a0,
0x0000023b9584d220, 0x0000023b9580c700, 0x0000023b9570d610, 0x0000023b959a6ca0,
0x0000023b95abe6d0, 0x0000023b95abdcb0, 0x0000023b95abaf20, 0x0000023b95abbe50,
0x0000023b95abc360, 0x0000023b95abc870, 0x0000023b95abd7a0, 0x0000023b95abcd80,
0x0000023b95abb940, 0x0000023b96b01890, 0x0000023b974f3bb0
}

Java Threads: ( => current thread )
  0x0000023bfbd49e40 JavaThread "main" [_thread_blocked, id=14964, stack(0x000000cba1100000,0x000000cba1200000)]
  0x0000023bfbe0a560 JavaThread "Reference Handler" daemon [_thread_blocked, id=12664, stack(0x000000cba1400000,0x000000cba1500000)]
  0x0000023bfbe0b3e0 JavaThread "Finalizer" daemon [_thread_blocked, id=5484, stack(0x000000cba1500000,0x000000cba1600000)]
  0x0000023bfebb52e0 JavaThread "Signal Dispatcher" daemon [_thread_blocked, id=10680, stack(0x000000cba1600000,0x000000cba1700000)]
  0x0000023bfebba420 JavaThread "Attach Listener" daemon [_thread_blocked, id=2780, stack(0x000000cba1700000,0x000000cba1800000)]
  0x0000023bfebbdd10 JavaThread "Service Thread" daemon [_thread_blocked, id=14792, stack(0x000000cba1800000,0x000000cba1900000)]
  0x0000023bfebbe6d0 JavaThread "Monitor Deflation Thread" daemon [_thread_blocked, id=9128, stack(0x000000cba1900000,0x000000cba1a00000)]
=>0x0000023bfebbf3c0 JavaThread "C2 CompilerThread0" daemon [_thread_in_native, id=9608, stack(0x000000cba1a00000,0x000000cba1b00000)]
  0x0000023bfebee980 JavaThread "C1 CompilerThread0" daemon [_thread_blocked, id=13172, stack(0x000000cba1b00000,0x000000cba1c00000)]
  0x0000023b95041f80 JavaThread "Sweeper thread" daemon [_thread_blocked, id=9660, stack(0x000000cba1c00000,0x000000cba1d00000)]
  0x0000023b95062d90 JavaThread "Common-Cleaner" daemon [_thread_blocked, id=5752, stack(0x000000cba1d00000,0x000000cba1e00000)]
  0x0000023b953168a0 JavaThread "Notification Thread" daemon [_thread_blocked, id=13776, stack(0x000000cba1e00000,0x000000cba1f00000)]
  0x0000023b9584d220 JavaThread "Active Thread: Equinox Container: 75e4281a-c664-49bf-aee6-5823a81daa91" [_thread_blocked, id=6660, stack(0x000000cba2400000,0x000000cba2500000)]
  0x0000023b9580c700 JavaThread "Framework Event Dispatcher: Equinox Container: 75e4281a-c664-49bf-aee6-5823a81daa91" daemon [_thread_blocked, id=6112, stack(0x000000cba2300000,0x000000cba2400000)]
  0x0000023b9570d610 JavaThread "Start Level: Equinox Container: 75e4281a-c664-49bf-aee6-5823a81daa91" daemon [_thread_blocked, id=5336, stack(0x000000cba2500000,0x000000cba2600000)]
  0x0000023b959a6ca0 JavaThread "SCR Component Actor" daemon [_thread_blocked, id=11936, stack(0x000000cba2600000,0x000000cba2700000)]
  0x0000023b95abe6d0 JavaThread "Worker-JM" [_thread_blocked, id=9776, stack(0x000000cba2800000,0x000000cba2900000)]
  0x0000023b95abdcb0 JavaThread "Worker-0" [_thread_blocked, id=11288, stack(0x000000cba2900000,0x000000cba2a00000)]
  0x0000023b95abaf20 JavaThread "Worker-1" [_thread_blocked, id=3364, stack(0x000000cba2a00000,0x000000cba2b00000)]
  0x0000023b95abbe50 JavaThread "JNA Cleaner" daemon [_thread_blocked, id=11752, stack(0x000000cba2b00000,0x000000cba2c00000)]
  0x0000023b95abc360 JavaThread "pool-2-thread-1" [_thread_blocked, id=6392, stack(0x000000cba2e00000,0x000000cba2f00000)]
  0x0000023b95abc870 JavaThread "WorkspaceEventsHandler" [_thread_blocked, id=5048, stack(0x000000cba2f00000,0x000000cba3000000)]
  0x0000023b95abd7a0 JavaThread "pool-1-thread-1" [_thread_in_native, id=7172, stack(0x000000cba3000000,0x000000cba3100000)]
  0x0000023b95abcd80 JavaThread "Worker-2: Publish Diagnostics" [_thread_in_vm, id=8908, stack(0x000000cba3100000,0x000000cba3200000)]
  0x0000023b95abb940 JavaThread "ForkJoinPool.commonPool-worker-1" daemon [_thread_blocked, id=10188, stack(0x000000cba3200000,0x000000cba3300000)]
  0x0000023b96b01890 JavaThread "ForkJoinPool.commonPool-worker-2" daemon [_thread_blocked, id=12632, stack(0x000000cba3300000,0x000000cba3400000)]
  0x0000023b974f3bb0 JavaThread "C2 CompilerThread1" daemon [_thread_in_native, id=13956, stack(0x000000cba2700000,0x000000cba2800000)]

Other Threads:
  0x0000023bfeb7c950 VMThread "VM Thread" [stack: 0x000000cba1300000,0x000000cba1400000] [id=732]
  0x0000023b95391120 WatcherThread [stack: 0x000000cba1f00000,0x000000cba2000000] [id=12828]
  0x0000023bfbd59c20 GCTaskThread "GC Thread#0" [stack: 0x000000cba1200000,0x000000cba1300000] [id=12796]
  0x0000023b95721300 GCTaskThread "GC Thread#1" [stack: 0x000000cba2000000,0x000000cba2100000] [id=14200]
  0x0000023b95776210 GCTaskThread "GC Thread#2" [stack: 0x000000cba2100000,0x000000cba2200000] [id=10720]
  0x0000023b9571cab0 GCTaskThread "GC Thread#3" [stack: 0x000000cba2200000,0x000000cba2300000] [id=3760]

Threads with active compile tasks:
C2 CompilerThread0    30972 4715   !   4       org.eclipse.jdt.internal.core.NameLookup::seekTypesInBinaryPackage (393 bytes)
C2 CompilerThread1    30972 4691       4       org.eclipse.jdt.internal.core.JavaElement::getElementInfo (27 bytes)

VM state: not at safepoint (normal execution)

VM Mutex/Monitor currently owned by a thread: None

Heap address: 0x00000000c0000000, size: 1024 MB, Compressed Oops mode: 32-bit

CDS archive(s) not mapped
Compressed class space mapped at: 0x0000000100000000-0x0000000140000000, reserved size: 1073741824
Narrow klass base: 0x0000000000000000, Narrow klass shift: 3, Narrow klass range: 0x140000000

GC Precious Log:
 CPUs: 4 total, 4 available
 Memory: 12163M
 Large Page Support: Disabled
 NUMA Support: Disabled
 Compressed Oops: Enabled (32-bit)
 Alignments: Space 512K, Generation 512K, Heap 2M
 Heap Min Capacity: 100M
 Heap Initial Capacity: 100M
 Heap Max Capacity: 1G
 Pre-touch: Disabled
 Parallel Workers: 4

Heap:
 PSYoungGen      total 21504K, used 20203K [0x00000000eab00000, 0x00000000ec580000, 0x0000000100000000)
  eden space 20992K, 93% used [0x00000000eab00000,0x00000000ebe3afd8,0x00000000ebf80000)
  from space 512K, 100% used [0x00000000ec280000,0x00000000ec300000,0x00000000ec300000)
  to   space 3072K, 0% used [0x00000000ebf80000,0x00000000ebf80000,0x00000000ec280000)
 ParOldGen       total 68608K, used 20164K [0x00000000c0000000, 0x00000000c4300000, 0x00000000eab00000)
  object space 68608K, 29% used [0x00000000c0000000,0x00000000c13b1160,0x00000000c4300000)
 Metaspace       used 44815K, committed 45504K, reserved 1114112K
  class space    used 4535K, committed 4864K, reserved 1048576K

Card table byte_map: [0x0000023bfb720000,0x0000023bfb930000] _byte_map_base: 0x0000023bfb120000

Marking Bits: (ParMarkBitMap*) 0x00007ff82ae1d0b0
 Begin Bits: [0x0000023b8f000000, 0x0000023b90000000)
 End Bits:   [0x0000023b90000000, 0x0000023b91000000)

Polling page: 0x0000023bfb510000

Metaspace:

Usage:
  Non-class:     39.34 MB used.
      Class:      4.43 MB used.
       Both:     43.76 MB used.

Virtual space:
  Non-class space:       64.00 MB reserved,      39.69 MB ( 62%) committed,  1 nodes.
      Class space:        1.00 GB reserved,       4.75 MB ( <1%) committed,  1 nodes.
             Both:        1.06 GB reserved,      44.44 MB (  4%) committed. 

Chunk freelists:
   Non-Class:  7.88 MB
       Class:  11.13 MB
        Both:  19.01 MB

MaxMetaspaceSize: unlimited
CompressedClassSpaceSize: 1.00 GB
Initial GC threshold: 21.00 MB
Current GC threshold: 58.38 MB
CDS: off
MetaspaceReclaimPolicy: balanced
 - commit_granule_bytes: 65536.
 - commit_granule_words: 8192.
 - virtual_space_node_default_size: 8388608.
 - enlarge_chunks_in_place: 1.
 - new_chunks_are_fully_committed: 0.
 - uncommit_free_chunks: 1.
 - use_allocation_guard: 0.
 - handle_deallocations: 1.


Internal statistics:

num_allocs_failed_limit: 6.
num_arena_births: 406.
num_arena_deaths: 14.
num_vsnodes_births: 2.
num_vsnodes_deaths: 0.
num_space_committed: 711.
num_space_uncommitted: 0.
num_chunks_returned_to_freelist: 20.
num_chunks_taken_from_freelist: 1916.
num_chunk_merges: 10.
num_chunk_splits: 1237.
num_chunks_enlarged: 802.
num_inconsistent_stats: 0.

CodeHeap 'non-profiled nmethods': size=120000Kb used=2358Kb max_used=2735Kb free=117641Kb
 bounds [0x0000023b87ad0000, 0x0000023b87d80000, 0x0000023b8f000000]
CodeHeap 'profiled nmethods': size=120000Kb used=9872Kb max_used=10973Kb free=110127Kb
 bounds [0x0000023b80000000, 0x0000023b80ac0000, 0x0000023b87530000]
CodeHeap 'non-nmethods': size=5760Kb used=1312Kb max_used=1405Kb free=4447Kb
 bounds [0x0000023b87530000, 0x0000023b877a0000, 0x0000023b87ad0000]
 total_blobs=4890 nmethods=4239 adapters=562
 compilation: enabled
              stopped_count=0, restarted_count=0
 full_count=0

Compilation events (20 events):
Event: 30.625 Thread 0x0000023bfebee980 4711       1       org.eclipse.jdt.internal.compiler.ast.SingleTypeReference::getLastToken (5 bytes)
Event: 30.625 Thread 0x0000023bfebee980 nmethod 4711 0x0000023b87d78990 code [0x0000023b87d78b20, 0x0000023b87d78bf8]
Event: 30.625 Thread 0x0000023bfebee980 4714       1       org.eclipse.jdt.internal.compiler.lookup.TypeBinding::isPolyType (2 bytes)
Event: 30.625 Thread 0x0000023bfebee980 nmethod 4714 0x0000023b87d78c90 code [0x0000023b87d78e20, 0x0000023b87d78ef8]
Event: 30.632 Thread 0x0000023bfebbf3c0 nmethod 4672 0x0000023b87d78f90 code [0x0000023b87d791c0, 0x0000023b87d7a9b8]
Event: 30.632 Thread 0x0000023bfebbf3c0 4703       4       org.eclipse.jdt.internal.compiler.lookup.TypeBinding::equalsEquals (76 bytes)
Event: 30.633 Thread 0x0000023bfebbf3c0 nmethod 4703 0x0000023b87d7b990 code [0x0000023b87d7bb20, 0x0000023b87d7bc18]
Event: 30.671 Thread 0x0000023bfebbf3c0 4715   !   4       org.eclipse.jdt.internal.core.NameLookup::seekTypesInBinaryPackage (393 bytes)
Event: 30.692 Thread 0x0000023bfebee980 4716       3       org.eclipse.jdt.internal.core.index.FileIndexLocation::equals (24 bytes)
Event: 30.693 Thread 0x0000023bfebee980 nmethod 4716 0x0000023b80ab6510 code [0x0000023b80ab6720, 0x0000023b80ab6e88]
Event: 30.694 Thread 0x0000023bfebee980 4717       3       org.eclipse.jdt.internal.core.index.FileIndexLocation::hashCode (8 bytes)
Event: 30.694 Thread 0x0000023bfebee980 nmethod 4717 0x0000023b80ab7110 code [0x0000023b80ab72e0, 0x0000023b80ab7558]
Event: 30.869 Thread 0x0000023bfebee980 4718       3       org.eclipse.jdt.internal.compiler.lookup.LookupEnvironment::askForTypeFromModules (229 bytes)
Event: 30.870 Thread 0x0000023bfebee980 nmethod 4718 0x0000023b80010810 code [0x0000023b80010ac0, 0x0000023b80011da8]
Event: 30.870 Thread 0x0000023bfebee980 4719   !   3       org.eclipse.jdt.internal.core.SearchableEnvironment::find (389 bytes)
Event: 30.874 Thread 0x0000023bfebee980 nmethod 4719 0x0000023b8026ca90 code [0x0000023b8026cf20, 0x0000023b8026fd98]
Event: 30.874 Thread 0x0000023bfebee980 4721   !   3       org.eclipse.jdt.internal.core.NameLookup::findType (595 bytes)
Event: 30.886 Thread 0x0000023bfebee980 nmethod 4721 0x0000023b80131290 code [0x0000023b80131b80, 0x0000023b80137be8]
Event: 30.886 Thread 0x0000023bfebee980 4720       3       org.eclipse.jdt.internal.core.NameLookup::findType (17 bytes)
Event: 30.886 Thread 0x0000023bfebee980 nmethod 4720 0x0000023b8000ba10 code [0x0000023b8000bba0, 0x0000023b8000bd08]

GC Heap History (20 events):
Event: 22.908 GC heap before
{Heap before GC invocations=9 (full 1):
 PSYoungGen      total 25600K, used 23433K [0x00000000eab00000, 0x00000000ec980000, 0x0000000100000000)
  eden space 24064K, 91% used [0x00000000eab00000,0x00000000ec064d10,0x00000000ec280000)
  from space 1536K, 99% used [0x00000000ec480000,0x00000000ec5fd8c8,0x00000000ec600000)
  to   space 3584K, 0% used [0x00000000ec600000,0x00000000ec600000,0x00000000ec980000)
 ParOldGen       total 68608K, used 8314K [0x00000000c0000000, 0x00000000c4300000, 0x00000000eab00000)
  object space 68608K, 12% used [0x00000000c0000000,0x00000000c081ebe0,0x00000000c4300000)
 Metaspace       used 35150K, committed 35840K, reserved 1114112K
  class space    used 3544K, committed 3840K, reserved 1048576K
}
Event: 22.912 GC heap after
{Heap after GC invocations=9 (full 1):
 PSYoungGen      total 27648K, used 2986K [0x00000000eab00000, 0x00000000ec980000, 0x0000000100000000)
  eden space 24064K, 0% used [0x00000000eab00000,0x00000000eab00000,0x00000000ec280000)
  from space 3584K, 83% used [0x00000000ec600000,0x00000000ec8ea980,0x00000000ec980000)
  to   space 3584K, 0% used [0x00000000ec280000,0x00000000ec280000,0x00000000ec600000)
 ParOldGen       total 68608K, used 8322K [0x00000000c0000000, 0x00000000c4300000, 0x00000000eab00000)
  object space 68608K, 12% used [0x00000000c0000000,0x00000000c0820be0,0x00000000c4300000)
 Metaspace       used 35150K, committed 35840K, reserved 1114112K
  class space    used 3544K, committed 3840K, reserved 1048576K
}
Event: 22.912 GC heap before
{Heap before GC invocations=10 (full 2):
 PSYoungGen      total 27648K, used 2986K [0x00000000eab00000, 0x00000000ec980000, 0x0000000100000000)
  eden space 24064K, 0% used [0x00000000eab00000,0x00000000eab00000,0x00000000ec280000)
  from space 3584K, 83% used [0x00000000ec600000,0x00000000ec8ea980,0x00000000ec980000)
  to   space 3584K, 0% used [0x00000000ec280000,0x00000000ec280000,0x00000000ec600000)
 ParOldGen       total 68608K, used 8322K [0x00000000c0000000, 0x00000000c4300000, 0x00000000eab00000)
  object space 68608K, 12% used [0x00000000c0000000,0x00000000c0820be0,0x00000000c4300000)
 Metaspace       used 35150K, committed 35840K, reserved 1114112K
  class space    used 3544K, committed 3840K, reserved 1048576K
}
Event: 22.957 GC heap after
{Heap after GC invocations=10 (full 2):
 PSYoungGen      total 27648K, used 0K [0x00000000eab00000, 0x00000000ec980000, 0x0000000100000000)
  eden space 24064K, 0% used [0x00000000eab00000,0x00000000eab00000,0x00000000ec280000)
  from space 3584K, 0% used [0x00000000ec600000,0x00000000ec600000,0x00000000ec980000)
  to   space 3584K, 0% used [0x00000000ec280000,0x00000000ec280000,0x00000000ec600000)
 ParOldGen       total 68608K, used 11088K [0x00000000c0000000, 0x00000000c4300000, 0x00000000eab00000)
  object space 68608K, 16% used [0x00000000c0000000,0x00000000c0ad41a0,0x00000000c4300000)
 Metaspace       used 35150K, committed 35840K, reserved 1114112K
  class space    used 3544K, committed 3840K, reserved 1048576K
}
Event: 24.789 GC heap before
{Heap before GC invocations=11 (full 2):
 PSYoungGen      total 27648K, used 23559K [0x00000000eab00000, 0x00000000ec980000, 0x0000000100000000)
  eden space 24064K, 97% used [0x00000000eab00000,0x00000000ec201ec8,0x00000000ec280000)
  from space 3584K, 0% used [0x00000000ec600000,0x00000000ec600000,0x00000000ec980000)
  to   space 3584K, 0% used [0x00000000ec280000,0x00000000ec280000,0x00000000ec600000)
 ParOldGen       total 68608K, used 11088K [0x00000000c0000000, 0x00000000c4300000, 0x00000000eab00000)
  object space 68608K, 16% used [0x00000000c0000000,0x00000000c0ad41a0,0x00000000c4300000)
 Metaspace       used 36036K, committed 36672K, reserved 1114112K
  class space    used 3645K, committed 3904K, reserved 1048576K
}
Event: 24.793 GC heap after
{Heap after GC invocations=11 (full 2):
 PSYoungGen      total 26112K, used 2336K [0x00000000eab00000, 0x00000000ec800000, 0x0000000100000000)
  eden space 23552K, 0% used [0x00000000eab00000,0x00000000eab00000,0x00000000ec200000)
  from space 2560K, 91% used [0x00000000ec280000,0x00000000ec4c8000,0x00000000ec500000)
  to   space 3072K, 0% used [0x00000000ec500000,0x00000000ec500000,0x00000000ec800000)
 ParOldGen       total 68608K, used 11096K [0x00000000c0000000, 0x00000000c4300000, 0x00000000eab00000)
  object space 68608K, 16% used [0x00000000c0000000,0x00000000c0ad61a0,0x00000000c4300000)
 Metaspace       used 36036K, committed 36672K, reserved 1114112K
  class space    used 3645K, committed 3904K, reserved 1048576K
}
Event: 25.534 GC heap before
{Heap before GC invocations=12 (full 2):
 PSYoungGen      total 26112K, used 25872K [0x00000000eab00000, 0x00000000ec800000, 0x0000000100000000)
  eden space 23552K, 99% used [0x00000000eab00000,0x00000000ec1fc388,0x00000000ec200000)
  from space 2560K, 91% used [0x00000000ec280000,0x00000000ec4c8000,0x00000000ec500000)
  to   space 3072K, 0% used [0x00000000ec500000,0x00000000ec500000,0x00000000ec800000)
 ParOldGen       total 68608K, used 11096K [0x00000000c0000000, 0x00000000c4300000, 0x00000000eab00000)
  object space 68608K, 16% used [0x00000000c0000000,0x00000000c0ad61a0,0x00000000c4300000)
 Metaspace       used 38069K, committed 38720K, reserved 1114112K
  class space    used 3880K, committed 4160K, reserved 1048576K
}
Event: 25.540 GC heap after
{Heap after GC invocations=12 (full 2):
 PSYoungGen      total 24064K, used 3050K [0x00000000eab00000, 0x00000000ecc80000, 0x0000000100000000)
  eden space 20992K, 0% used [0x00000000eab00000,0x00000000eab00000,0x00000000ebf80000)
  from space 3072K, 99% used [0x00000000ec500000,0x00000000ec7fa808,0x00000000ec800000)
  to   space 5632K, 0% used [0x00000000ebf80000,0x00000000ebf80000,0x00000000ec500000)
 ParOldGen       total 68608K, used 13034K [0x00000000c0000000, 0x00000000c4300000, 0x00000000eab00000)
  object space 68608K, 18% used [0x00000000c0000000,0x00000000c0cba840,0x00000000c4300000)
 Metaspace       used 38069K, committed 38720K, reserved 1114112K
  class space    used 3880K, committed 4160K, reserved 1048576K
}
Event: 26.310 GC heap before
{Heap before GC invocations=13 (full 2):
 PSYoungGen      total 24064K, used 24034K [0x00000000eab00000, 0x00000000ecc80000, 0x0000000100000000)
  eden space 20992K, 99% used [0x00000000eab00000,0x00000000ebf7e270,0x00000000ebf80000)
  from space 3072K, 99% used [0x00000000ec500000,0x00000000ec7fa808,0x00000000ec800000)
  to   space 5632K, 0% used [0x00000000ebf80000,0x00000000ebf80000,0x00000000ec500000)
 ParOldGen       total 68608K, used 13034K [0x00000000c0000000, 0x00000000c4300000, 0x00000000eab00000)
  object space 68608K, 18% used [0x00000000c0000000,0x00000000c0cba840,0x00000000c4300000)
 Metaspace       used 39624K, committed 40320K, reserved 1114112K
  class space    used 4047K, committed 4352K, reserved 1048576K
}
Event: 26.316 GC heap after
{Heap after GC invocations=13 (full 2):
 PSYoungGen      total 21504K, used 480K [0x00000000eab00000, 0x00000000ec580000, 0x0000000100000000)
  eden space 20992K, 0% used [0x00000000eab00000,0x00000000eab00000,0x00000000ebf80000)
  from space 512K, 93% used [0x00000000ebf80000,0x00000000ebff8000,0x00000000ec000000)
  to   space 2560K, 0% used [0x00000000ec300000,0x00000000ec300000,0x00000000ec580000)
 ParOldGen       total 68608K, used 15991K [0x00000000c0000000, 0x00000000c4300000, 0x00000000eab00000)
  object space 68608K, 23% used [0x00000000c0000000,0x00000000c0f9ddd0,0x00000000c4300000)
 Metaspace       used 39624K, committed 40320K, reserved 1114112K
  class space    used 4047K, committed 4352K, reserved 1048576K
}
Event: 27.007 GC heap before
{Heap before GC invocations=14 (full 2):
 PSYoungGen      total 21504K, used 21472K [0x00000000eab00000, 0x00000000ec580000, 0x0000000100000000)
  eden space 20992K, 100% used [0x00000000eab00000,0x00000000ebf80000,0x00000000ebf80000)
  from space 512K, 93% used [0x00000000ebf80000,0x00000000ebff8000,0x00000000ec000000)
  to   space 2560K, 0% used [0x00000000ec300000,0x00000000ec300000,0x00000000ec580000)
 ParOldGen       total 68608K, used 15991K [0x00000000c0000000, 0x00000000c4300000, 0x00000000eab00000)
  object space 68608K, 23% used [0x00000000c0000000,0x00000000c0f9ddd0,0x00000000c4300000)
 Metaspace       used 41748K, committed 42496K, reserved 1114112K
  class space    used 4252K, committed 4608K, reserved 1048576K
}
Event: 27.008 GC heap after
{Heap after GC invocations=14 (full 2):
 PSYoungGen      total 22528K, used 1056K [0x00000000eab00000, 0x00000000ec480000, 0x0000000100000000)
  eden space 20992K, 0% used [0x00000000eab00000,0x00000000eab00000,0x00000000ebf80000)
  from space 1536K, 68% used [0x00000000ec300000,0x00000000ec408010,0x00000000ec480000)
  to   space 1536K, 0% used [0x00000000ec180000,0x00000000ec180000,0x00000000ec300000)
 ParOldGen       total 68608K, used 16414K [0x00000000c0000000, 0x00000000c4300000, 0x00000000eab00000)
  object space 68608K, 23% used [0x00000000c0000000,0x00000000c1007b78,0x00000000c4300000)
 Metaspace       used 41748K, committed 42496K, reserved 1114112K
  class space    used 4252K, committed 4608K, reserved 1048576K
}
Event: 27.690 GC heap before
{Heap before GC invocations=15 (full 2):
 PSYoungGen      total 22528K, used 22048K [0x00000000eab00000, 0x00000000ec480000, 0x0000000100000000)
  eden space 20992K, 100% used [0x00000000eab00000,0x00000000ebf80000,0x00000000ebf80000)
  from space 1536K, 68% used [0x00000000ec300000,0x00000000ec408010,0x00000000ec480000)
  to   space 1536K, 0% used [0x00000000ec180000,0x00000000ec180000,0x00000000ec300000)
 ParOldGen       total 68608K, used 16414K [0x00000000c0000000, 0x00000000c4300000, 0x00000000eab00000)
  object space 68608K, 23% used [0x00000000c0000000,0x00000000c1007b78,0x00000000c4300000)
 Metaspace       used 43265K, committed 44032K, reserved 1114112K
  class space    used 4432K, committed 4800K, reserved 1048576K
}
Event: 27.694 GC heap after
{Heap after GC invocations=15 (full 2):
 PSYoungGen      total 22016K, used 544K [0x00000000eab00000, 0x00000000ec380000, 0x0000000100000000)
  eden space 20992K, 0% used [0x00000000eab00000,0x00000000eab00000,0x00000000ebf80000)
  from space 1024K, 53% used [0x00000000ec180000,0x00000000ec208000,0x00000000ec280000)
  to   space 1024K, 0% used [0x00000000ec280000,0x00000000ec280000,0x00000000ec380000)
 ParOldGen       total 68608K, used 17382K [0x00000000c0000000, 0x00000000c4300000, 0x00000000eab00000)
  object space 68608K, 25% used [0x00000000c0000000,0x00000000c10f9be8,0x00000000c4300000)
 Metaspace       used 43265K, committed 44032K, reserved 1114112K
  class space    used 4432K, committed 4800K, reserved 1048576K
}
Event: 27.874 GC heap before
{Heap before GC invocations=16 (full 2):
 PSYoungGen      total 22016K, used 20446K [0x00000000eab00000, 0x00000000ec380000, 0x0000000100000000)
  eden space 20992K, 94% used [0x00000000eab00000,0x00000000ebe6fa80,0x00000000ebf80000)
  from space 1024K, 53% used [0x00000000ec180000,0x00000000ec208000,0x00000000ec280000)
  to   space 1024K, 0% used [0x00000000ec280000,0x00000000ec280000,0x00000000ec380000)
 ParOldGen       total 68608K, used 17382K [0x00000000c0000000, 0x00000000c4300000, 0x00000000eab00000)
  object space 68608K, 25% used [0x00000000c0000000,0x00000000c10f9be8,0x00000000c4300000)
 Metaspace       used 43628K, committed 44352K, reserved 1114112K
  class space    used 4452K, committed 4800K, reserved 1048576K
}
Event: 27.876 GC heap after
{Heap after GC invocations=16 (full 2):
 PSYoungGen      total 22016K, used 544K [0x00000000eab00000, 0x00000000ec380000, 0x0000000100000000)
  eden space 20992K, 0% used [0x00000000eab00000,0x00000000eab00000,0x00000000ebf80000)
  from space 1024K, 53% used [0x00000000ec280000,0x00000000ec308000,0x00000000ec380000)
  to   space 1024K, 0% used [0x00000000ec180000,0x00000000ec180000,0x00000000ec280000)
 ParOldGen       total 68608K, used 17846K [0x00000000c0000000, 0x00000000c4300000, 0x00000000eab00000)
  object space 68608K, 26% used [0x00000000c0000000,0x00000000c116da30,0x00000000c4300000)
 Metaspace       used 43628K, committed 44352K, reserved 1114112K
  class space    used 4452K, committed 4800K, reserved 1048576K
}
Event: 28.096 GC heap before
{Heap before GC invocations=17 (full 2):
 PSYoungGen      total 22016K, used 20568K [0x00000000eab00000, 0x00000000ec380000, 0x0000000100000000)
  eden space 20992K, 95% used [0x00000000eab00000,0x00000000ebe8e238,0x00000000ebf80000)
  from space 1024K, 53% used [0x00000000ec280000,0x00000000ec308000,0x00000000ec380000)
  to   space 1024K, 0% used [0x00000000ec180000,0x00000000ec180000,0x00000000ec280000)
 ParOldGen       total 68608K, used 17846K [0x00000000c0000000, 0x00000000c4300000, 0x00000000eab00000)
  object space 68608K, 26% used [0x00000000c0000000,0x00000000c116da30,0x00000000c4300000)
 Metaspace       used 43739K, committed 44480K, reserved 1114112K
  class space    used 4461K, committed 4800K, reserved 1048576K
}
Event: 28.098 GC heap after
{Heap after GC invocations=17 (full 2):
 PSYoungGen      total 22016K, used 280K [0x00000000eab00000, 0x00000000ec300000, 0x0000000100000000)
  eden space 20992K, 0% used [0x00000000eab00000,0x00000000eab00000,0x00000000ebf80000)
  from space 1024K, 27% used [0x00000000ec180000,0x00000000ec1c6200,0x00000000ec280000)
  to   space 512K, 0% used [0x00000000ec280000,0x00000000ec280000,0x00000000ec300000)
 ParOldGen       total 68608K, used 18302K [0x00000000c0000000, 0x00000000c4300000, 0x00000000eab00000)
  object space 68608K, 26% used [0x00000000c0000000,0x00000000c11df878,0x00000000c4300000)
 Metaspace       used 43739K, committed 44480K, reserved 1114112K
  class space    used 4461K, committed 4800K, reserved 1048576K
}
Event: 29.737 GC heap before
{Heap before GC invocations=18 (full 2):
 PSYoungGen      total 22016K, used 20644K [0x00000000eab00000, 0x00000000ec300000, 0x0000000100000000)
  eden space 20992K, 97% used [0x00000000eab00000,0x00000000ebee30f0,0x00000000ebf80000)
  from space 1024K, 27% used [0x00000000ec180000,0x00000000ec1c6200,0x00000000ec280000)
  to   space 512K, 0% used [0x00000000ec280000,0x00000000ec280000,0x00000000ec300000)
 ParOldGen       total 68608K, used 18302K [0x00000000c0000000, 0x00000000c4300000, 0x00000000eab00000)
  object space 68608K, 26% used [0x00000000c0000000,0x00000000c11df878,0x00000000c4300000)
 Metaspace       used 44482K, committed 45248K, reserved 1114112K
  class space    used 4512K, committed 4864K, reserved 1048576K
}
Event: 29.742 GC heap after
{Heap after GC invocations=18 (full 2):
 PSYoungGen      total 21504K, used 512K [0x00000000eab00000, 0x00000000ec580000, 0x0000000100000000)
  eden space 20992K, 0% used [0x00000000eab00000,0x00000000eab00000,0x00000000ebf80000)
  from space 512K, 100% used [0x00000000ec280000,0x00000000ec300000,0x00000000ec300000)
  to   space 3072K, 0% used [0x00000000ebf80000,0x00000000ebf80000,0x00000000ec280000)
 ParOldGen       total 68608K, used 20164K [0x00000000c0000000, 0x00000000c4300000, 0x00000000eab00000)
  object space 68608K, 29% used [0x00000000c0000000,0x00000000c13b1160,0x00000000c4300000)
 Metaspace       used 44482K, committed 45248K, reserved 1114112K
  class space    used 4512K, committed 4864K, reserved 1048576K
}

Dll operation events (10 events):
Event: 0.165 Loaded shared library c:\Users\abdelkader\.vscode\extensions\redhat.java-1.25.1-win32-x64\jre\17.0.9-win32-x86_64\bin\java.dll
Event: 0.879 Loaded shared library c:\Users\abdelkader\.vscode\extensions\redhat.java-1.25.1-win32-x64\jre\17.0.9-win32-x86_64\bin\zip.dll
Event: 0.890 Loaded shared library C:\Users\abdelkader\.vscode\extensions\redhat.java-1.25.1-win32-x64\jre\17.0.9-win32-x86_64\bin\instrument.dll
Event: 1.079 Loaded shared library C:\Users\abdelkader\.vscode\extensions\redhat.java-1.25.1-win32-x64\jre\17.0.9-win32-x86_64\bin\net.dll
Event: 1.243 Loaded shared library C:\Users\abdelkader\.vscode\extensions\redhat.java-1.25.1-win32-x64\jre\17.0.9-win32-x86_64\bin\nio.dll
Event: 1.259 Loaded shared library C:\Users\abdelkader\.vscode\extensions\redhat.java-1.25.1-win32-x64\jre\17.0.9-win32-x86_64\bin\zip.dll
Event: 1.316 Loaded shared library C:\Users\abdelkader\.vscode\extensions\redhat.java-1.25.1-win32-x64\jre\17.0.9-win32-x86_64\bin\jimage.dll
Event: 1.709 Loaded shared library c:\Users\abdelkader\.vscode\extensions\redhat.java-1.25.1-win32-x64\jre\17.0.9-win32-x86_64\bin\verify.dll
Event: 16.409 Loaded shared library C:\Users\abdelkader\AppData\Roaming\Code\User\globalStorage\redhat.java\1.25.1\config_ss_win\org.eclipse.equinox.launcher\org.eclipse.equinox.launcher.win32.win32.x86_64_1.2.800.v20231003-1442\eclipse_11802.dll
Event: 21.570 Loaded shared library C:\Users\abdelkader\AppData\Local\Temp\jna--2094131983\jna4394797359727952053.dll

Deoptimization events (20 events):
Event: 28.999 Thread 0x0000023b95abaf20 Uncommon trap: trap_request=0xffffffde fr.pc=0x0000023b87cf7e78 relative=0x0000000000009438
Event: 28.999 Thread 0x0000023b95abaf20 Uncommon trap: reason=class_check action=maybe_recompile pc=0x0000023b87cf7e78 method=org.eclipse.jdt.internal.compiler.lookup.BinaryTypeBinding.createMethod(Lorg/eclipse/jdt/internal/compiler/env/IBinaryMethod;Lorg/eclipse/jdt/internal/compiler/env/IBina
Event: 28.999 Thread 0x0000023b95abaf20 DEOPT PACKING pc=0x0000023b87cf7e78 sp=0x000000cba2afda70
Event: 28.999 Thread 0x0000023b95abaf20 DEOPT UNPACKING pc=0x0000023b875866a3 sp=0x000000cba2afda70 mode 2
Event: 29.023 Thread 0x0000023b95abaf20 Uncommon trap: trap_request=0xffffff45 fr.pc=0x0000023b87c66b80 relative=0x00000000000002c0
Event: 29.023 Thread 0x0000023b95abaf20 Uncommon trap: reason=unstable_if action=reinterpret pc=0x0000023b87c66b80 method=java.util.HashMap.getNode(Ljava/lang/Object;)Ljava/util/HashMap$Node; @ 131 c2
Event: 29.023 Thread 0x0000023b95abaf20 DEOPT PACKING pc=0x0000023b87c66b80 sp=0x000000cba2afd650
Event: 29.023 Thread 0x0000023b95abaf20 DEOPT UNPACKING pc=0x0000023b875866a3 sp=0x000000cba2afd5d0 mode 2
Event: 29.158 Thread 0x0000023b95abaf20 Uncommon trap: trap_request=0xffffff45 fr.pc=0x0000023b87cd4020 relative=0x00000000000001a0
Event: 29.158 Thread 0x0000023b95abaf20 Uncommon trap: reason=unstable_if action=reinterpret pc=0x0000023b87cd4020 method=jdk.internal.util.ArraysSupport.mismatch([C[CI)I @ 59 c2
Event: 29.158 Thread 0x0000023b95abaf20 DEOPT PACKING pc=0x0000023b87cd4020 sp=0x000000cba2afd0e0
Event: 29.158 Thread 0x0000023b95abaf20 DEOPT UNPACKING pc=0x0000023b875866a3 sp=0x000000cba2afd018 mode 2
Event: 29.328 Thread 0x0000023b95abaf20 Uncommon trap: trap_request=0xffffff6e fr.pc=0x0000023b87d1abf8 relative=0x0000000000000178
Event: 29.328 Thread 0x0000023b95abaf20 Uncommon trap: reason=loop_limit_check action=maybe_recompile pc=0x0000023b87d1abf8 method=org.eclipse.jdt.internal.compiler.lookup.ReferenceBinding.compare([C[CII)I @ 46 c2
Event: 29.328 Thread 0x0000023b95abaf20 DEOPT PACKING pc=0x0000023b87d1abf8 sp=0x000000cba2afdad0
Event: 29.328 Thread 0x0000023b95abaf20 DEOPT UNPACKING pc=0x0000023b875866a3 sp=0x000000cba2afda60 mode 2
Event: 29.735 Thread 0x0000023b95abb940 DEOPT PACKING pc=0x0000023b809c5528 sp=0x000000cba32fdaf0
Event: 29.735 Thread 0x0000023b95abb940 DEOPT UNPACKING pc=0x0000023b87586e43 sp=0x000000cba32fd018 mode 0
Event: 30.549 Thread 0x0000023b95abcd80 DEOPT PACKING pc=0x0000023b809f87d1 sp=0x000000cba31fdd30
Event: 30.549 Thread 0x0000023b95abcd80 DEOPT UNPACKING pc=0x0000023b87586e43 sp=0x000000cba31fd168 mode 0

Classes unloaded (7 events):
Event: 18.623 Thread 0x0000023bfeb7c950 Unloading class 0x000000010021a000 'java/lang/invoke/LambdaForm$MH+0x000000010021a000'
Event: 18.623 Thread 0x0000023bfeb7c950 Unloading class 0x0000000100219c00 'java/lang/invoke/LambdaForm$MH+0x0000000100219c00'
Event: 18.623 Thread 0x0000023bfeb7c950 Unloading class 0x0000000100219800 'java/lang/invoke/LambdaForm$MH+0x0000000100219800'
Event: 18.623 Thread 0x0000023bfeb7c950 Unloading class 0x0000000100219400 'java/lang/invoke/LambdaForm$MH+0x0000000100219400'
Event: 18.623 Thread 0x0000023bfeb7c950 Unloading class 0x0000000100219000 'java/lang/invoke/LambdaForm$BMH+0x0000000100219000'
Event: 18.623 Thread 0x0000023bfeb7c950 Unloading class 0x0000000100218c00 'java/lang/invoke/LambdaForm$DMH+0x0000000100218c00'
Event: 18.623 Thread 0x0000023bfeb7c950 Unloading class 0x0000000100216000 'java/lang/invoke/LambdaForm$DMH+0x0000000100216000'

Classes redefined (0 events):
No events

Internal exceptions (20 events):
Event: 29.872 Thread 0x0000023b95abb940 Exception <a 'java/lang/NullPointerException'{0x00000000eb229728}> (0x00000000eb229728) 
thrown [s\src\hotspot\share\interpreter\linkResolver.cpp, line 1350]
Event: 29.872 Thread 0x0000023b95abb940 Exception <a 'java/lang/NullPointerException'{0x00000000eb229d30}> (0x00000000eb229d30) 
thrown [s\src\hotspot\share\interpreter\linkResolver.cpp, line 1350]
Event: 29.873 Thread 0x0000023b95abb940 Exception <a 'java/lang/NullPointerException'{0x00000000eb22b438}> (0x00000000eb22b438) 
thrown [s\src\hotspot\share\interpreter\linkResolver.cpp, line 1350]
Event: 29.873 Thread 0x0000023b95abb940 Exception <a 'java/lang/NullPointerException'{0x00000000eb22bdd0}> (0x00000000eb22bdd0) 
thrown [s\src\hotspot\share\interpreter\linkResolver.cpp, line 1350]
Event: 29.874 Thread 0x0000023b95abb940 Exception <a 'java/lang/NullPointerException'{0x00000000eb22f5a0}> (0x00000000eb22f5a0) 
thrown [s\src\hotspot\share\interpreter\linkResolver.cpp, line 1350]
Event: 29.874 Thread 0x0000023b95abb940 Exception <a 'java/lang/NullPointerException'{0x00000000eb230a88}> (0x00000000eb230a88) 
thrown [s\src\hotspot\share\interpreter\linkResolver.cpp, line 1350]
Event: 30.152 Thread 0x0000023b95abcd80 Exception <a 'java/lang/NullPointerException'{0x00000000eb709850}> (0x00000000eb709850) 
thrown [s\src\hotspot\share\interpreter\linkResolver.cpp, line 1350]
Event: 30.212 Thread 0x0000023b95abcd80 Exception <a 'java/lang/NullPointerException'{0x00000000eb76b320}> (0x00000000eb76b320) 
thrown [s\src\hotspot\share\interpreter\linkResolver.cpp, line 1350]
Event: 30.213 Thread 0x0000023b95abcd80 Exception <a 'java/lang/NullPointerException'{0x00000000eb76bfa0}> (0x00000000eb76bfa0) 
thrown [s\src\hotspot\share\interpreter\linkResolver.cpp, line 1350]
Event: 30.216 Thread 0x0000023b95abcd80 Exception <a 'java/lang/NullPointerException'{0x00000000eb76c7c0}> (0x00000000eb76c7c0) 
thrown [s\src\hotspot\share\interpreter\linkResolver.cpp, line 1350]
Event: 30.216 Thread 0x0000023b95abcd80 Exception <a 'java/lang/NullPointerException'{0x00000000eb76daa0}> (0x00000000eb76daa0) 
thrown [s\src\hotspot\share\interpreter\linkResolver.cpp, line 1350]
Event: 30.217 Thread 0x0000023b95abcd80 Exception <a 'java/lang/NullPointerException'{0x00000000eb76e098}> (0x00000000eb76e098) 
thrown [s\src\hotspot\share\interpreter\linkResolver.cpp, line 1350]
Event: 30.217 Thread 0x0000023b95abcd80 Exception <a 'java/lang/NullPointerException'{0x00000000eb76f898}> (0x00000000eb76f898) 
thrown [s\src\hotspot\share\interpreter\linkResolver.cpp, line 1350]
Event: 30.217 Thread 0x0000023b95abcd80 Exception <a 'java/lang/NullPointerException'{0x00000000eb7703d0}> (0x00000000eb7703d0) 
thrown [s\src\hotspot\share\interpreter\linkResolver.cpp, line 1350]
Event: 30.218 Thread 0x0000023b95abcd80 Exception <a 'java/lang/NullPointerException'{0x00000000eb772830}> (0x00000000eb772830) 
thrown [s\src\hotspot\share\interpreter\linkResolver.cpp, line 1350]
Event: 30.219 Thread 0x0000023b95abcd80 Exception <a 'java/lang/NullPointerException'{0x00000000eb775800}> (0x00000000eb775800) 
thrown [s\src\hotspot\share\interpreter\linkResolver.cpp, line 1350]
Event: 30.219 Thread 0x0000023b95abcd80 Exception <a 'java/lang/NullPointerException'{0x00000000eb7768f0}> (0x00000000eb7768f0) 
thrown [s\src\hotspot\share\interpreter\linkResolver.cpp, line 1350]
Event: 30.219 Thread 0x0000023b95abcd80 Exception <a 'java/lang/NullPointerException'{0x00000000eb777f18}> (0x00000000eb777f18) 
thrown [s\src\hotspot\share\interpreter\linkResolver.cpp, line 1350]
Event: 30.219 Thread 0x0000023b95abcd80 Exception <a 'java/lang/NullPointerException'{0x00000000eb7784f0}> (0x00000000eb7784f0) 
thrown [s\src\hotspot\share\interpreter\linkResolver.cpp, line 1350]
Event: 30.222 Thread 0x0000023b95abcd80 Exception <a 'java/lang/NullPointerException'{0x00000000eb77c1a0}> (0x00000000eb77c1a0) 
thrown [s\src\hotspot\share\interpreter\linkResolver.cpp, line 1350]

VM Operations (20 events):
Event: 27.521 Executing VM operation: HandshakeAllThreads
Event: 27.521 Executing VM operation: HandshakeAllThreads done
Event: 27.690 Executing VM operation: ParallelGCFailedAllocation
Event: 27.694 Executing VM operation: ParallelGCFailedAllocation done
Event: 27.768 Executing VM operation: HandshakeAllThreads
Event: 27.768 Executing VM operation: HandshakeAllThreads done
Event: 27.874 Executing VM operation: ParallelGCFailedAllocation
Event: 27.876 Executing VM operation: ParallelGCFailedAllocation done
Event: 28.096 Executing VM operation: ParallelGCFailedAllocation
Event: 28.098 Executing VM operation: ParallelGCFailedAllocation done
Event: 29.108 Executing VM operation: Cleanup
Event: 29.110 Executing VM operation: Cleanup done
Event: 29.737 Executing VM operation: ParallelGCFailedAllocation
Event: 29.742 Executing VM operation: ParallelGCFailedAllocation done
Event: 30.514 Executing VM operation: HandshakeAllThreads
Event: 30.583 Executing VM operation: HandshakeAllThreads done
Event: 30.632 Executing VM operation: HandshakeAllThreads
Event: 30.822 Executing VM operation: HandshakeAllThreads done
Event: 30.822 Executing VM operation: Cleanup
Event: 30.843 Executing VM operation: Cleanup done

Events (20 events):
Event: 30.845 Thread 0x0000023b95041f80 flushing nmethod 0x0000023b80637d10
Event: 30.845 Thread 0x0000023b95041f80 flushing nmethod 0x0000023b80639210
Event: 30.845 Thread 0x0000023b95041f80 flushing nmethod 0x0000023b80659510
Event: 30.845 Thread 0x0000023b95041f80 flushing nmethod 0x0000023b80684810
Event: 30.845 Thread 0x0000023b95041f80 flushing nmethod 0x0000023b80686c90
Event: 30.845 Thread 0x0000023b95041f80 flushing nmethod 0x0000023b80686f90
Event: 30.845 Thread 0x0000023b95041f80 flushing nmethod 0x0000023b80687690
Event: 30.845 Thread 0x0000023b95041f80 flushing nmethod 0x0000023b80689510
Event: 30.845 Thread 0x0000023b95041f80 flushing nmethod 0x0000023b8068a090
Event: 30.845 Thread 0x0000023b95041f80 flushing nmethod 0x0000023b8068a910
Event: 30.845 Thread 0x0000023b95041f80 flushing nmethod 0x0000023b8068b410
Event: 30.845 Thread 0x0000023b95041f80 flushing nmethod 0x0000023b8068bd10
Event: 30.845 Thread 0x0000023b95041f80 flushing nmethod 0x0000023b8068c610
Event: 30.845 Thread 0x0000023b95041f80 flushing nmethod 0x0000023b806bbb90
Event: 30.845 Thread 0x0000023b95041f80 flushing nmethod 0x0000023b806bbf10
Event: 30.845 Thread 0x0000023b95041f80 flushing nmethod 0x0000023b806bc310
Event: 30.845 Thread 0x0000023b95041f80 flushing nmethod 0x0000023b806c4710
Event: 30.845 Thread 0x0000023b95041f80 flushing nmethod 0x0000023b806c6c90
Event: 30.853 loading class java/util/function/BiPredicate
Event: 30.853 loading class java/util/function/BiPredicate done


Dynamic libraries:
0x00007ff6dc4f0000 - 0x00007ff6dc4fe000 	c:\Users\abdelkader\.vscode\extensions\redhat.java-1.25.1-win32-x64\jre\17.0.9-win32-x86_64\bin\java.exe
0x00007ff8cd270000 - 0x00007ff8cd468000 	C:\WINDOWS\SYSTEM32\ntdll.dll
0x00007ff8cbef0000 - 0x00007ff8cbfad000 	C:\WINDOWS\System32\KERNEL32.DLL
0x00007ff8cac70000 - 0x00007ff8caf66000 	C:\WINDOWS\System32\KERNELBASE.dll
0x00007ff8cab70000 - 0x00007ff8cac70000 	C:\WINDOWS\System32\ucrtbase.dll
0x00007ff8c4bf0000 - 0x00007ff8c4c07000 	c:\Users\abdelkader\.vscode\extensions\redhat.java-1.25.1-win32-x64\jre\17.0.9-win32-x86_64\bin\jli.dll
0x00007ff8cbfc0000 - 0x00007ff8cc15e000 	C:\WINDOWS\System32\USER32.dll
0x00007ff8cb090000 - 0x00007ff8cb0b2000 	C:\WINDOWS\System32\win32u.dll
0x00007ff8cbdb0000 - 0x00007ff8cbddc000 	C:\WINDOWS\System32\GDI32.dll
0x00007ff8caf70000 - 0x00007ff8cb08a000 	C:\WINDOWS\System32\gdi32full.dll
0x00007ff8caaa0000 - 0x00007ff8cab3d000 	C:\WINDOWS\System32\msvcp_win.dll
0x00007ff8c2e30000 - 0x00007ff8c2e4b000 	c:\Users\abdelkader\.vscode\extensions\redhat.java-1.25.1-win32-x64\jre\17.0.9-win32-x86_64\bin\VCRUNTIME140.dll
0x00007ff8bc600000 - 0x00007ff8bc89a000 	C:\WINDOWS\WinSxS\amd64_microsoft.windows.common-controls_6595b64144ccf1df_6.0.19041.3636_none_60b6a03d71f818d5\COMCTL32.dll
0x00007ff8cc2a0000 - 0x00007ff8cc33e000 	C:\WINDOWS\System32\msvcrt.dll
0x00007ff8cbd80000 - 0x00007ff8cbdb0000 	C:\WINDOWS\System32\IMM32.DLL
0x00007ff8c4510000 - 0x00007ff8c451c000 	c:\Users\abdelkader\.vscode\extensions\redhat.java-1.25.1-win32-x64\jre\17.0.9-win32-x86_64\bin\vcruntime140_1.dll
0x00007ff894840000 - 0x00007ff8948cd000 	c:\Users\abdelkader\.vscode\extensions\redhat.java-1.25.1-win32-x64\jre\17.0.9-win32-x86_64\bin\msvcp140.dll
0x00007ff82a280000 - 0x00007ff82aee1000 	c:\Users\abdelkader\.vscode\extensions\redhat.java-1.25.1-win32-x64\jre\17.0.9-win32-x86_64\bin\server\jvm.dll
0x00007ff8ccf70000 - 0x00007ff8cd01f000 	C:\WINDOWS\System32\ADVAPI32.dll
0x00007ff8ccca0000 - 0x00007ff8ccd3c000 	C:\WINDOWS\System32\sechost.dll
0x00007ff8cbc50000 - 0x00007ff8cbd76000 	C:\WINDOWS\System32\RPCRT4.dll
0x00007ff8ca7b0000 - 0x00007ff8ca7fb000 	C:\WINDOWS\SYSTEM32\POWRPROF.dll
0x00007ff8b5a40000 - 0x00007ff8b5a49000 	C:\WINDOWS\SYSTEM32\WSOCK32.dll
0x00007ff8ccdc0000 - 0x00007ff8cce2b000 	C:\WINDOWS\System32\WS2_32.dll
0x00007ff8bc900000 - 0x00007ff8bc927000 	C:\WINDOWS\SYSTEM32\WINMM.dll
0x00007ff8c0e00000 - 0x00007ff8c0e0a000 	C:\WINDOWS\SYSTEM32\VERSION.dll
0x00007ff8ca790000 - 0x00007ff8ca7a2000 	C:\WINDOWS\SYSTEM32\UMPDC.dll
0x00007ff8c89b0000 - 0x00007ff8c89c2000 	C:\WINDOWS\SYSTEM32\kernel.appcore.dll
0x00007ff8c3660000 - 0x00007ff8c366a000 	c:\Users\abdelkader\.vscode\extensions\redhat.java-1.25.1-win32-x64\jre\17.0.9-win32-x86_64\bin\jimage.dll
0x00007ff8adf80000 - 0x00007ff8ae164000 	C:\WINDOWS\SYSTEM32\DBGHELP.DLL
0x00007ff8adf40000 - 0x00007ff8adf74000 	C:\WINDOWS\SYSTEM32\dbgcore.DLL
0x00007ff8caa10000 - 0x00007ff8caa92000 	C:\WINDOWS\System32\bcryptPrimitives.dll
0x00007ff8bbb50000 - 0x00007ff8bbb5e000 	c:\Users\abdelkader\.vscode\extensions\redhat.java-1.25.1-win32-x64\jre\17.0.9-win32-x86_64\bin\instrument.dll
0x00007ff8b00b0000 - 0x00007ff8b00d5000 	c:\Users\abdelkader\.vscode\extensions\redhat.java-1.25.1-win32-x64\jre\17.0.9-win32-x86_64\bin\java.dll
0x00007ff8bbab0000 - 0x00007ff8bbac8000 	c:\Users\abdelkader\.vscode\extensions\redhat.java-1.25.1-win32-x64\jre\17.0.9-win32-x86_64\bin\zip.dll
0x00007ff8cc3d0000 - 0x00007ff8ccb15000 	C:\WINDOWS\System32\SHELL32.dll
0x00007ff8c89d0000 - 0x00007ff8c916b000 	C:\WINDOWS\SYSTEM32\windows.storage.dll
0x00007ff8cb740000 - 0x00007ff8cba94000 	C:\WINDOWS\System32\combase.dll
0x00007ff8ca1e0000 - 0x00007ff8ca20d000 	C:\WINDOWS\SYSTEM32\Wldp.dll
0x00007ff8cbde0000 - 0x00007ff8cbe8d000 	C:\WINDOWS\System32\SHCORE.dll
0x00007ff8cbe90000 - 0x00007ff8cbee5000 	C:\WINDOWS\System32\shlwapi.dll
0x00007ff8ca880000 - 0x00007ff8ca8a5000 	C:\WINDOWS\SYSTEM32\profapi.dll
0x00007ff8bb990000 - 0x00007ff8bb9a9000 	C:\Users\abdelkader\.vscode\extensions\redhat.java-1.25.1-win32-x64\jre\17.0.9-win32-x86_64\bin\net.dll
0x00007ff8c20c0000 - 0x00007ff8c21ca000 	C:\WINDOWS\SYSTEM32\WINHTTP.dll
0x00007ff8c9fc0000 - 0x00007ff8ca02a000 	C:\WINDOWS\system32\mswsock.dll
0x00007ff8ae3a0000 - 0x00007ff8ae3b6000 	C:\Users\abdelkader\.vscode\extensions\redhat.java-1.25.1-win32-x64\jre\17.0.9-win32-x86_64\bin\nio.dll
0x00007ff8b00a0000 - 0x00007ff8b00b0000 	c:\Users\abdelkader\.vscode\extensions\redhat.java-1.25.1-win32-x64\jre\17.0.9-win32-x86_64\bin\verify.dll
0x00007ff894aa0000 - 0x00007ff894ade000 	C:\Users\abdelkader\AppData\Roaming\Code\User\globalStorage\redhat.java\1.25.1\config_ss_win\org.eclipse.equinox.launcher\org.eclipse.equinox.launcher.win32.win32.x86_64_1.2.800.v20231003-1442\eclipse_11802.dll
0x00007ff8cc160000 - 0x00007ff8cc28b000 	C:\WINDOWS\System32\ole32.dll
0x00007ff8ca590000 - 0x00007ff8ca5a8000 	C:\WINDOWS\SYSTEM32\CRYPTSP.dll
0x00007ff8c9910000 - 0x00007ff8c9944000 	C:\WINDOWS\system32\rsaenh.dll
0x00007ff8cab40000 - 0x00007ff8cab67000 	C:\WINDOWS\System32\bcrypt.dll
0x00007ff8ca840000 - 0x00007ff8ca86e000 	C:\WINDOWS\SYSTEM32\USERENV.dll
0x00007ff8ca150000 - 0x00007ff8ca15c000 	C:\WINDOWS\SYSTEM32\CRYPTBASE.dll
0x00007ff8c9cd0000 - 0x00007ff8c9d0b000 	C:\WINDOWS\SYSTEM32\IPHLPAPI.DLL
0x00007ff8cd020000 - 0x00007ff8cd028000 	C:\WINDOWS\System32\NSI.dll
0x00007ff8c3b70000 - 0x00007ff8c3b87000 	C:\WINDOWS\SYSTEM32\dhcpcsvc6.DLL
0x00007ff8c3cf0000 - 0x00007ff8c3d0d000 	C:\WINDOWS\SYSTEM32\dhcpcsvc.DLL
0x00007ff8c9d10000 - 0x00007ff8c9dda000 	C:\WINDOWS\SYSTEM32\DNSAPI.dll
0x00007ff892cc0000 - 0x00007ff892d05000 	C:\Users\abdelkader\AppData\Local\Temp\jna--2094131983\jna4394797359727952053.dll
0x00007ff8cc290000 - 0x00007ff8cc298000 	C:\WINDOWS\System32\PSAPI.DLL

dbghelp: loaded successfully - version: 4.0.5 - missing functions: none
symbol engine: initialized successfully - sym options: 0x614 - pdb path: .;c:\Users\abdelkader\.vscode\extensions\redhat.java-1.25.1-win32-x64\jre\17.0.9-win32-x86_64\bin;C:\WINDOWS\SYSTEM32;C:\WINDOWS\WinSxS\amd64_microsoft.windows.common-controls_6595b64144ccf1df_6.0.19041.3636_none_60b6a03d71f818d5;c:\Users\abdelkader\.vscode\extensions\redhat.java-1.25.1-win32-x64\jre\17.0.9-win32-x86_64\bin\server;C:\Users\abdelkader\AppData\Roaming\Code\User\globalStorage\redhat.java\1.25.1\config_ss_win\org.eclipse.equinox.launcher\org.eclipse.equinox.launcher.win32.win32.x86_64_1.2.800.v20231003-1442;C:\Users\abdelkader\AppData\Local\Temp\jna--2094131983

VM Arguments:
jvm_args: --add-modules=ALL-SYSTEM --add-opens=java.base/java.util=ALL-UNNAMED --add-opens=java.base/java.lang=ALL-UNNAMED --add-opens=java.base/sun.nio.fs=ALL-UNNAMED -Declipse.application=org.eclipse.jdt.ls.core.id1 -Dosgi.bundles.defaultStartLevel=4 -Declipse.product=org.eclipse.jdt.ls.core.product -Djava.import.generatesMetadataFilesAtProjectRoot=false -DDetectVMInstallationsJob.disabled=true -Dfile.encoding=utf8 -XX:+UseParallelGC -XX:GCTimeRatio=4 -XX:AdaptiveSizePolicyWeight=90 -Dsun.zip.disableMemoryMapping=true -Xmx1G -Xms100m -Xlog:disable -javaagent:c:\Users\abdelkader\.vscode\extensions\redhat.java-1.25.1-win32-x64\lombok\lombok-1.18.30.jar 
java_command: c:\Users\abdelkader\.vscode\extensions\redhat.java-1.25.1-win32-x64\server\plugins\org.eclipse.equinox.launcher_1.6.600.v20231106-1826.jar -configuration c:\Users\abdelkader\AppData\Roaming\Code\User\globalStorage\redhat.java\1.25.1\config_ss_win -data c:\Users\abdelkader\AppData\Roaming\Code\User\workspaceStorage\4bbaa65c982651e4835262f9be950502\redhat.java\ss_ws --stdio
java_class_path (initial): c:\Users\abdelkader\.vscode\extensions\redhat.java-1.25.1-win32-x64\server\plugins\org.eclipse.equinox.launcher_1.6.600.v20231106-1826.jar
Launcher Type: SUN_STANDARD

[Global flags]
    uintx AdaptiveSizePolicyWeight                 = 90                                        {product} {command line}
     intx CICompilerCount                          = 3                                         {product} {ergonomic}
    uintx GCTimeRatio                              = 4                                         {product} {command line}
   size_t InitialHeapSize                          = 104857600                                 {product} {command line}
   size_t MaxHeapSize                              = 1073741824                                {product} {command line}
   size_t MaxNewSize                               = 357564416                                 {product} {ergonomic}
   size_t MinHeapDeltaBytes                        = 524288                                    {product} {ergonomic}
   size_t MinHeapSize                              = 104857600                                 {product} {command line}
   size_t NewSize                                  = 34603008                                  {product} {ergonomic}
    uintx NonNMethodCodeHeapSize                   = 5832780                                {pd product} {ergonomic}
    uintx NonProfiledCodeHeapSize                  = 122912730                              {pd product} {ergonomic}
   size_t OldSize                                  = 70254592                                  {product} {ergonomic}
    uintx ProfiledCodeHeapSize                     = 122912730                              {pd product} {ergonomic}
    uintx ReservedCodeCacheSize                    = 251658240                              {pd product} {ergonomic}
     bool SegmentedCodeCache                       = true                                      {product} {ergonomic}
   size_t SoftMaxHeapSize                          = 1073741824                             {manageable} {ergonomic}
     bool UseCompressedClassPointers               = true                           {product lp64_product} {ergonomic}
     bool UseCompressedOops                        = true                           {product lp64_product} {ergonomic}
     bool UseLargePagesIndividualAllocation        = false                                  {pd product} {ergonomic}
     bool UseParallelGC                            = true                                      {product} {command line}

Logging:
Log output configuration:
 #0: stdout all=off uptime,level,tags
 #1: stderr all=off uptime,level,tags

Environment Variables:
PATH=C:\Program Files\Eclipse Adoptium\jdk-21.0.1.12-hotspot\bin;C:\Program Files\Common Files\Oracle\Java\javapath;C:\app\abdelkader\product\21c\dbhomeXE\bin;C:\Program Files (x86)\Common Files\Oracle\Java\javapath;C:\Program Files (x86)\Common Files\Intel\Shared Libraries\redist\intel64\compiler;C:\WINDOWS\system32;C:\WINDOWS;C:\WINDOWS\System32\Wbem;C:\WINDOWS\System32\WindowsPowerShell\v1.0\;C:\WINDOWS\System32\OpenSSH\;C:\Users\abdelkader\AppData\Local\Programs\Python\Python311\Scripts\;C:\Users\abdelkader\AppData\Local\Programs\Python\Python311\;C:\blp\DAPI;C:\blp\DAPI\DDE;C:\Users\abdelkader\AppData\Local\Programs\Python\Python38-32\Scripts\;C:\Users\abdelkader\AppData\Local\Programs\Python\Python38-32\;C:\Users\abdelkader\AppData\Local\Microsoft\WindowsApps;C:\Program Files (x86)\Java\jre-1.8\bin;C:\MinGW\bin;C:\Program Files (x86)\Java\jre-1.8\bin;;C:\Users\abdelkader\AppData\Local\Programs\Microsoft VS Code\bin
USERNAME=abdelkader
OS=Windows_NT
PROCESSOR_IDENTIFIER=Intel64 Family 6 Model 61 Stepping 4, GenuineIntel
TMP=C:\Users\ABDELK~1\AppData\Local\Temp
TEMP=C:\Users\ABDELK~1\AppData\Local\Temp



Periodic native trim disabled


---------------  S Y S T E M  ---------------

OS:
 Windows 10 , 64 bit Build 19041 (10.0.19041.3636)
OS uptime: 0 days 2:01 hours
Hyper-V role detected

CPU: total 4 (initial active 4) (2 cores per cpu, 2 threads per core) family 6 model 61 stepping 4 microcode 0x2d, cx8, cmov, fxsr, ht, mmx, 3dnowpref, sse, sse2, sse3, ssse3, sse4.1, sse4.2, popcnt, lzcnt, tsc, tscinvbit, avx, avx2, aes, erms, clmul, bmi1, bmi2, rtm, adx, fma, vzeroupper, clflush, hv
Processor Information for all 4 processors :
  Max Mhz: 2301, Current Mhz: 2301, Mhz Limit: 2301

Memory: 4k page, system-wide physical 12163M (2262M free)
TotalPageFile size 12163M (AvailPageFile size 19M)
current process WorkingSet (physical memory assigned to process): 194M, peak: 199M
current process commit charge ("private bytes"): 275M, peak: 281M

vm_info: OpenJDK 64-Bit Server VM (17.0.9+9) for windows-amd64 JRE (17.0.9+9), built on Oct 26 2023 14:01:42 by "admin" with MS VC++ 16.10 / 16.11 (VS2019)

END.
