#
# There is insufficient memory for the Java Runtime Environment to continue.
# Native memory allocation (mmap) failed to map 65536 bytes for Failed to commit metaspace.
# Possible reasons:
#   The system is out of physical RAM or swap space
#   The process is running with CompressedOops enabled, and the Java Heap may be blocking the growth of the native heap
# Possible solutions:
#   Reduce memory load on the system
#   Increase physical memory or swap space
#   Check if swap backing store is full
#   Decrease Java heap size (-Xmx/-Xms)
#   Decrease number of Java threads
#   Decrease Java thread stack sizes (-Xss)
#   Set larger code cache with -XX:ReservedCodeCacheSize=
#   JVM is running with Unscaled Compressed Oops mode in which the Java heap is
#     placed in the first 4GB address space. The Java Heap base address is the
#     maximum limit for the native heap growth. Please use -XX:HeapBaseMinAddress
#     to set the Java Heap base and to place the Java Heap above 4GB virtual address.
# This output file may be truncated or incomplete.
#
#  Out of Memory Error (virtualSpaceNode.cpp:110), pid=5032, tid=7836
#
# JRE version:  (17.0.9+9) (build )
# Java VM: OpenJDK 64-Bit Server VM (17.0.9+9, mixed mode, tiered, compressed oops, compressed class ptrs, parallel gc, windows-amd64)
# No core dump will be written. Minidumps are not enabled by default on client versions of Windows
#

---------------  S U M M A R Y ------------

Command Line: --add-modules=ALL-SYSTEM --add-opens=java.base/java.util=ALL-UNNAMED --add-opens=java.base/java.lang=ALL-UNNAMED --add-opens=java.base/sun.nio.fs=ALL-UNNAMED -Declipse.application=org.eclipse.jdt.ls.core.id1 -Dosgi.bundles.defaultStartLevel=4 -Declipse.product=org.eclipse.jdt.ls.core.product -Djava.import.generatesMetadataFilesAtProjectRoot=false -DDetectVMInstallationsJob.disabled=true -Dfile.encoding=utf8 -XX:+UseParallelGC -XX:GCTimeRatio=4 -XX:AdaptiveSizePolicyWeight=90 -Dsun.zip.disableMemoryMapping=true -Xmx1G -Xms100m -Xlog:disable -javaagent:c:\Users\abdelkader\.vscode\extensions\redhat.java-1.25.1-win32-x64\lombok\lombok-1.18.30.jar c:\Users\abdelkader\.vscode\extensions\redhat.java-1.25.1-win32-x64\server\plugins\org.eclipse.equinox.launcher_1.6.600.v20231106-1826.jar -configuration c:\Users\abdelkader\AppData\Roaming\Code\User\globalStorage\redhat.java\1.25.1\config_ss_win -data c:\Users\abdelkader\AppData\Roaming\Code\User\workspaceStorage\4bbaa65c982651e4835262f9be950502\redhat.java\ss_ws --stdio

Host: Intel(R) Core(TM) i5-5300U CPU @ 2.30GHz, 4 cores, 11G,  Windows 10 , 64 bit Build 19041 (10.0.19041.3636)
Time: Sun Dec 10 02:19:16 2023 Morocco Daylight Time elapsed time: 0.231956 seconds (0d 0h 0m 0s)

---------------  T H R E A D  ---------------

Current thread (0x0000022aa718a770):  JavaThread "main" [_thread_in_vm, id=7836, stack(0x000000655f000000,0x000000655f100000)]

Stack: [0x000000655f000000,0x000000655f100000]
Native frames: (J=compiled Java code, j=interpreted, Vv=VM code, C=native code)
V  [jvm.dll+0x67cf49]
V  [jvm.dll+0x83478a]
V  [jvm.dll+0x83624e]
V  [jvm.dll+0x8368b3]
V  [jvm.dll+0x247f1f]
V  [jvm.dll+0x83044b]
V  [jvm.dll+0x621776]
V  [jvm.dll+0x6217da]
V  [jvm.dll+0x62400a]
V  [jvm.dll+0x622116]
V  [jvm.dll+0x23c46f]
V  [jvm.dll+0x62bfc5]
V  [jvm.dll+0x1ebfdb]
V  [jvm.dll+0x1ec515]
V  [jvm.dll+0x1ecfd0]
V  [jvm.dll+0x1e23d1]
V  [jvm.dll+0x54305e]
V  [jvm.dll+0x1f2e27]
V  [jvm.dll+0x7adb8b]
V  [jvm.dll+0x7aef5c]
V  [jvm.dll+0x7af2a8]
V  [jvm.dll+0x2401ee]
V  [jvm.dll+0x24043f]
V  [jvm.dll+0x561338]
V  [jvm.dll+0x564237]
V  [jvm.dll+0x386eb2]
V  [jvm.dll+0x38651f]
C  0x0000022ab2b59ca3

The last pc belongs to invokestatic (printed below).
Java frames: (J=compiled Java code, j=interpreted, Vv=VM code)
j  java.nio.Buffer.<clinit>()V+22 java.base
v  ~StubRoutines::call_stub
j  sun.nio.cs.StreamEncoder.<init>(Ljava/io/OutputStream;Ljava/lang/Object;Ljava/nio/charset/CharsetEncoder;)V+42 java.base
j  sun.nio.cs.StreamEncoder.<init>(Ljava/io/OutputStream;Ljava/lang/Object;Ljava/nio/charset/Charset;)V+19 java.base
j  sun.nio.cs.StreamEncoder.forOutputStreamWriter(Ljava/io/OutputStream;Ljava/lang/Object;Ljava/nio/charset/Charset;)Lsun/nio/cs/StreamEncoder;+7 java.base
j  java.io.OutputStreamWriter.<init>(Ljava/io/OutputStream;)V+11 java.base
j  java.io.PrintStream.<init>(ZLjava/io/OutputStream;)V+26 java.base
j  java.io.PrintStream.<init>(Ljava/io/OutputStream;Z)V+11 java.base
j  java.lang.System.newPrintStream(Ljava/io/FileOutputStream;Ljava/lang/String;)Ljava/io/PrintStream;+42 java.base
j  java.lang.System.initPhase1()V+92 java.base
v  ~StubRoutines::call_stub
invokestatic  184 invokestatic  [0x0000022ab2b59c00, 0x0000022ab2b59ec0]  704 bytes
[MachCode]
  0x0000022ab2b59c00: 4883 ec08 | c5fa 1104 | 24eb 1f48 | 83ec 10c5 | fb11 0424 | eb14 4883 | ec10 4889 | 0424 48c7 
  0x0000022ab2b59c20: 4424 0800 | 0000 00eb | 0150 4c89 | 6dc0 410f | b755 0148 | 8b4d d0c1 | e202 8b5c | d120 c1eb 
  0x0000022ab2b59c40: 1081 e3ff | 0000 0081 | fbb8 0000 | 000f 84b6 | 0000 00bb | b800 0000 | e805 0000 | 00e9 9b00 
  0x0000022ab2b59c60: 0000 488b | d348 8d44 | 2408 4c89 | 6dc0 498b | cfc5 f877 | 4989 afa8 | 0200 0049 | 8987 9802 
  0x0000022ab2b59c80: 0000 4883 | ec20 f7c4 | 0f00 0000 | 0f84 1a00 | 0000 4883 | ec08 49ba | b064 5979 | fe7f 0000 
  0x0000022ab2b59ca0: 41ff d248 | 83c4 08e9 | 0d00 0000 | 49ba b064 | 5979 fe7f | 0000 41ff | d248 83c4 | 2049 c787 
  0x0000022ab2b59cc0: 9802 0000 | 0000 0000 | 49c7 87a8 | 0200 0000 | 0000 0049 | c787 a002 | 0000 0000 | 0000 c5f8 
  0x0000022ab2b59ce0: 7749 817f | 0800 0000 | 000f 8405 | 0000 00e9 | 0c72 feff | 4c8b 6dc0 | 4c8b 75c8 | c341 0fb7 
  0x0000022ab2b59d00: 5501 488b | 4dd0 c1e2 | 0248 8b5c | d128 488b | 5b08 488b | 5b08 488b | 5b18 80bb | 3301 0000 
  0x0000022ab2b59d20: 040f 840d | 0000 004c | 3bbb 3801 | 0000 0f85 | 1fff ffff | 488b 5cd1 | 288b 54d1 | 38c1 ea1c 
  0x0000022ab2b59d40: 49ba a059 | db79 fe7f | 0000 498b | 14d2 5248 | 8b45 d848 | 85c0 0f84 | 1200 0000 | 4883 4008 
  0x0000022ab2b59d60: 0148 8358 | 0800 4883 | c010 4889 | 45d8 488b | 45d8 4885 | c00f 8423 | 0100 0080 | 78f0 0a0f 
  0x0000022ab2b59d80: 8519 0100 | 0048 83c0 | 084c 8b68 | f841 83ed | 0041 83fd | 020f 8cf8 | 0000 004c | 8b6b 0845 
  0x0000022ab2b59da0: 0fb7 6d2c | 4c2b 2841 | 83ed 014e | 8b6c ec08 | 4d85 ed75 | 0748 8348 | 0801 eb4a | 458b 6d08 
  0x0000022ab2b59dc0: 49c1 e503 | 4c33 6808 | 49f7 c5fc | ffff ff74 | 3549 f7c5 | 0200 0000 | 752c 4881 | 7808 0000 
  0x0000022ab2b59de0: 0000 741e | 4881 7808 | 0100 0000 | 7414 4c33 | 6808 49f7 | c5fc ffff | ff74 0b48 | 8348 0802 
  0x0000022ab2b59e00: eb04 4c89 | 6808 4883 | c010 4c8b | 68e8 4183 | ed02 4183 | fd02 0f8c | 7700 0000 | 4c8b 6b08 
  0x0000022ab2b59e20: 450f b76d | 2c4c 2b28 | 4183 ed01 | 4e8b 6cec | 084d 85ed | 7507 4883 | 4808 01eb | 4a45 8b6d 
  0x0000022ab2b59e40: 0849 c1e5 | 034c 3368 | 0849 f7c5 | fcff ffff | 7435 49f7 | c502 0000 | 0075 2c48 | 8178 0800 
  0x0000022ab2b59e60: 0000 0074 | 1e48 8178 | 0801 0000 | 0074 144c | 3368 0849 | f7c5 fcff | ffff 740b | 4883 4808 
  0x0000022ab2b59e80: 02eb 044c | 8968 0848 | 83c0 104c | 8b68 d841 | 83ed 0441 | c1e5 0349 | 03c5 4889 | 45d8 4c8d 
  0x0000022ab2b59ea0: 6c24 084c | 896d f0ff | 6350 660f | 1f44 0000 | 0000 0000 | 0000 0000 | 0000 0000 | 0000 0000 
[/MachCode]

---------------  P R O C E S S  ---------------

Threads class SMR info:
_java_thread_list=0x0000022aa72364f0, length=3, elements={
0x0000022aa718a770, 0x0000022aa72376a0, 0x0000022abcf12280
}

Java Threads: ( => current thread )
=>0x0000022aa718a770 JavaThread "main" [_thread_in_vm, id=7836, stack(0x000000655f000000,0x000000655f100000)]
  0x0000022aa72376a0 JavaThread "Reference Handler" daemon [_thread_blocked, id=8344, stack(0x000000655f400000,0x000000655f500000)]
  0x0000022abcf12280 JavaThread "Finalizer" daemon [_thread_blocked, id=17308, stack(0x000000655f500000,0x000000655f600000)]

Other Threads:
  0x0000022abcef8ae0 VMThread "VM Thread" [stack: 0x000000655f300000,0x000000655f400000] [id=18440]
  0x0000022aa719f7f0 GCTaskThread "GC Thread#0" [stack: 0x000000655f200000,0x000000655f300000] [id=17248]

Threads with active compile tasks:

VM state: not at safepoint (normal execution)

VM Mutex/Monitor currently owned by a thread:  ([mutex/lock_event])
[0x0000022aa7184f60] Metaspace_lock - owner thread: 0x0000022aa718a770

Heap address: 0x00000000c0000000, size: 1024 MB, Compressed Oops mode: 32-bit

CDS archive(s) not mapped
Compressed class space mapped at: 0x0000000100000000-0x0000000140000000, reserved size: 1073741824
Narrow klass base: 0x0000000000000000, Narrow klass shift: 3, Narrow klass range: 0x140000000

GC Precious Log:
 CPUs: 4 total, 4 available
 Memory: 12163M
 Large Page Support: Disabled
 NUMA Support: Disabled
 Compressed Oops: Enabled (32-bit)
 Alignments: Space 512K, Generation 512K, Heap 2M
 Heap Min Capacity: 100M
 Heap Initial Capacity: 100M
 Heap Max Capacity: 1G
 Pre-touch: Disabled
 Parallel Workers: 4

Heap:
 PSYoungGen      total 29696K, used 1024K [0x00000000eab00000, 0x00000000ecc00000, 0x0000000100000000)
  eden space 25600K, 4% used [0x00000000eab00000,0x00000000eac00138,0x00000000ec400000)
  from space 4096K, 0% used [0x00000000ec800000,0x00000000ec800000,0x00000000ecc00000)
  to   space 4096K, 0% used [0x00000000ec400000,0x00000000ec400000,0x00000000ec800000)
 ParOldGen       total 68608K, used 0K [0x00000000c0000000, 0x00000000c4300000, 0x00000000eab00000)
  object space 68608K, 0% used [0x00000000c0000000,0x00000000c0000000,0x00000000c4300000)
 Metaspace       used 2036K, committed 2048K, reserved 1114112K
  class space    used 180K, committed 192K, reserved 1048576K

Card table byte_map: [0x0000022aba7f0000,0x0000022abaa00000] _byte_map_base: 0x0000022aba1f0000

Marking Bits: (ParMarkBitMap*) 0x00007ffe79dad0b0
 Begin Bits: [0x0000022abab60000, 0x0000022abbb60000)
 End Bits:   [0x0000022abbb60000, 0x0000022abcb60000)

Polling page: 0x0000022aa7020000

Metaspace:

Usage:
  Non-class:      1.81 MB used.
      Class:    180.30 KB used.
       Both:      1.99 MB used.

Virtual space:
  Non-class space:       64.00 MB reserved,       1.81 MB (  3%) committed,  1 nodes.
      Class space:        1.00 GB reserved,     192.00 KB ( <1%) committed,  1 nodes.
             Both:        1.06 GB reserved,       2.00 MB ( <1%) committed. 

Chunk freelists:
   Non-Class:  12.00 MB
       Class:  15.75 MB
        Both:  27.75 MB

MaxMetaspaceSize: unlimited
CompressedClassSpaceSize: 1.00 GB
Initial GC threshold: 21.00 MB
Current GC threshold: 17179869184.00 GB
CDS: off
MetaspaceReclaimPolicy: balanced
 - commit_granule_bytes: 65536.
 - commit_granule_words: 8192.
 - virtual_space_node_default_size: 8388608.
 - enlarge_chunks_in_place: 1.
 - new_chunks_are_fully_committed: 0.
 - uncommit_free_chunks: 1.
 - use_allocation_guard: 0.
 - handle_deallocations: 1.


Internal statistics:

num_allocs_failed_limit: 0.
num_arena_births: 2.
num_arena_deaths: 0.
num_vsnodes_births: 2.
num_vsnodes_deaths: 0.
num_space_committed: 32.
num_space_uncommitted: 0.
num_chunks_returned_to_freelist: 0.
num_chunks_taken_from_freelist: 3.
num_chunk_merges: 0.
num_chunk_splits: 2.
num_chunks_enlarged: 0.
num_inconsistent_stats: 0.

CodeHeap 'non-profiled nmethods': size=120000Kb used=0Kb max_used=0Kb free=120000Kb
 bounds [0x0000022ab30e0000, 0x0000022ab3350000, 0x0000022aba610000]
CodeHeap 'profiled nmethods': size=120000Kb used=0Kb max_used=0Kb free=120000Kb
 bounds [0x0000022aab610000, 0x0000022aab880000, 0x0000022ab2b40000]
CodeHeap 'non-nmethods': size=5760Kb used=376Kb max_used=376Kb free=5383Kb
 bounds [0x0000022ab2b40000, 0x0000022ab2db0000, 0x0000022ab30e0000]
 total_blobs=172 nmethods=0 adapters=145
 compilation: enabled
              stopped_count=0, restarted_count=0
 full_count=0

Compilation events (0 events):
No events

GC Heap History (0 events):
No events

Dll operation events (1 events):
Event: 0.024 Loaded shared library c:\Users\abdelkader\.vscode\extensions\redhat.java-1.25.1-win32-x64\jre\17.0.9-win32-x86_64\bin\java.dll

Deoptimization events (0 events):
No events

Classes unloaded (0 events):
No events

Classes redefined (0 events):
No events

Internal exceptions (0 events):
No events

VM Operations (0 events):
No events

Events (20 events):
Event: 0.176 loading class sun/nio/cs/US_ASCII done
Event: 0.176 loading class java/nio/charset/StandardCharsets
Event: 0.176 loading class java/nio/charset/StandardCharsets done
Event: 0.176 loading class sun/nio/cs/UTF_16BE
Event: 0.177 loading class sun/nio/cs/UTF_16BE done
Event: 0.177 loading class sun/nio/cs/UTF_16LE
Event: 0.177 loading class sun/nio/cs/UTF_16LE done
Event: 0.177 loading class sun/nio/cs/UTF_16
Event: 0.177 loading class sun/nio/cs/UTF_16 done
Event: 0.177 loading class sun/nio/cs/StreamEncoder
Event: 0.177 loading class sun/nio/cs/StreamEncoder done
Event: 0.177 loading class sun/nio/cs/UTF_8$Encoder
Event: 0.177 loading class java/nio/charset/CharsetEncoder
Event: 0.178 loading class java/nio/charset/CharsetEncoder done
Event: 0.178 loading class sun/nio/cs/UTF_8$Encoder done
Event: 0.178 loading class java/nio/charset/CodingErrorAction
Event: 0.178 loading class java/nio/charset/CodingErrorAction done
Event: 0.178 loading class java/nio/ByteBuffer
Event: 0.178 loading class java/nio/ByteBuffer done
Event: 0.179 loading class jdk/internal/misc/ScopedMemoryAccess


Dynamic libraries:
0x00007ff68bb00000 - 0x00007ff68bb0e000 	c:\Users\abdelkader\.vscode\extensions\redhat.java-1.25.1-win32-x64\jre\17.0.9-win32-x86_64\bin\java.exe
0x00007ffebc3d0000 - 0x00007ffebc5c8000 	C:\WINDOWS\SYSTEM32\ntdll.dll
0x00007ffebb4d0000 - 0x00007ffebb58d000 	C:\WINDOWS\System32\KERNEL32.DLL
0x00007ffeb9ab0000 - 0x00007ffeb9da6000 	C:\WINDOWS\System32\KERNELBASE.dll
0x00007ffeb6de0000 - 0x00007ffeb6e70000 	C:\WINDOWS\SYSTEM32\apphelp.dll
0x00007ffeba0c0000 - 0x00007ffeba1c0000 	C:\WINDOWS\System32\ucrtbase.dll
0x00007ffeb70e0000 - 0x00007ffeb70f7000 	c:\Users\abdelkader\.vscode\extensions\redhat.java-1.25.1-win32-x64\jre\17.0.9-win32-x86_64\bin\jli.dll
0x00007ffebbf10000 - 0x00007ffebc0ae000 	C:\WINDOWS\System32\USER32.dll
0x00007ffeba090000 - 0x00007ffeba0b2000 	C:\WINDOWS\System32\win32u.dll
0x00007ffeba560000 - 0x00007ffeba58c000 	C:\WINDOWS\System32\GDI32.dll
0x00007ffeba1c0000 - 0x00007ffeba2da000 	C:\WINDOWS\System32\gdi32full.dll
0x00007ffeba2e0000 - 0x00007ffeba37d000 	C:\WINDOWS\System32\msvcp_win.dll
0x00007ffeb5150000 - 0x00007ffeb516b000 	c:\Users\abdelkader\.vscode\extensions\redhat.java-1.25.1-win32-x64\jre\17.0.9-win32-x86_64\bin\VCRUNTIME140.dll
0x00007ffea9280000 - 0x00007ffea951a000 	C:\WINDOWS\WinSxS\amd64_microsoft.windows.common-controls_6595b64144ccf1df_6.0.19041.3636_none_60b6a03d71f818d5\COMCTL32.dll
0x00007ffebc140000 - 0x00007ffebc1de000 	C:\WINDOWS\System32\msvcrt.dll
0x00007ffeba6b0000 - 0x00007ffeba6e0000 	C:\WINDOWS\System32\IMM32.DLL
0x00007ffeb70a0000 - 0x00007ffeb70ac000 	c:\Users\abdelkader\.vscode\extensions\redhat.java-1.25.1-win32-x64\jre\17.0.9-win32-x86_64\bin\vcruntime140_1.dll
0x00007ffea3960000 - 0x00007ffea39ed000 	c:\Users\abdelkader\.vscode\extensions\redhat.java-1.25.1-win32-x64\jre\17.0.9-win32-x86_64\bin\msvcp140.dll
0x00007ffe79210000 - 0x00007ffe79e71000 	c:\Users\abdelkader\.vscode\extensions\redhat.java-1.25.1-win32-x64\jre\17.0.9-win32-x86_64\bin\server\jvm.dll
0x00007ffebada0000 - 0x00007ffebae4f000 	C:\WINDOWS\System32\ADVAPI32.dll
0x00007ffebad00000 - 0x00007ffebad9c000 	C:\WINDOWS\System32\sechost.dll
0x00007ffebb3a0000 - 0x00007ffebb4c6000 	C:\WINDOWS\System32\RPCRT4.dll
0x00007ffeb9910000 - 0x00007ffeb995b000 	C:\WINDOWS\SYSTEM32\POWRPROF.dll
0x00007ffe9e9e0000 - 0x00007ffe9e9e9000 	C:\WINDOWS\SYSTEM32\WSOCK32.dll
0x00007ffebb330000 - 0x00007ffebb39b000 	C:\WINDOWS\System32\WS2_32.dll
0x00007ffea6fe0000 - 0x00007ffea7007000 	C:\WINDOWS\SYSTEM32\WINMM.dll
0x00007ffeb7000000 - 0x00007ffeb700a000 	C:\WINDOWS\SYSTEM32\VERSION.dll
0x00007ffeb98f0000 - 0x00007ffeb9902000 	C:\WINDOWS\SYSTEM32\UMPDC.dll
0x00007ffeb7b10000 - 0x00007ffeb7b22000 	C:\WINDOWS\SYSTEM32\kernel.appcore.dll
0x00007ffeb5130000 - 0x00007ffeb513a000 	c:\Users\abdelkader\.vscode\extensions\redhat.java-1.25.1-win32-x64\jre\17.0.9-win32-x86_64\bin\jimage.dll
0x00007ffea2040000 - 0x00007ffea2224000 	C:\WINDOWS\SYSTEM32\DBGHELP.DLL
0x00007ffea2000000 - 0x00007ffea2034000 	C:\WINDOWS\SYSTEM32\dbgcore.DLL
0x00007ffeb9f80000 - 0x00007ffeba002000 	C:\WINDOWS\System32\bcryptPrimitives.dll
0x00007ffeb5120000 - 0x00007ffeb512e000 	c:\Users\abdelkader\.vscode\extensions\redhat.java-1.25.1-win32-x64\jre\17.0.9-win32-x86_64\bin\instrument.dll
0x00007ffeb3f90000 - 0x00007ffeb3fb5000 	c:\Users\abdelkader\.vscode\extensions\redhat.java-1.25.1-win32-x64\jre\17.0.9-win32-x86_64\bin\java.dll
0x00007ffeb50e0000 - 0x00007ffeb50f8000 	c:\Users\abdelkader\.vscode\extensions\redhat.java-1.25.1-win32-x64\jre\17.0.9-win32-x86_64\bin\zip.dll
0x00007ffebb5b0000 - 0x00007ffebbcf4000 	C:\WINDOWS\System32\SHELL32.dll
0x00007ffeb7b30000 - 0x00007ffeb82cb000 	C:\WINDOWS\SYSTEM32\windows.storage.dll
0x00007ffeba790000 - 0x00007ffebaae4000 	C:\WINDOWS\System32\combase.dll
0x00007ffeb9340000 - 0x00007ffeb936d000 	C:\WINDOWS\SYSTEM32\Wldp.dll
0x00007ffebaaf0000 - 0x00007ffebab9d000 	C:\WINDOWS\System32\SHCORE.dll
0x00007ffebac90000 - 0x00007ffebace5000 	C:\WINDOWS\System32\shlwapi.dll
0x00007ffeb99e0000 - 0x00007ffeb9a05000 	C:\WINDOWS\SYSTEM32\profapi.dll

dbghelp: loaded successfully - version: 4.0.5 - missing functions: none
symbol engine: initialized successfully - sym options: 0x614 - pdb path: .;c:\Users\abdelkader\.vscode\extensions\redhat.java-1.25.1-win32-x64\jre\17.0.9-win32-x86_64\bin;C:\WINDOWS\SYSTEM32;C:\WINDOWS\WinSxS\amd64_microsoft.windows.common-controls_6595b64144ccf1df_6.0.19041.3636_none_60b6a03d71f818d5;c:\Users\abdelkader\.vscode\extensions\redhat.java-1.25.1-win32-x64\jre\17.0.9-win32-x86_64\bin\server

VM Arguments:
jvm_args: --add-modules=ALL-SYSTEM --add-opens=java.base/java.util=ALL-UNNAMED --add-opens=java.base/java.lang=ALL-UNNAMED --add-opens=java.base/sun.nio.fs=ALL-UNNAMED -Declipse.application=org.eclipse.jdt.ls.core.id1 -Dosgi.bundles.defaultStartLevel=4 -Declipse.product=org.eclipse.jdt.ls.core.product -Djava.import.generatesMetadataFilesAtProjectRoot=false -DDetectVMInstallationsJob.disabled=true -Dfile.encoding=utf8 -XX:+UseParallelGC -XX:GCTimeRatio=4 -XX:AdaptiveSizePolicyWeight=90 -Dsun.zip.disableMemoryMapping=true -Xmx1G -Xms100m -Xlog:disable -javaagent:c:\Users\abdelkader\.vscode\extensions\redhat.java-1.25.1-win32-x64\lombok\lombok-1.18.30.jar 
java_command: c:\Users\abdelkader\.vscode\extensions\redhat.java-1.25.1-win32-x64\server\plugins\org.eclipse.equinox.launcher_1.6.600.v20231106-1826.jar -configuration c:\Users\abdelkader\AppData\Roaming\Code\User\globalStorage\redhat.java\1.25.1\config_ss_win -data c:\Users\abdelkader\AppData\Roaming\Code\User\workspaceStorage\4bbaa65c982651e4835262f9be950502\redhat.java\ss_ws --stdio
java_class_path (initial): c:\Users\abdelkader\.vscode\extensions\redhat.java-1.25.1-win32-x64\server\plugins\org.eclipse.equinox.launcher_1.6.600.v20231106-1826.jar
Launcher Type: SUN_STANDARD

[Global flags]
    uintx AdaptiveSizePolicyWeight                 = 90                                        {product} {command line}
     intx CICompilerCount                          = 3                                         {product} {ergonomic}
    uintx GCTimeRatio                              = 4                                         {product} {command line}
   size_t InitialHeapSize                          = 104857600                                 {product} {command line}
   size_t MaxHeapSize                              = 1073741824                                {product} {command line}
   size_t MaxNewSize                               = 357564416                                 {product} {ergonomic}
   size_t MinHeapDeltaBytes                        = 524288                                    {product} {ergonomic}
   size_t MinHeapSize                              = 104857600                                 {product} {command line}
   size_t NewSize                                  = 34603008                                  {product} {ergonomic}
    uintx NonNMethodCodeHeapSize                   = 5832780                                {pd product} {ergonomic}
    uintx NonProfiledCodeHeapSize                  = 122912730                              {pd product} {ergonomic}
   size_t OldSize                                  = 70254592                                  {product} {ergonomic}
    uintx ProfiledCodeHeapSize                     = 122912730                              {pd product} {ergonomic}
    uintx ReservedCodeCacheSize                    = 251658240                              {pd product} {ergonomic}
     bool SegmentedCodeCache                       = true                                      {product} {ergonomic}
   size_t SoftMaxHeapSize                          = 1073741824                             {manageable} {ergonomic}
     bool UseCompressedClassPointers               = true                           {product lp64_product} {ergonomic}
     bool UseCompressedOops                        = true                           {product lp64_product} {ergonomic}
     bool UseLargePagesIndividualAllocation        = false                                  {pd product} {ergonomic}
     bool UseParallelGC                            = true                                      {product} {command line}

Logging:
Log output configuration:
 #0: stdout all=off uptime,level,tags
 #1: stderr all=off uptime,level,tags

Environment Variables:
PATH=C:\app\abdelkader\product\21c\dbhomeXE\bin;C:\Program Files (x86)\Common Files\Oracle\Java\javapath;C:\Program Files (x86)\Common Files\Intel\Shared Libraries\redist\intel64\compiler;C:\WINDOWS\system32;C:\WINDOWS;C:\WINDOWS\System32\Wbem;C:\WINDOWS\System32\WindowsPowerShell\v1.0\;C:\WINDOWS\System32\OpenSSH\;C:\Users\abdelkader\AppData\Local\Programs\Python\Python311\Scripts\;C:\Users\abdelkader\AppData\Local\Programs\Python\Python311\;C:\blp\DAPI;C:\blp\DAPI\DDE;C:\Users\abdelkader\AppData\Local\Programs\Python\Python38-32\Scripts\;C:\Users\abdelkader\AppData\Local\Programs\Python\Python38-32\;C:\Users\abdelkader\AppData\Local\Microsoft\WindowsApps;C:\Program Files (x86)\Java\jre-1.8\bin;C:\MinGW\bin;C:\Program Files (x86)\Java\jre-1.8\bin;
USERNAME=abdelkader
OS=Windows_NT
PROCESSOR_IDENTIFIER=Intel64 Family 6 Model 61 Stepping 4, GenuineIntel
TMP=C:\Users\ABDELK~1\AppData\Local\Temp
TEMP=C:\Users\ABDELK~1\AppData\Local\Temp



Periodic native trim disabled


---------------  S Y S T E M  ---------------

OS:
 Windows 10 , 64 bit Build 19041 (10.0.19041.3636)
OS uptime: 0 days 22:42 hours
Hyper-V role detected

CPU: total 4 (initial active 4) (2 cores per cpu, 2 threads per core) family 6 model 61 stepping 4 microcode 0x2d, cx8, cmov, fxsr, ht, mmx, 3dnowpref, sse, sse2, sse3, ssse3, sse4.1, sse4.2, popcnt, lzcnt, tsc, tscinvbit, avx, avx2, aes, erms, clmul, bmi1, bmi2, rtm, adx, fma, vzeroupper, clflush, hv
Processor Information for all 4 processors :
  Max Mhz: 2301, Current Mhz: 2300, Mhz Limit: 2277

Memory: 4k page, system-wide physical 12163M (1888M free)
TotalPageFile size 12163M (AvailPageFile size 130M)
current process WorkingSet (physical memory assigned to process): 21M, peak: 21M
current process commit charge ("private bytes"): 165M, peak: 165M

vm_info: OpenJDK 64-Bit Server VM (17.0.9+9) for windows-amd64 JRE (17.0.9+9), built on Oct 26 2023 14:01:42 by "admin" with MS VC++ 16.10 / 16.11 (VS2019)

END.
