#
# There is insufficient memory for the Java Runtime Environment to continue.
# Native memory allocation (malloc) failed to allocate 32784 bytes for Chunk::new
# Possible reasons:
#   The system is out of physical RAM or swap space
#   The process is running with CompressedOops enabled, and the Java Heap may be blocking the growth of the native heap
# Possible solutions:
#   Reduce memory load on the system
#   Increase physical memory or swap space
#   Check if swap backing store is full
#   Decrease Java heap size (-Xmx/-Xms)
#   Decrease number of Java threads
#   Decrease Java thread stack sizes (-Xss)
#   Set larger code cache with -XX:ReservedCodeCacheSize=
#   JVM is running with Unscaled Compressed Oops mode in which the Java heap is
#     placed in the first 4GB address space. The Java Heap base address is the
#     maximum limit for the native heap growth. Please use -XX:HeapBaseMinAddress
#     to set the Java Heap base and to place the Java Heap above 4GB virtual address.
# This output file may be truncated or incomplete.
#
#  Out of Memory Error (arena.cpp:191), pid=11384, tid=21892
#
# JRE version: OpenJDK Runtime Environment Temurin-17.0.9+9 (17.0.9+9) (build 17.0.9+9)
# Java VM: OpenJDK 64-Bit Server VM Temurin-17.0.9+9 (17.0.9+9, mixed mode, tiered, compressed oops, compressed class ptrs, parallel gc, windows-amd64)
# No core dump will be written. Minidumps are not enabled by default on client versions of Windows
#

---------------  S U M M A R Y ------------

Command Line: --add-modules=ALL-SYSTEM --add-opens=java.base/java.util=ALL-UNNAMED --add-opens=java.base/java.lang=ALL-UNNAMED --add-opens=java.base/sun.nio.fs=ALL-UNNAMED -Declipse.application=org.eclipse.jdt.ls.core.id1 -Dosgi.bundles.defaultStartLevel=4 -Declipse.product=org.eclipse.jdt.ls.core.product -Djava.import.generatesMetadataFilesAtProjectRoot=false -DDetectVMInstallationsJob.disabled=true -Dfile.encoding=utf8 -XX:+UseParallelGC -XX:GCTimeRatio=4 -XX:AdaptiveSizePolicyWeight=90 -Dsun.zip.disableMemoryMapping=true -Xmx1G -Xms100m -Xlog:disable -javaagent:c:\Users\abdelkader\.vscode\extensions\redhat.java-1.25.1-win32-x64\lombok\lombok-1.18.30.jar c:\Users\abdelkader\.vscode\extensions\redhat.java-1.25.1-win32-x64\server\plugins\org.eclipse.equinox.launcher_1.6.600.v20231106-1826.jar -configuration c:\Users\abdelkader\AppData\Roaming\Code\User\globalStorage\redhat.java\1.25.1\config_ss_win -data c:\Users\abdelkader\AppData\Roaming\Code\User\workspaceStorage\4bbaa65c982651e4835262f9be950502\redhat.java\ss_ws --stdio

Host: Intel(R) Core(TM) i5-5300U CPU @ 2.30GHz, 4 cores, 11G,  Windows 10 , 64 bit Build 19041 (10.0.19041.3636)
Time: Sun Dec 10 02:19:14 2023 Morocco Daylight Time elapsed time: 2.281053 seconds (0d 0h 0m 2s)

---------------  T H R E A D  ---------------

Current thread (0x00000149d5f9ea10):  JavaThread "C2 CompilerThread0" daemon [_thread_in_native, id=21892, stack(0x00000016b7b00000,0x00000016b7c00000)]


Current CompileTask:
C2:   2281  992       4       java.lang.StringUTF16::compress (50 bytes)

Stack: [0x00000016b7b00000,0x00000016b7c00000]
Native frames: (J=compiled Java code, j=interpreted, Vv=VM code, C=native code)
V  [jvm.dll+0x67cf49]
V  [jvm.dll+0x83478a]
V  [jvm.dll+0x83624e]
V  [jvm.dll+0x8368b3]
V  [jvm.dll+0x247f1f]
V  [jvm.dll+0xac43c]
V  [jvm.dll+0xaca8c]
V  [jvm.dll+0x6a2182]
V  [jvm.dll+0x6a25c3]
V  [jvm.dll+0x6a4262]
V  [jvm.dll+0x6a2b8a]
V  [jvm.dll+0x21c535]
V  [jvm.dll+0x2198c1]
V  [jvm.dll+0x1a57cd]
V  [jvm.dll+0x2297ae]
V  [jvm.dll+0x22797c]
V  [jvm.dll+0x7e9877]
V  [jvm.dll+0x7e3c3a]
V  [jvm.dll+0x67be35]
C  [ucrtbase.dll+0x21bb2]
C  [KERNEL32.DLL+0x17344]
C  [ntdll.dll+0x526b1]


---------------  P R O C E S S  ---------------

Threads class SMR info:
_java_thread_list=0x00000149dbad1a70, length=12, elements={
0x00000149c01e06d0, 0x00000149d5f6f750, 0x00000149d5f70ff0, 0x00000149c02890f0,
0x00000149c0289d70, 0x00000149c028b190, 0x00000149d5f99150, 0x00000149d5f9ea10,
0x00000149d5f9fb70, 0x00000149d5fa0c60, 0x00000149db1d5880, 0x00000149db434bc0
}

Java Threads: ( => current thread )
  0x00000149c01e06d0 JavaThread "main" [_thread_in_vm, id=2396, stack(0x00000016b7200000,0x00000016b7300000)]
  0x00000149d5f6f750 JavaThread "Reference Handler" daemon [_thread_blocked, id=10792, stack(0x00000016b7500000,0x00000016b7600000)]
  0x00000149d5f70ff0 JavaThread "Finalizer" daemon [_thread_blocked, id=2232, stack(0x00000016b7600000,0x00000016b7700000)]
  0x00000149c02890f0 JavaThread "Signal Dispatcher" daemon [_thread_blocked, id=8152, stack(0x00000016b7700000,0x00000016b7800000)]
  0x00000149c0289d70 JavaThread "Attach Listener" daemon [_thread_blocked, id=9080, stack(0x00000016b7800000,0x00000016b7900000)]
  0x00000149c028b190 JavaThread "Service Thread" daemon [_thread_blocked, id=14296, stack(0x00000016b7900000,0x00000016b7a00000)]
  0x00000149d5f99150 JavaThread "Monitor Deflation Thread" daemon [_thread_blocked, id=1860, stack(0x00000016b7a00000,0x00000016b7b00000)]
=>0x00000149d5f9ea10 JavaThread "C2 CompilerThread0" daemon [_thread_in_native, id=21892, stack(0x00000016b7b00000,0x00000016b7c00000)]
  0x00000149d5f9fb70 JavaThread "C1 CompilerThread0" daemon [_thread_in_native, id=21924, stack(0x00000016b7c00000,0x00000016b7d00000)]
  0x00000149d5fa0c60 JavaThread "Sweeper thread" daemon [_thread_blocked, id=14872, stack(0x00000016b7d00000,0x00000016b7e00000)]
  0x00000149db1d5880 JavaThread "Common-Cleaner" daemon [_thread_blocked, id=6408, stack(0x00000016b7e00000,0x00000016b7f00000)]
  0x00000149db434bc0 JavaThread "Notification Thread" daemon [_thread_blocked, id=12268, stack(0x00000016b7f00000,0x00000016b8000000)]

Other Threads:
  0x00000149c018ec50 VMThread "VM Thread" [stack: 0x00000016b7400000,0x00000016b7500000] [id=22072]
  0x00000149db4128e0 WatcherThread [stack: 0x00000016b8000000,0x00000016b8100000] [id=2712]
  0x00000149c01f5660 GCTaskThread "GC Thread#0" [stack: 0x00000016b7300000,0x00000016b7400000] [id=9948]
  0x00000149db4fb360 GCTaskThread "GC Thread#1" [stack: 0x00000016b8100000,0x00000016b8200000] [id=18344]
  0x00000149db8e4390 GCTaskThread "GC Thread#2" [stack: 0x00000016b8200000,0x00000016b8300000] [id=18340]
  0x00000149db8e4650 GCTaskThread "GC Thread#3" [stack: 0x00000016b8300000,0x00000016b8400000] [id=15208]

Threads with active compile tasks:
C2 CompilerThread0     2317  992       4       java.lang.StringUTF16::compress (50 bytes)
C1 CompilerThread0     2317 1002       3       java.lang.AbstractStringBuilder::appendChars (207 bytes)

VM state: not at safepoint (normal execution)

VM Mutex/Monitor currently owned by a thread: None

Heap address: 0x00000000c0000000, size: 1024 MB, Compressed Oops mode: 32-bit

CDS archive(s) not mapped
Compressed class space mapped at: 0x0000000100000000-0x0000000140000000, reserved size: 1073741824
Narrow klass base: 0x0000000000000000, Narrow klass shift: 3, Narrow klass range: 0x140000000

GC Precious Log:
 CPUs: 4 total, 4 available
 Memory: 12163M
 Large Page Support: Disabled
 NUMA Support: Disabled
 Compressed Oops: Enabled (32-bit)
 Alignments: Space 512K, Generation 512K, Heap 2M
 Heap Min Capacity: 100M
 Heap Initial Capacity: 100M
 Heap Max Capacity: 1G
 Pre-touch: Disabled
 Parallel Workers: 4

Heap:
 PSYoungGen      total 29696K, used 4971K [0x00000000eab00000, 0x00000000ecc00000, 0x0000000100000000)
  eden space 25600K, 6% used [0x00000000eab00000,0x00000000eacbe038,0x00000000ec400000)
  from space 4096K, 77% used [0x00000000ec400000,0x00000000ec71cc38,0x00000000ec800000)
  to   space 4096K, 0% used [0x00000000ec800000,0x00000000ec800000,0x00000000ecc00000)
 ParOldGen       total 68608K, used 16K [0x00000000c0000000, 0x00000000c4300000, 0x00000000eab00000)
  object space 68608K, 0% used [0x00000000c0000000,0x00000000c0004000,0x00000000c4300000)
 Metaspace       used 11307K, committed 11456K, reserved 1114112K
  class space    used 1130K, committed 1216K, reserved 1048576K

Card table byte_map: [0x00000149d3850000,0x00000149d3a60000] _byte_map_base: 0x00000149d3250000

Marking Bits: (ParMarkBitMap*) 0x00007ffe79dad0b0
 Begin Bits: [0x00000149d3bc0000, 0x00000149d4bc0000)
 End Bits:   [0x00000149d4bc0000, 0x00000149d5bc0000)

Polling page: 0x00000149c0070000

Metaspace:

Usage:
  Non-class:      9.94 MB used.
      Class:      1.10 MB used.
       Both:     11.04 MB used.

Virtual space:
  Non-class space:       64.00 MB reserved,      10.00 MB ( 16%) committed,  1 nodes.
      Class space:        1.00 GB reserved,       1.19 MB ( <1%) committed,  1 nodes.
             Both:        1.06 GB reserved,      11.19 MB (  1%) committed. 

Chunk freelists:
   Non-Class:  6.01 MB
       Class:  14.66 MB
        Both:  20.68 MB

MaxMetaspaceSize: unlimited
CompressedClassSpaceSize: 1.00 GB
Initial GC threshold: 21.00 MB
Current GC threshold: 21.00 MB
CDS: off
MetaspaceReclaimPolicy: balanced
 - commit_granule_bytes: 65536.
 - commit_granule_words: 8192.
 - virtual_space_node_default_size: 8388608.
 - enlarge_chunks_in_place: 1.
 - new_chunks_are_fully_committed: 0.
 - uncommit_free_chunks: 1.
 - use_allocation_guard: 0.
 - handle_deallocations: 1.


Internal statistics:

num_allocs_failed_limit: 0.
num_arena_births: 30.
num_arena_deaths: 0.
num_vsnodes_births: 2.
num_vsnodes_deaths: 0.
num_space_committed: 179.
num_space_uncommitted: 0.
num_chunks_returned_to_freelist: 0.
num_chunks_taken_from_freelist: 110.
num_chunk_merges: 0.
num_chunk_splits: 74.
num_chunks_enlarged: 63.
num_inconsistent_stats: 0.

CodeHeap 'non-profiled nmethods': size=120000Kb used=395Kb max_used=395Kb free=119604Kb
 bounds [0x00000149cc140000, 0x00000149cc3b0000, 0x00000149d3670000]
CodeHeap 'profiled nmethods': size=120000Kb used=1731Kb max_used=1731Kb free=118269Kb
 bounds [0x00000149c4670000, 0x00000149c48e0000, 0x00000149cbba0000]
CodeHeap 'non-nmethods': size=5760Kb used=1145Kb max_used=1164Kb free=4614Kb
 bounds [0x00000149cbba0000, 0x00000149cbe10000, 0x00000149cc140000]
 total_blobs=1439 nmethods=1002 adapters=352
 compilation: enabled
              stopped_count=0, restarted_count=0
 full_count=0

Compilation events (20 events):
Event: 2.147 Thread 0x00000149d5f9fb70  985       3       java.lang.invoke.LambdaForm::forceInterpretation (14 bytes)
Event: 2.148 Thread 0x00000149d5f9fb70 nmethod 985 0x00000149c480f310 code [0x00000149c480f4a0, 0x00000149c480f618]
Event: 2.233 Thread 0x00000149d5f9fb70  986       3       java.net.URL::getDefaultPort (8 bytes)
Event: 2.234 Thread 0x00000149d5f9fb70 nmethod 986 0x00000149c480f690 code [0x00000149c480f820, 0x00000149c480fa18]
Event: 2.270 Thread 0x00000149d5f9fb70  987       3       java.io.BufferedInputStream::getBufIfOpen (21 bytes)
Event: 2.270 Thread 0x00000149d5f9fb70 nmethod 987 0x00000149c480fb10 code [0x00000149c480fcc0, 0x00000149c480fec8]
Event: 2.270 Thread 0x00000149d5f9fb70  988       3       java.util.WeakHashMap::put (160 bytes)
Event: 2.272 Thread 0x00000149d5f9fb70 nmethod 988 0x00000149c480ff90 code [0x00000149c4810200, 0x00000149c4810fe8]
Event: 2.272 Thread 0x00000149d5f9fb70  989  s    3       java.io.BufferedInputStream::read (49 bytes)
Event: 2.273 Thread 0x00000149d5f9fb70 nmethod 989 0x00000149c4811510 code [0x00000149c48116e0, 0x00000149c4811b58]
Event: 2.273 Thread 0x00000149d5f9ea10  990       4       java.lang.String::isLatin1 (19 bytes)
Event: 2.274 Thread 0x00000149d5f9fb70  991       3       java.io.DataInputStream::readUTF (501 bytes)
Event: 2.274 Thread 0x00000149d5f9ea10 nmethod 990 0x00000149cc1a2b90 code [0x00000149cc1a2d00, 0x00000149cc1a2d98]
Event: 2.274 Thread 0x00000149d5f9ea10  992       4       java.lang.StringUTF16::compress (50 bytes)
Event: 2.276 Thread 0x00000149d5f9fb70 nmethod 991 0x00000149c4811d10 code [0x00000149c4812160, 0x00000149c48140e8]
Event: 2.276 Thread 0x00000149d5f9fb70  993       3       java.io.BufferedInputStream::read1 (108 bytes)
Event: 2.277 Thread 0x00000149d5f9fb70 nmethod 993 0x00000149c4814c90 code [0x00000149c4814ee0, 0x00000149c48157d8]
Event: 2.277 Thread 0x00000149d5f9fb70  994  s    3       java.io.BufferedInputStream::read (113 bytes)
Event: 2.278 Thread 0x00000149d5f9fb70 nmethod 994 0x00000149c4815a90 code [0x00000149c4815cc0, 0x00000149c4816578]
Event: 2.278 Thread 0x00000149d5f9fb70  995       3       java.io.DataInputStream::readFully (59 bytes)

GC Heap History (2 events):
Event: 2.128 GC heap before
{Heap before GC invocations=1 (full 0):
 PSYoungGen      total 29696K, used 25600K [0x00000000eab00000, 0x00000000ecc00000, 0x0000000100000000)
  eden space 25600K, 100% used [0x00000000eab00000,0x00000000ec400000,0x00000000ec400000)
  from space 4096K, 0% used [0x00000000ec800000,0x00000000ec800000,0x00000000ecc00000)
  to   space 4096K, 0% used [0x00000000ec400000,0x00000000ec400000,0x00000000ec800000)
 ParOldGen       total 68608K, used 0K [0x00000000c0000000, 0x00000000c4300000, 0x00000000eab00000)
  object space 68608K, 0% used [0x00000000c0000000,0x00000000c0000000,0x00000000c4300000)
 Metaspace       used 11019K, committed 11200K, reserved 1114112K
  class space    used 1099K, committed 1216K, reserved 1048576K
}
Event: 2.136 GC heap after
{Heap after GC invocations=1 (full 0):
 PSYoungGen      total 29696K, used 3187K [0x00000000eab00000, 0x00000000ecc00000, 0x0000000100000000)
  eden space 25600K, 0% used [0x00000000eab00000,0x00000000eab00000,0x00000000ec400000)
  from space 4096K, 77% used [0x00000000ec400000,0x00000000ec71cc38,0x00000000ec800000)
  to   space 4096K, 0% used [0x00000000ec800000,0x00000000ec800000,0x00000000ecc00000)
 ParOldGen       total 68608K, used 16K [0x00000000c0000000, 0x00000000c4300000, 0x00000000eab00000)
  object space 68608K, 0% used [0x00000000c0000000,0x00000000c0004000,0x00000000c4300000)
 Metaspace       used 11019K, committed 11200K, reserved 1114112K
  class space    used 1099K, committed 1216K, reserved 1048576K
}

Dll operation events (8 events):
Event: 0.102 Loaded shared library c:\Users\abdelkader\.vscode\extensions\redhat.java-1.25.1-win32-x64\jre\17.0.9-win32-x86_64\bin\java.dll
Event: 0.393 Loaded shared library c:\Users\abdelkader\.vscode\extensions\redhat.java-1.25.1-win32-x64\jre\17.0.9-win32-x86_64\bin\zip.dll
Event: 0.399 Loaded shared library C:\Users\abdelkader\.vscode\extensions\redhat.java-1.25.1-win32-x64\jre\17.0.9-win32-x86_64\bin\instrument.dll
Event: 0.458 Loaded shared library C:\Users\abdelkader\.vscode\extensions\redhat.java-1.25.1-win32-x64\jre\17.0.9-win32-x86_64\bin\net.dll
Event: 0.495 Loaded shared library C:\Users\abdelkader\.vscode\extensions\redhat.java-1.25.1-win32-x64\jre\17.0.9-win32-x86_64\bin\nio.dll
Event: 0.504 Loaded shared library C:\Users\abdelkader\.vscode\extensions\redhat.java-1.25.1-win32-x64\jre\17.0.9-win32-x86_64\bin\zip.dll
Event: 0.527 Loaded shared library C:\Users\abdelkader\.vscode\extensions\redhat.java-1.25.1-win32-x64\jre\17.0.9-win32-x86_64\bin\jimage.dll
Event: 0.663 Loaded shared library c:\Users\abdelkader\.vscode\extensions\redhat.java-1.25.1-win32-x64\jre\17.0.9-win32-x86_64\bin\verify.dll

Deoptimization events (20 events):
Event: 2.012 Thread 0x00000149c01e06d0 Uncommon trap: trap_request=0xffffffde fr.pc=0x00000149cc169f8c relative=0x00000000000001ec
Event: 2.012 Thread 0x00000149c01e06d0 Uncommon trap: reason=class_check action=maybe_recompile pc=0x00000149cc169f8c method=java.util.Collections$UnmodifiableCollection$1.next()Ljava/lang/Object; @ 4 c2
Event: 2.012 Thread 0x00000149c01e06d0 DEOPT PACKING pc=0x00000149cc169f8c sp=0x00000016b72fe670
Event: 2.012 Thread 0x00000149c01e06d0 DEOPT UNPACKING pc=0x00000149cbbf66a3 sp=0x00000016b72fe620 mode 2
Event: 2.017 Thread 0x00000149c01e06d0 Uncommon trap: trap_request=0xffffff45 fr.pc=0x00000149cc183ab4 relative=0x0000000000000a14
Event: 2.017 Thread 0x00000149c01e06d0 Uncommon trap: reason=unstable_if action=reinterpret pc=0x00000149cc183ab4 method=java.util.HashMap.hash(Ljava/lang/Object;)I @ 1 c2
Event: 2.017 Thread 0x00000149c01e06d0 DEOPT PACKING pc=0x00000149cc183ab4 sp=0x00000016b72fe660
Event: 2.017 Thread 0x00000149c01e06d0 DEOPT UNPACKING pc=0x00000149cbbf66a3 sp=0x00000016b72fe5d0 mode 2
Event: 2.017 Thread 0x00000149c01e06d0 Uncommon trap: trap_request=0xffffff45 fr.pc=0x00000149cc18b65c relative=0x000000000000023c
Event: 2.017 Thread 0x00000149c01e06d0 Uncommon trap: reason=unstable_if action=reinterpret pc=0x00000149cc18b65c method=java.util.HashMap.hash(Ljava/lang/Object;)I @ 1 c2
Event: 2.017 Thread 0x00000149c01e06d0 DEOPT PACKING pc=0x00000149cc18b65c sp=0x00000016b72fe590
Event: 2.017 Thread 0x00000149c01e06d0 DEOPT UNPACKING pc=0x00000149cbbf66a3 sp=0x00000016b72fe428 mode 2
Event: 2.017 Thread 0x00000149c01e06d0 Uncommon trap: trap_request=0xffffff45 fr.pc=0x00000149cc189e54 relative=0x0000000000000234
Event: 2.017 Thread 0x00000149c01e06d0 Uncommon trap: reason=unstable_if action=reinterpret pc=0x00000149cc189e54 method=java.util.HashMap.hash(Ljava/lang/Object;)I @ 1 c2
Event: 2.017 Thread 0x00000149c01e06d0 DEOPT PACKING pc=0x00000149cc189e54 sp=0x00000016b72fe630
Event: 2.017 Thread 0x00000149c01e06d0 DEOPT UNPACKING pc=0x00000149cbbf66a3 sp=0x00000016b72fe538 mode 2
Event: 2.018 Thread 0x00000149c01e06d0 Uncommon trap: trap_request=0xffffff45 fr.pc=0x00000149cc181c94 relative=0x0000000000000094
Event: 2.018 Thread 0x00000149c01e06d0 Uncommon trap: reason=unstable_if action=reinterpret pc=0x00000149cc181c94 method=java.util.HashMap.hash(Ljava/lang/Object;)I @ 1 c2
Event: 2.018 Thread 0x00000149c01e06d0 DEOPT PACKING pc=0x00000149cc181c94 sp=0x00000016b72fe490
Event: 2.018 Thread 0x00000149c01e06d0 DEOPT UNPACKING pc=0x00000149cbbf66a3 sp=0x00000016b72fe428 mode 2

Classes unloaded (0 events):
No events

Classes redefined (0 events):
No events

Internal exceptions (20 events):
Event: 1.295 Thread 0x00000149c01e06d0 Exception <a 'java/io/FileNotFoundException'{0x00000000eb85e6d0}> (0x00000000eb85e6d0) 
thrown [s\src\hotspot\share\prims\jni.cpp, line 516]
Event: 1.295 Thread 0x00000149c01e06d0 Exception <a 'java/io/FileNotFoundException'{0x00000000eb85f3d8}> (0x00000000eb85f3d8) 
thrown [s\src\hotspot\share\prims\jni.cpp, line 516]
Event: 1.296 Thread 0x00000149c01e06d0 Exception <a 'java/io/FileNotFoundException'{0x00000000eb8600d8}> (0x00000000eb8600d8) 
thrown [s\src\hotspot\share\prims\jni.cpp, line 516]
Event: 1.321 Thread 0x00000149c01e06d0 Implicit null exception at 0x00000149cc163df2 to 0x00000149cc164318
Event: 1.322 Thread 0x00000149c01e06d0 Implicit null exception at 0x00000149cc164972 to 0x00000149cc164ea8
Event: 1.341 Thread 0x00000149c01e06d0 Exception <a 'java/io/FileNotFoundException'{0x00000000eb8991d8}> (0x00000000eb8991d8) 
thrown [s\src\hotspot\share\prims\jni.cpp, line 516]
Event: 1.914 Thread 0x00000149c01e06d0 Exception <a 'java/lang/ClassNotFoundException'{0x00000000ec0a0c80}: sun/net/www/protocol/c/Handler> (0x00000000ec0a0c80) 
thrown [s\src\hotspot\share\classfile\systemDictionary.cpp, line 256]
Event: 1.914 Thread 0x00000149c01e06d0 Exception <a 'java/lang/ClassNotFoundException'{0x00000000ec0a1fe0}: sun/net/www/protocol/c/Handler> (0x00000000ec0a1fe0) 
thrown [s\src\hotspot\share\classfile\systemDictionary.cpp, line 256]
Event: 1.915 Thread 0x00000149c01e06d0 Exception <a 'java/lang/ClassNotFoundException'{0x00000000ec0a3178}: sun/net/www/protocol/c/Handler> (0x00000000ec0a3178) 
thrown [s\src\hotspot\share\classfile\systemDictionary.cpp, line 256]
Event: 1.934 Thread 0x00000149c01e06d0 Exception <a 'java/io/FileNotFoundException'{0x00000000ec0c2300}> (0x00000000ec0c2300) 
thrown [s\src\hotspot\share\prims\jni.cpp, line 516]
Event: 2.017 Thread 0x00000149c01e06d0 Implicit null exception at 0x00000149cc1830db to 0x00000149cc183a9c
Event: 2.017 Thread 0x00000149c01e06d0 Implicit null exception at 0x00000149cc18b46c to 0x00000149cc18b644
Event: 2.017 Thread 0x00000149c01e06d0 Implicit null exception at 0x00000149cc189c6c to 0x00000149cc189e3c
Event: 2.018 Thread 0x00000149c01e06d0 Implicit null exception at 0x00000149cc181c0f to 0x00000149cc181c85
Event: 2.101 Thread 0x00000149c01e06d0 Exception <a 'java/lang/NoSuchMethodError'{0x00000000ec38d190}: 'int java.lang.invoke.DirectMethodHandle$Holder.invokeStaticInit(java.lang.Object, java.lang.Object, java.lang.Object, java.lang.Object)'> (0x00000000ec38d190) 
thrown [s\src\hotspot\share\interpreter\linkResolver.cpp, line 759]
Event: 2.103 Thread 0x00000149c01e06d0 Exception <a 'java/lang/NoSuchMethodError'{0x00000000ec397800}: 'java.lang.Object java.lang.invoke.DirectMethodHandle$Holder.invokeInterface(java.lang.Object, java.lang.Object)'> (0x00000000ec397800) 
thrown [s\src\hotspot\share\interpreter\linkResolver.cpp, line 759]
Event: 2.104 Thread 0x00000149c01e06d0 Exception <a 'java/lang/IncompatibleClassChangeError'{0x00000000ec39aff8}: Found class java.lang.Object, but interface was expected> (0x00000000ec39aff8) 
thrown [s\src\hotspot\share\interpreter\linkResolver.cpp, line 826]
Event: 2.105 Thread 0x00000149c01e06d0 Exception <a 'java/lang/NoSuchMethodError'{0x00000000ec39f4f0}: 'void java.lang.invoke.DirectMethodHandle$Holder.invokeStatic(java.lang.Object, java.lang.Object)'> (0x00000000ec39f4f0) 
thrown [s\src\hotspot\share\interpreter\linkResolver.cpp, line 759]
Event: 2.106 Thread 0x00000149c01e06d0 Exception <a 'java/lang/NoSuchMethodError'{0x00000000ec3a2cf0}: 'void java.lang.invoke.DirectMethodHandle$Holder.invokeStaticInit(java.lang.Object, java.lang.Object)'> (0x00000000ec3a2cf0) 
thrown [s\src\hotspot\share\interpreter\linkResolver.cpp, line 759]
Event: 2.108 Thread 0x00000149c01e06d0 Exception <a 'java/lang/NoSuchMethodError'{0x00000000ec3aa0e8}: 'int java.lang.invoke.DirectMethodHandle$Holder.invokeStaticInit(java.lang.Object, java.lang.Object)'> (0x00000000ec3aa0e8) 
thrown [s\src\hotspot\share\interpreter\linkResolver.cpp, line 759]

VM Operations (14 events):
Event: 0.346 Executing VM operation: HandshakeAllThreads
Event: 0.346 Executing VM operation: HandshakeAllThreads done
Event: 0.553 Executing VM operation: HandshakeAllThreads
Event: 0.553 Executing VM operation: HandshakeAllThreads done
Event: 1.198 Executing VM operation: HandshakeAllThreads
Event: 1.198 Executing VM operation: HandshakeAllThreads done
Event: 1.198 Executing VM operation: Cleanup
Event: 1.198 Executing VM operation: Cleanup done
Event: 1.260 Executing VM operation: HandshakeAllThreads
Event: 1.260 Executing VM operation: HandshakeAllThreads done
Event: 1.841 Executing VM operation: HandshakeAllThreads
Event: 1.841 Executing VM operation: HandshakeAllThreads done
Event: 2.128 Executing VM operation: ParallelGCFailedAllocation
Event: 2.136 Executing VM operation: ParallelGCFailedAllocation done

Events (20 events):
Event: 2.143 loading class sun/nio/ch/FileLockTable
Event: 2.143 loading class sun/nio/ch/FileLockTable done
Event: 2.143 loading class sun/nio/ch/FileKey
Event: 2.143 loading class sun/nio/ch/FileKey done
Event: 2.143 loading class sun/nio/ch/FileLockTable$FileLockReference
Event: 2.143 loading class sun/nio/ch/FileLockTable$FileLockReference done
Event: 2.146 loading class java/util/function/IntUnaryOperator
Event: 2.146 loading class java/util/function/IntUnaryOperator done
Event: 2.150 loading class java/io/DeleteOnExitHook
Event: 2.150 loading class java/io/DeleteOnExitHook done
Event: 2.150 loading class java/io/DeleteOnExitHook$1
Event: 2.150 loading class java/io/DeleteOnExitHook$1 done
Event: 2.150 loading class java/lang/Shutdown
Event: 2.151 loading class java/lang/Shutdown done
Event: 2.151 loading class java/lang/Shutdown$Lock
Event: 2.151 loading class java/lang/Shutdown$Lock done
Event: 2.152 loading class java/util/ComparableTimSort
Event: 2.152 loading class java/util/ComparableTimSort done
Event: 2.229 loading class java/io/DataInputStream
Event: 2.229 loading class java/io/DataInputStream done


Dynamic libraries:
0x00007ff68bb00000 - 0x00007ff68bb0e000 	c:\Users\abdelkader\.vscode\extensions\redhat.java-1.25.1-win32-x64\jre\17.0.9-win32-x86_64\bin\java.exe
0x00007ffebc3d0000 - 0x00007ffebc5c8000 	C:\WINDOWS\SYSTEM32\ntdll.dll
0x00007ffebb4d0000 - 0x00007ffebb58d000 	C:\WINDOWS\System32\KERNEL32.DLL
0x00007ffeb9ab0000 - 0x00007ffeb9da6000 	C:\WINDOWS\System32\KERNELBASE.dll
0x00007ffeb6de0000 - 0x00007ffeb6e70000 	C:\WINDOWS\SYSTEM32\apphelp.dll
0x00007ffeba0c0000 - 0x00007ffeba1c0000 	C:\WINDOWS\System32\ucrtbase.dll
0x00007ffeb5150000 - 0x00007ffeb516b000 	c:\Users\abdelkader\.vscode\extensions\redhat.java-1.25.1-win32-x64\jre\17.0.9-win32-x86_64\bin\VCRUNTIME140.dll
0x00007ffeb70e0000 - 0x00007ffeb70f7000 	c:\Users\abdelkader\.vscode\extensions\redhat.java-1.25.1-win32-x64\jre\17.0.9-win32-x86_64\bin\jli.dll
0x00007ffebbf10000 - 0x00007ffebc0ae000 	C:\WINDOWS\System32\USER32.dll
0x00007ffeba090000 - 0x00007ffeba0b2000 	C:\WINDOWS\System32\win32u.dll
0x00007ffeba560000 - 0x00007ffeba58c000 	C:\WINDOWS\System32\GDI32.dll
0x00007ffeba1c0000 - 0x00007ffeba2da000 	C:\WINDOWS\System32\gdi32full.dll
0x00007ffeba2e0000 - 0x00007ffeba37d000 	C:\WINDOWS\System32\msvcp_win.dll
0x00007ffea9280000 - 0x00007ffea951a000 	C:\WINDOWS\WinSxS\amd64_microsoft.windows.common-controls_6595b64144ccf1df_6.0.19041.3636_none_60b6a03d71f818d5\COMCTL32.dll
0x00007ffebc140000 - 0x00007ffebc1de000 	C:\WINDOWS\System32\msvcrt.dll
0x00007ffeba6b0000 - 0x00007ffeba6e0000 	C:\WINDOWS\System32\IMM32.DLL
0x00007ffeb70a0000 - 0x00007ffeb70ac000 	c:\Users\abdelkader\.vscode\extensions\redhat.java-1.25.1-win32-x64\jre\17.0.9-win32-x86_64\bin\vcruntime140_1.dll
0x00007ffea3960000 - 0x00007ffea39ed000 	c:\Users\abdelkader\.vscode\extensions\redhat.java-1.25.1-win32-x64\jre\17.0.9-win32-x86_64\bin\msvcp140.dll
0x00007ffe79210000 - 0x00007ffe79e71000 	c:\Users\abdelkader\.vscode\extensions\redhat.java-1.25.1-win32-x64\jre\17.0.9-win32-x86_64\bin\server\jvm.dll
0x00007ffebada0000 - 0x00007ffebae4f000 	C:\WINDOWS\System32\ADVAPI32.dll
0x00007ffebad00000 - 0x00007ffebad9c000 	C:\WINDOWS\System32\sechost.dll
0x00007ffebb3a0000 - 0x00007ffebb4c6000 	C:\WINDOWS\System32\RPCRT4.dll
0x00007ffeb9910000 - 0x00007ffeb995b000 	C:\WINDOWS\SYSTEM32\POWRPROF.dll
0x00007ffea6fe0000 - 0x00007ffea7007000 	C:\WINDOWS\SYSTEM32\WINMM.dll
0x00007ffeb7000000 - 0x00007ffeb700a000 	C:\WINDOWS\SYSTEM32\VERSION.dll
0x00007ffe9e9e0000 - 0x00007ffe9e9e9000 	C:\WINDOWS\SYSTEM32\WSOCK32.dll
0x00007ffebb330000 - 0x00007ffebb39b000 	C:\WINDOWS\System32\WS2_32.dll
0x00007ffeb98f0000 - 0x00007ffeb9902000 	C:\WINDOWS\SYSTEM32\UMPDC.dll
0x00007ffeb7b10000 - 0x00007ffeb7b22000 	C:\WINDOWS\SYSTEM32\kernel.appcore.dll
0x00007ffeb5130000 - 0x00007ffeb513a000 	c:\Users\abdelkader\.vscode\extensions\redhat.java-1.25.1-win32-x64\jre\17.0.9-win32-x86_64\bin\jimage.dll
0x00007ffea2040000 - 0x00007ffea2224000 	C:\WINDOWS\SYSTEM32\DBGHELP.DLL
0x00007ffea2000000 - 0x00007ffea2034000 	C:\WINDOWS\SYSTEM32\dbgcore.DLL
0x00007ffeb9f80000 - 0x00007ffeba002000 	C:\WINDOWS\System32\bcryptPrimitives.dll
0x00007ffeb5120000 - 0x00007ffeb512e000 	c:\Users\abdelkader\.vscode\extensions\redhat.java-1.25.1-win32-x64\jre\17.0.9-win32-x86_64\bin\instrument.dll
0x00007ffeb3f90000 - 0x00007ffeb3fb5000 	c:\Users\abdelkader\.vscode\extensions\redhat.java-1.25.1-win32-x64\jre\17.0.9-win32-x86_64\bin\java.dll
0x00007ffeb50e0000 - 0x00007ffeb50f8000 	c:\Users\abdelkader\.vscode\extensions\redhat.java-1.25.1-win32-x64\jre\17.0.9-win32-x86_64\bin\zip.dll
0x00007ffebb5b0000 - 0x00007ffebbcf4000 	C:\WINDOWS\System32\SHELL32.dll
0x00007ffeb7b30000 - 0x00007ffeb82cb000 	C:\WINDOWS\SYSTEM32\windows.storage.dll
0x00007ffeba790000 - 0x00007ffebaae4000 	C:\WINDOWS\System32\combase.dll
0x00007ffeb9340000 - 0x00007ffeb936d000 	C:\WINDOWS\SYSTEM32\Wldp.dll
0x00007ffebaaf0000 - 0x00007ffebab9d000 	C:\WINDOWS\System32\SHCORE.dll
0x00007ffebac90000 - 0x00007ffebace5000 	C:\WINDOWS\System32\shlwapi.dll
0x00007ffeb99e0000 - 0x00007ffeb9a05000 	C:\WINDOWS\SYSTEM32\profapi.dll
0x00007ffeb40b0000 - 0x00007ffeb40c9000 	C:\Users\abdelkader\.vscode\extensions\redhat.java-1.25.1-win32-x64\jre\17.0.9-win32-x86_64\bin\net.dll
0x00007ffeb0da0000 - 0x00007ffeb0eaa000 	C:\WINDOWS\SYSTEM32\WINHTTP.dll
0x00007ffeb9120000 - 0x00007ffeb918a000 	C:\WINDOWS\system32\mswsock.dll
0x00007ffeb3e00000 - 0x00007ffeb3e16000 	C:\Users\abdelkader\.vscode\extensions\redhat.java-1.25.1-win32-x64\jre\17.0.9-win32-x86_64\bin\nio.dll
0x00007ffeb50a0000 - 0x00007ffeb50b0000 	c:\Users\abdelkader\.vscode\extensions\redhat.java-1.25.1-win32-x64\jre\17.0.9-win32-x86_64\bin\verify.dll

dbghelp: loaded successfully - version: 4.0.5 - missing functions: none
symbol engine: initialized successfully - sym options: 0x614 - pdb path: .;c:\Users\abdelkader\.vscode\extensions\redhat.java-1.25.1-win32-x64\jre\17.0.9-win32-x86_64\bin;C:\WINDOWS\SYSTEM32;C:\WINDOWS\WinSxS\amd64_microsoft.windows.common-controls_6595b64144ccf1df_6.0.19041.3636_none_60b6a03d71f818d5;c:\Users\abdelkader\.vscode\extensions\redhat.java-1.25.1-win32-x64\jre\17.0.9-win32-x86_64\bin\server

VM Arguments:
jvm_args: --add-modules=ALL-SYSTEM --add-opens=java.base/java.util=ALL-UNNAMED --add-opens=java.base/java.lang=ALL-UNNAMED --add-opens=java.base/sun.nio.fs=ALL-UNNAMED -Declipse.application=org.eclipse.jdt.ls.core.id1 -Dosgi.bundles.defaultStartLevel=4 -Declipse.product=org.eclipse.jdt.ls.core.product -Djava.import.generatesMetadataFilesAtProjectRoot=false -DDetectVMInstallationsJob.disabled=true -Dfile.encoding=utf8 -XX:+UseParallelGC -XX:GCTimeRatio=4 -XX:AdaptiveSizePolicyWeight=90 -Dsun.zip.disableMemoryMapping=true -Xmx1G -Xms100m -Xlog:disable -javaagent:c:\Users\abdelkader\.vscode\extensions\redhat.java-1.25.1-win32-x64\lombok\lombok-1.18.30.jar 
java_command: c:\Users\abdelkader\.vscode\extensions\redhat.java-1.25.1-win32-x64\server\plugins\org.eclipse.equinox.launcher_1.6.600.v20231106-1826.jar -configuration c:\Users\abdelkader\AppData\Roaming\Code\User\globalStorage\redhat.java\1.25.1\config_ss_win -data c:\Users\abdelkader\AppData\Roaming\Code\User\workspaceStorage\4bbaa65c982651e4835262f9be950502\redhat.java\ss_ws --stdio
java_class_path (initial): c:\Users\abdelkader\.vscode\extensions\redhat.java-1.25.1-win32-x64\server\plugins\org.eclipse.equinox.launcher_1.6.600.v20231106-1826.jar
Launcher Type: SUN_STANDARD

[Global flags]
    uintx AdaptiveSizePolicyWeight                 = 90                                        {product} {command line}
     intx CICompilerCount                          = 3                                         {product} {ergonomic}
    uintx GCTimeRatio                              = 4                                         {product} {command line}
   size_t InitialHeapSize                          = 104857600                                 {product} {command line}
   size_t MaxHeapSize                              = 1073741824                                {product} {command line}
   size_t MaxNewSize                               = 357564416                                 {product} {ergonomic}
   size_t MinHeapDeltaBytes                        = 524288                                    {product} {ergonomic}
   size_t MinHeapSize                              = 104857600                                 {product} {command line}
   size_t NewSize                                  = 34603008                                  {product} {ergonomic}
    uintx NonNMethodCodeHeapSize                   = 5832780                                {pd product} {ergonomic}
    uintx NonProfiledCodeHeapSize                  = 122912730                              {pd product} {ergonomic}
   size_t OldSize                                  = 70254592                                  {product} {ergonomic}
    uintx ProfiledCodeHeapSize                     = 122912730                              {pd product} {ergonomic}
    uintx ReservedCodeCacheSize                    = 251658240                              {pd product} {ergonomic}
     bool SegmentedCodeCache                       = true                                      {product} {ergonomic}
   size_t SoftMaxHeapSize                          = 1073741824                             {manageable} {ergonomic}
     bool UseCompressedClassPointers               = true                           {product lp64_product} {ergonomic}
     bool UseCompressedOops                        = true                           {product lp64_product} {ergonomic}
     bool UseLargePagesIndividualAllocation        = false                                  {pd product} {ergonomic}
     bool UseParallelGC                            = true                                      {product} {command line}

Logging:
Log output configuration:
 #0: stdout all=off uptime,level,tags
 #1: stderr all=off uptime,level,tags

Environment Variables:
PATH=C:\app\abdelkader\product\21c\dbhomeXE\bin;C:\Program Files (x86)\Common Files\Oracle\Java\javapath;C:\Program Files (x86)\Common Files\Intel\Shared Libraries\redist\intel64\compiler;C:\WINDOWS\system32;C:\WINDOWS;C:\WINDOWS\System32\Wbem;C:\WINDOWS\System32\WindowsPowerShell\v1.0\;C:\WINDOWS\System32\OpenSSH\;C:\Users\abdelkader\AppData\Local\Programs\Python\Python311\Scripts\;C:\Users\abdelkader\AppData\Local\Programs\Python\Python311\;C:\blp\DAPI;C:\blp\DAPI\DDE;C:\Users\abdelkader\AppData\Local\Programs\Python\Python38-32\Scripts\;C:\Users\abdelkader\AppData\Local\Programs\Python\Python38-32\;C:\Users\abdelkader\AppData\Local\Microsoft\WindowsApps;C:\Program Files (x86)\Java\jre-1.8\bin;C:\MinGW\bin;C:\Program Files (x86)\Java\jre-1.8\bin;
USERNAME=abdelkader
OS=Windows_NT
PROCESSOR_IDENTIFIER=Intel64 Family 6 Model 61 Stepping 4, GenuineIntel
TMP=C:\Users\ABDELK~1\AppData\Local\Temp
TEMP=C:\Users\ABDELK~1\AppData\Local\Temp



Periodic native trim disabled


---------------  S Y S T E M  ---------------

OS:
 Windows 10 , 64 bit Build 19041 (10.0.19041.3636)
OS uptime: 0 days 22:42 hours
Hyper-V role detected

CPU: total 4 (initial active 4) (2 cores per cpu, 2 threads per core) family 6 model 61 stepping 4 microcode 0x2d, cx8, cmov, fxsr, ht, mmx, 3dnowpref, sse, sse2, sse3, ssse3, sse4.1, sse4.2, popcnt, lzcnt, tsc, tscinvbit, avx, avx2, aes, erms, clmul, bmi1, bmi2, rtm, adx, fma, vzeroupper, clflush, hv
Processor Information for all 4 processors :
  Max Mhz: 2301, Current Mhz: 2300, Mhz Limit: 2277

Memory: 4k page, system-wide physical 12163M (1882M free)
TotalPageFile size 12163M (AvailPageFile size 2M)
current process WorkingSet (physical memory assigned to process): 79M, peak: 79M
current process commit charge ("private bytes"): 188M, peak: 188M

vm_info: OpenJDK 64-Bit Server VM (17.0.9+9) for windows-amd64 JRE (17.0.9+9), built on Oct 26 2023 14:01:42 by "admin" with MS VC++ 16.10 / 16.11 (VS2019)

END.
