#
# There is insufficient memory for the Java Runtime Environment to continue.
# Native memory allocation (malloc) failed to allocate 1085056 bytes for Chunk::new
# Possible reasons:
#   The system is out of physical RAM or swap space
#   The process is running with CompressedOops enabled, and the Java Heap may be blocking the growth of the native heap
# Possible solutions:
#   Reduce memory load on the system
#   Increase physical memory or swap space
#   Check if swap backing store is full
#   Decrease Java heap size (-Xmx/-Xms)
#   Decrease number of Java threads
#   Decrease Java thread stack sizes (-Xss)
#   Set larger code cache with -XX:ReservedCodeCacheSize=
#   JVM is running with Unscaled Compressed Oops mode in which the Java heap is
#     placed in the first 4GB address space. The Java Heap base address is the
#     maximum limit for the native heap growth. Please use -XX:HeapBaseMinAddress
#     to set the Java Heap base and to place the Java Heap above 4GB virtual address.
# This output file may be truncated or incomplete.
#
#  Out of Memory Error (arena.cpp:191), pid=14484, tid=11540
#
# JRE version: OpenJDK Runtime Environment Temurin-17.0.9+9 (17.0.9+9) (build 17.0.9+9)
# Java VM: OpenJDK 64-Bit Server VM Temurin-17.0.9+9 (17.0.9+9, mixed mode, tiered, compressed oops, compressed class ptrs, parallel gc, windows-amd64)
# No core dump will be written. Minidumps are not enabled by default on client versions of Windows
#

---------------  S U M M A R Y ------------

Command Line: --add-modules=ALL-SYSTEM --add-opens=java.base/java.util=ALL-UNNAMED --add-opens=java.base/java.lang=ALL-UNNAMED --add-opens=java.base/sun.nio.fs=ALL-UNNAMED -Declipse.application=org.eclipse.jdt.ls.core.id1 -Dosgi.bundles.defaultStartLevel=4 -Declipse.product=org.eclipse.jdt.ls.core.product -Djava.import.generatesMetadataFilesAtProjectRoot=false -DDetectVMInstallationsJob.disabled=true -Dfile.encoding=utf8 -XX:+UseParallelGC -XX:GCTimeRatio=4 -XX:AdaptiveSizePolicyWeight=90 -Dsun.zip.disableMemoryMapping=true -Xmx1G -Xms100m -Xlog:disable -javaagent:c:\Users\abdelkader\.vscode\extensions\redhat.java-1.25.1-win32-x64\lombok\lombok-1.18.30.jar -XX:+HeapDumpOnOutOfMemoryError -XX:HeapDumpPath=c:\Users\abdelkader\AppData\Roaming\Code\User\workspaceStorage\4bbaa65c982651e4835262f9be950502\redhat.java -Daether.dependencyCollector.impl=bf c:\Users\abdelkader\.vscode\extensions\redhat.java-1.25.1-win32-x64\server\plugins\org.eclipse.equinox.launcher_1.6.600.v20231106-1826.jar -configuration c:\Users\abdelkader\AppData\Roaming\Code\User\globalStorage\redhat.java\1.25.1\config_win -data c:\Users\abdelkader\AppData\Roaming\Code\User\workspaceStorage\4bbaa65c982651e4835262f9be950502\redhat.java\jdt_ws --stdio

Host: Intel(R) Core(TM) i5-5300U CPU @ 2.30GHz, 4 cores, 11G,  Windows 10 , 64 bit Build 19041 (10.0.19041.3636)
Time: Mon Dec 18 15:49:18 2023 Morocco Daylight Time elapsed time: 777.061888 seconds (0d 0h 12m 57s)

---------------  T H R E A D  ---------------

Current thread (0x0000027b60278010):  JavaThread "C2 CompilerThread1" daemon [_thread_in_native, id=11540, stack(0x0000009744700000,0x0000009744800000)]


Current CompileTask:
C2: 777061 11599       4       org.eclipse.jdt.internal.compiler.classfmt.ModuleInfo::readModuleAttribute (1166 bytes)

Stack: [0x0000009744700000,0x0000009744800000]
Native frames: (J=compiled Java code, j=interpreted, Vv=VM code, C=native code)
V  [jvm.dll+0x67cf49]
V  [jvm.dll+0x83478a]
V  [jvm.dll+0x83624e]
V  [jvm.dll+0x8368b3]
V  [jvm.dll+0x247f1f]
V  [jvm.dll+0xac43c]
V  [jvm.dll+0xaca8c]
V  [jvm.dll+0x367067]
V  [jvm.dll+0x1bd536]
V  [jvm.dll+0x21a709]
V  [jvm.dll+0x2199d1]
V  [jvm.dll+0x1a57cd]
V  [jvm.dll+0x2297ae]
V  [jvm.dll+0x22797c]
V  [jvm.dll+0x7e9877]
V  [jvm.dll+0x7e3c3a]
V  [jvm.dll+0x67be35]
C  [ucrtbase.dll+0x21bb2]
C  [KERNEL32.DLL+0x17344]
C  [ntdll.dll+0x526b1]


---------------  P R O C E S S  ---------------

Threads class SMR info:
_java_thread_list=0x0000027b69197220, length=28, elements={
0x0000027b41bbe040, 0x0000027b41c7c750, 0x0000027b559fe4f0, 0x0000027b55a23270,
0x0000027b55a240f0, 0x0000027b55a24f70, 0x0000027b55a28a50, 0x0000027b55a2a710,
0x0000027b5abcf6d0, 0x0000027b5abd23a0, 0x0000027b41c215e0, 0x0000027b5aea4040,
0x0000027b5b691be0, 0x0000027b5bab5ab0, 0x0000027b5b9229f0, 0x0000027b5b1a1790,
0x0000027b5b79d280, 0x0000027b5b79e1b0, 0x0000027b5b79cd70, 0x0000027b5b79c350,
0x0000027b5b79af10, 0x0000027b5f8c2da0, 0x0000027b5f8bfb00, 0x0000027b5f8c32b0,
0x0000027b5f8c2890, 0x0000027b5f8c4c00, 0x0000027b60278010, 0x0000027b5f8c0010
}

Java Threads: ( => current thread )
  0x0000027b41bbe040 JavaThread "main" [_thread_blocked, id=1424, stack(0x0000009743000000,0x0000009743100000)]
  0x0000027b41c7c750 JavaThread "Reference Handler" daemon [_thread_blocked, id=8752, stack(0x0000009743300000,0x0000009743400000)]
  0x0000027b559fe4f0 JavaThread "Finalizer" daemon [_thread_blocked, id=13540, stack(0x0000009743400000,0x0000009743500000)]
  0x0000027b55a23270 JavaThread "Signal Dispatcher" daemon [_thread_blocked, id=8144, stack(0x0000009743500000,0x0000009743600000)]
  0x0000027b55a240f0 JavaThread "Attach Listener" daemon [_thread_blocked, id=4328, stack(0x0000009743600000,0x0000009743700000)]
  0x0000027b55a24f70 JavaThread "Service Thread" daemon [_thread_blocked, id=11560, stack(0x0000009743700000,0x0000009743800000)]
  0x0000027b55a28a50 JavaThread "Monitor Deflation Thread" daemon [_thread_blocked, id=6928, stack(0x0000009743800000,0x0000009743900000)]
  0x0000027b55a2a710 JavaThread "C2 CompilerThread0" daemon [_thread_in_native, id=12564, stack(0x0000009743900000,0x0000009743a00000)]
  0x0000027b5abcf6d0 JavaThread "C1 CompilerThread0" daemon [_thread_blocked, id=10288, stack(0x0000009743a00000,0x0000009743b00000)]
  0x0000027b5abd23a0 JavaThread "Sweeper thread" daemon [_thread_blocked, id=6840, stack(0x0000009743b00000,0x0000009743c00000)]
  0x0000027b41c215e0 JavaThread "Common-Cleaner" daemon [_thread_blocked, id=8424, stack(0x0000009743c00000,0x0000009743d00000)]
  0x0000027b5aea4040 JavaThread "Notification Thread" daemon [_thread_blocked, id=10740, stack(0x0000009743d00000,0x0000009743e00000)]
  0x0000027b5b691be0 JavaThread "Active Thread: Equinox Container: 841dd954-1e0e-44f7-8f1f-1942b3d8610e" [_thread_blocked, id=8612, stack(0x0000009744200000,0x0000009744300000)]
  0x0000027b5bab5ab0 JavaThread "Framework Event Dispatcher: Equinox Container: 841dd954-1e0e-44f7-8f1f-1942b3d8610e" daemon [_thread_blocked, id=1552, stack(0x0000009744400000,0x0000009744500000)]
  0x0000027b5b9229f0 JavaThread "Start Level: Equinox Container: 841dd954-1e0e-44f7-8f1f-1942b3d8610e" daemon [_thread_blocked, id=6784, stack(0x0000009744500000,0x0000009744600000)]
  0x0000027b5b1a1790 JavaThread "Bundle File Closer" daemon [_thread_blocked, id=12540, stack(0x0000009744300000,0x0000009744400000)]
  0x0000027b5b79d280 JavaThread "SCR Component Actor" daemon [_thread_blocked, id=13300, stack(0x0000009744600000,0x0000009744700000)]
  0x0000027b5b79e1b0 JavaThread "Worker-JM" [_thread_blocked, id=7484, stack(0x0000009744800000,0x0000009744900000)]
  0x0000027b5b79cd70 JavaThread "Worker-0" [_thread_blocked, id=8844, stack(0x0000009744900000,0x0000009744a00000)]
  0x0000027b5b79c350 JavaThread "Java indexing" daemon [_thread_blocked, id=3124, stack(0x0000009744e00000,0x0000009744f00000)]
  0x0000027b5b79af10 JavaThread "JNA Cleaner" daemon [_thread_blocked, id=8860, stack(0x0000009744f00000,0x0000009745000000)]
  0x0000027b5f8c2da0 JavaThread "pool-2-thread-1" [_thread_blocked, id=8676, stack(0x0000009745200000,0x0000009745300000)]
  0x0000027b5f8bfb00 JavaThread "WorkspaceEventsHandler" [_thread_blocked, id=9184, stack(0x0000009745300000,0x0000009745400000)]
  0x0000027b5f8c32b0 JavaThread "pool-1-thread-1" [_thread_in_native, id=8904, stack(0x0000009745400000,0x0000009745500000)]
  0x0000027b5f8c2890 JavaThread "Worker-4" [_thread_blocked, id=10500, stack(0x0000009742f00000,0x0000009743000000)]
  0x0000027b5f8c4c00 JavaThread "ForkJoinPool.commonPool-worker-4" daemon [_thread_blocked, id=2656, stack(0x0000009742e00000,0x0000009742f00000)]
=>0x0000027b60278010 JavaThread "C2 CompilerThread1" daemon [_thread_in_native, id=11540, stack(0x0000009744700000,0x0000009744800000)]
  0x0000027b5f8c0010 JavaThread "ForkJoinPool.commonPool-worker-5" daemon [_thread_blocked, id=13408, stack(0x0000009744a00000,0x0000009744b00000)]

Other Threads:
  0x0000027b41c769c0 VMThread "VM Thread" [stack: 0x0000009743200000,0x0000009743300000] [id=8448]
  0x0000027b5ae8e810 WatcherThread [stack: 0x0000009743e00000,0x0000009743f00000] [id=14120]
  0x0000027b41bd4390 GCTaskThread "GC Thread#0" [stack: 0x0000009743100000,0x0000009743200000] [id=8284]
  0x0000027b5b2c5180 GCTaskThread "GC Thread#1" [stack: 0x0000009743f00000,0x0000009744000000] [id=2828]
  0x0000027b5b2c5850 GCTaskThread "GC Thread#2" [stack: 0x0000009744000000,0x0000009744100000] [id=13384]
  0x0000027b5b26dfe0 GCTaskThread "GC Thread#3" [stack: 0x0000009744100000,0x0000009744200000] [id=9824]

Threads with active compile tasks:
C2 CompilerThread0   777100 11595   !   4       org.eclipse.jdt.internal.compiler.classfmt.ClassFileReader::<init> (2113 bytes)
C2 CompilerThread1   777100 11599       4       org.eclipse.jdt.internal.compiler.classfmt.ModuleInfo::readModuleAttribute (1166 bytes)

VM state: not at safepoint (normal execution)

VM Mutex/Monitor currently owned by a thread: None

Heap address: 0x00000000c0000000, size: 1024 MB, Compressed Oops mode: 32-bit

CDS archive(s) not mapped
Compressed class space mapped at: 0x0000000100000000-0x0000000140000000, reserved size: 1073741824
Narrow klass base: 0x0000000000000000, Narrow klass shift: 3, Narrow klass range: 0x140000000

GC Precious Log:
 CPUs: 4 total, 4 available
 Memory: 12163M
 Large Page Support: Disabled
 NUMA Support: Disabled
 Compressed Oops: Enabled (32-bit)
 Alignments: Space 512K, Generation 512K, Heap 2M
 Heap Min Capacity: 100M
 Heap Initial Capacity: 100M
 Heap Max Capacity: 1G
 Pre-touch: Disabled
 Parallel Workers: 4

Heap:
 PSYoungGen      total 16384K, used 8044K [0x00000000eab00000, 0x00000000ebf80000, 0x0000000100000000)
  eden space 11776K, 30% used [0x00000000eab00000,0x00000000eae88260,0x00000000eb680000)
  from space 4608K, 96% used [0x00000000eb700000,0x00000000ebb52f68,0x00000000ebb80000)
  to   space 4096K, 0% used [0x00000000ebb80000,0x00000000ebb80000,0x00000000ebf80000)
 ParOldGen       total 136192K, used 122430K [0x00000000c0000000, 0x00000000c8500000, 0x00000000eab00000)
  object space 136192K, 89% used [0x00000000c0000000,0x00000000c778f850,0x00000000c8500000)
 Metaspace       used 74138K, committed 75328K, reserved 1179648K
  class space    used 7672K, committed 8192K, reserved 1048576K

Card table byte_map: [0x0000027b41560000,0x0000027b41770000] _byte_map_base: 0x0000027b40f60000

Marking Bits: (ParMarkBitMap*) 0x00007ff82ae1d0b0
 Begin Bits: [0x0000027b53860000, 0x0000027b54860000)
 End Bits:   [0x0000027b54860000, 0x0000027b55860000)

Polling page: 0x0000027b3fb70000

Metaspace:

Usage:
  Non-class:     64.91 MB used.
      Class:      7.49 MB used.
       Both:     72.40 MB used.

Virtual space:
  Non-class space:      128.00 MB reserved,      65.56 MB ( 51%) committed,  2 nodes.
      Class space:        1.00 GB reserved,       8.00 MB ( <1%) committed,  1 nodes.
             Both:        1.12 GB reserved,      73.56 MB (  6%) committed. 

Chunk freelists:
   Non-Class:  14.12 MB
       Class:  7.97 MB
        Both:  22.09 MB

MaxMetaspaceSize: unlimited
CompressedClassSpaceSize: 1.00 GB
Initial GC threshold: 21.00 MB
Current GC threshold: 119.50 MB
CDS: off
MetaspaceReclaimPolicy: balanced
 - commit_granule_bytes: 65536.
 - commit_granule_words: 8192.
 - virtual_space_node_default_size: 8388608.
 - enlarge_chunks_in_place: 1.
 - new_chunks_are_fully_committed: 0.
 - uncommit_free_chunks: 1.
 - use_allocation_guard: 0.
 - handle_deallocations: 1.


Internal statistics:

num_allocs_failed_limit: 9.
num_arena_births: 702.
num_arena_deaths: 16.
num_vsnodes_births: 3.
num_vsnodes_deaths: 0.
num_space_committed: 1177.
num_space_uncommitted: 0.
num_chunks_returned_to_freelist: 26.
num_chunks_taken_from_freelist: 3728.
num_chunk_merges: 13.
num_chunk_splits: 2355.
num_chunks_enlarged: 1433.
num_inconsistent_stats: 0.

CodeHeap 'non-profiled nmethods': size=120000Kb used=6217Kb max_used=6404Kb free=113782Kb
 bounds [0x0000027b4c330000, 0x0000027b4c990000, 0x0000027b53860000]
CodeHeap 'profiled nmethods': size=120000Kb used=20188Kb max_used=22322Kb free=99811Kb
 bounds [0x0000027b44860000, 0x0000027b45e40000, 0x0000027b4bd90000]
CodeHeap 'non-nmethods': size=5760Kb used=1405Kb max_used=1445Kb free=4354Kb
 bounds [0x0000027b4bd90000, 0x0000027b4c000000, 0x0000027b4c330000]
 total_blobs=9828 nmethods=9107 adapters=630
 compilation: enabled
              stopped_count=0, restarted_count=0
 full_count=0

Compilation events (20 events):
Event: 776.897 Thread 0x0000027b5abcf6d0 11623       3       org.eclipse.jdt.internal.core.index.DiskIndex::readStreamChars (529 bytes)
Event: 776.898 Thread 0x0000027b5abcf6d0 nmethod 11623 0x0000027b453edd90 code [0x0000027b453ee000, 0x0000027b453eef58]
Event: 776.950 Thread 0x0000027b5abcf6d0 11624       1       org.eclipse.jdt.internal.core.ClasspathEntry::getAccessRuleSet (5 bytes)
Event: 776.950 Thread 0x0000027b5abcf6d0 nmethod 11624 0x0000027b4c634790 code [0x0000027b4c634920, 0x0000027b4c6349f8]
Event: 776.950 Thread 0x0000027b5abcf6d0 11625       2       org.eclipse.core.runtime.Path::equals (122 bytes)
Event: 776.951 Thread 0x0000027b5abcf6d0 nmethod 11625 0x0000027b44cba510 code [0x0000027b44cba700, 0x0000027b44cbab58]
Event: 776.951 Thread 0x0000027b5abcf6d0 11627       2       org.eclipse.jdt.internal.core.builder.ClasspathJrt::hashCode (22 bytes)
Event: 776.951 Thread 0x0000027b5abcf6d0 nmethod 11627 0x0000027b4491ee10 code [0x0000027b4491efc0, 0x0000027b4491f138]
Event: 776.951 Thread 0x0000027b5abcf6d0 11626       2       org.eclipse.jdt.internal.core.PackageFragmentRoot::getRawClasspathEntry (63 bytes)
Event: 776.952 Thread 0x0000027b5abcf6d0 nmethod 11626 0x0000027b44864390 code [0x0000027b44864580, 0x0000027b44864918]
Event: 776.952 Thread 0x0000027b5abcf6d0 11628       2       org.eclipse.jdt.internal.core.search.matching.JavaSearchNameEnvironment::addPackageNameToIndex (45 bytes)
Event: 776.952 Thread 0x0000027b5abcf6d0 nmethod 11628 0x0000027b449e3990 code [0x0000027b449e3b80, 0x0000027b449e3df8]
Event: 776.953 Thread 0x0000027b5abcf6d0 11629       2       org.eclipse.jdt.internal.core.builder.ClasspathLocation::areAllModuleOptionsEqual (281 bytes)
Event: 776.954 Thread 0x0000027b5abcf6d0 nmethod 11629 0x0000027b44c63910 code [0x0000027b44c63c20, 0x0000027b44c646f8]
Event: 776.954 Thread 0x0000027b5abcf6d0 11630       2       org.eclipse.jdt.internal.core.builder.ClasspathJrt::equals (81 bytes)
Event: 776.954 Thread 0x0000027b5abcf6d0 nmethod 11630 0x0000027b449b5190 code [0x0000027b449b5380, 0x0000027b449b56c8]
Event: 776.968 Thread 0x0000027b5abcf6d0 11631   !   2       java.io.PrintStream::write (69 bytes)
Event: 776.969 Thread 0x0000027b5abcf6d0 nmethod 11631 0x0000027b4506da90 code [0x0000027b4506dc80, 0x0000027b4506e058]
Event: 776.982 Thread 0x0000027b5abcf6d0 11632       3       org.eclipse.core.runtime.Path::removeTrailingSeparator (32 bytes)
Event: 776.982 Thread 0x0000027b5abcf6d0 nmethod 11632 0x0000027b44e96f10 code [0x0000027b44e970c0, 0x0000027b44e97388]

GC Heap History (20 events):
Event: 63.100 GC heap before
{Heap before GC invocations=75 (full 6):
 PSYoungGen      total 13312K, used 11616K [0x00000000eab00000, 0x00000000ebb80000, 0x0000000100000000)
  eden space 10240K, 100% used [0x00000000eab00000,0x00000000eb500000,0x00000000eb500000)
  from space 3072K, 44% used [0x00000000eb580000,0x00000000eb6d8000,0x00000000eb880000)
  to   space 2048K, 0% used [0x00000000eb980000,0x00000000eb980000,0x00000000ebb80000)
 ParOldGen       total 136192K, used 114617K [0x00000000c0000000, 0x00000000c8500000, 0x00000000eab00000)
  object space 136192K, 84% used [0x00000000c0000000,0x00000000c6fee548,0x00000000c8500000)
 Metaspace       used 72966K, committed 74048K, reserved 1179648K
  class space    used 7547K, committed 8000K, reserved 1048576K
}
Event: 63.102 GC heap after
{Heap after GC invocations=75 (full 6):
 PSYoungGen      total 12800K, used 1481K [0x00000000eab00000, 0x00000000ebb00000, 0x0000000100000000)
  eden space 11264K, 0% used [0x00000000eab00000,0x00000000eab00000,0x00000000eb600000)
  from space 1536K, 96% used [0x00000000eb980000,0x00000000ebaf26a8,0x00000000ebb00000)
  to   space 2048K, 0% used [0x00000000eb700000,0x00000000eb700000,0x00000000eb900000)
 ParOldGen       total 136192K, used 114625K [0x00000000c0000000, 0x00000000c8500000, 0x00000000eab00000)
  object space 136192K, 84% used [0x00000000c0000000,0x00000000c6ff0548,0x00000000c8500000)
 Metaspace       used 72966K, committed 74048K, reserved 1179648K
  class space    used 7547K, committed 8000K, reserved 1048576K
}
Event: 70.200 GC heap before
{Heap before GC invocations=76 (full 6):
 PSYoungGen      total 12800K, used 12655K [0x00000000eab00000, 0x00000000ebb00000, 0x0000000100000000)
  eden space 11264K, 99% used [0x00000000eab00000,0x00000000eb5e9888,0x00000000eb600000)
  from space 1536K, 96% used [0x00000000eb980000,0x00000000ebaf26a8,0x00000000ebb00000)
  to   space 2048K, 0% used [0x00000000eb700000,0x00000000eb700000,0x00000000eb900000)
 ParOldGen       total 136192K, used 114625K [0x00000000c0000000, 0x00000000c8500000, 0x00000000eab00000)
  object space 136192K, 84% used [0x00000000c0000000,0x00000000c6ff0548,0x00000000c8500000)
 Metaspace       used 72991K, committed 74112K, reserved 1179648K
  class space    used 7547K, committed 8000K, reserved 1048576K
}
Event: 70.206 GC heap after
{Heap after GC invocations=76 (full 6):
 PSYoungGen      total 14336K, used 2023K [0x00000000eab00000, 0x00000000ec100000, 0x0000000100000000)
  eden space 12288K, 0% used [0x00000000eab00000,0x00000000eab00000,0x00000000eb700000)
  from space 2048K, 98% used [0x00000000eb700000,0x00000000eb8f9eb0,0x00000000eb900000)
  to   space 5120K, 0% used [0x00000000ebc00000,0x00000000ebc00000,0x00000000ec100000)
 ParOldGen       total 136192K, used 117046K [0x00000000c0000000, 0x00000000c8500000, 0x00000000eab00000)
  object space 136192K, 85% used [0x00000000c0000000,0x00000000c724d8d0,0x00000000c8500000)
 Metaspace       used 72991K, committed 74112K, reserved 1179648K
  class space    used 7547K, committed 8000K, reserved 1048576K
}
Event: 70.500 GC heap before
{Heap before GC invocations=77 (full 6):
 PSYoungGen      total 14336K, used 14311K [0x00000000eab00000, 0x00000000ec100000, 0x0000000100000000)
  eden space 12288K, 100% used [0x00000000eab00000,0x00000000eb700000,0x00000000eb700000)
  from space 2048K, 98% used [0x00000000eb700000,0x00000000eb8f9eb0,0x00000000eb900000)
  to   space 5120K, 0% used [0x00000000ebc00000,0x00000000ebc00000,0x00000000ec100000)
 ParOldGen       total 136192K, used 117046K [0x00000000c0000000, 0x00000000c8500000, 0x00000000eab00000)
  object space 136192K, 85% used [0x00000000c0000000,0x00000000c724d8d0,0x00000000c8500000)
 Metaspace       used 73024K, committed 74112K, reserved 1179648K
  class space    used 7548K, committed 8000K, reserved 1048576K
}
Event: 70.507 GC heap after
{Heap after GC invocations=77 (full 6):
 PSYoungGen      total 17920K, used 4247K [0x00000000eab00000, 0x00000000ec100000, 0x0000000100000000)
  eden space 12800K, 0% used [0x00000000eab00000,0x00000000eab00000,0x00000000eb780000)
  from space 5120K, 82% used [0x00000000ebc00000,0x00000000ec025f58,0x00000000ec100000)
  to   space 4608K, 0% used [0x00000000eb780000,0x00000000eb780000,0x00000000ebc00000)
 ParOldGen       total 136192K, used 118218K [0x00000000c0000000, 0x00000000c8500000, 0x00000000eab00000)
  object space 136192K, 86% used [0x00000000c0000000,0x00000000c7372a08,0x00000000c8500000)
 Metaspace       used 73024K, committed 74112K, reserved 1179648K
  class space    used 7548K, committed 8000K, reserved 1048576K
}
Event: 70.718 GC heap before
{Heap before GC invocations=78 (full 6):
 PSYoungGen      total 17920K, used 17047K [0x00000000eab00000, 0x00000000ec100000, 0x0000000100000000)
  eden space 12800K, 100% used [0x00000000eab00000,0x00000000eb780000,0x00000000eb780000)
  from space 5120K, 82% used [0x00000000ebc00000,0x00000000ec025f58,0x00000000ec100000)
  to   space 4608K, 0% used [0x00000000eb780000,0x00000000eb780000,0x00000000ebc00000)
 ParOldGen       total 136192K, used 118218K [0x00000000c0000000, 0x00000000c8500000, 0x00000000eab00000)
  object space 136192K, 86% used [0x00000000c0000000,0x00000000c7372a08,0x00000000c8500000)
 Metaspace       used 73043K, committed 74112K, reserved 1179648K
  class space    used 7548K, committed 8000K, reserved 1048576K
}
Event: 70.725 GC heap after
{Heap after GC invocations=78 (full 6):
 PSYoungGen      total 17408K, used 4094K [0x00000000eab00000, 0x00000000ec180000, 0x0000000100000000)
  eden space 12800K, 0% used [0x00000000eab00000,0x00000000eab00000,0x00000000eb780000)
  from space 4608K, 88% used [0x00000000eb780000,0x00000000ebb7fb30,0x00000000ebc00000)
  to   space 4608K, 0% used [0x00000000ebd00000,0x00000000ebd00000,0x00000000ec180000)
 ParOldGen       total 136192K, used 118218K [0x00000000c0000000, 0x00000000c8500000, 0x00000000eab00000)
  object space 136192K, 86% used [0x00000000c0000000,0x00000000c7372a08,0x00000000c8500000)
 Metaspace       used 73043K, committed 74112K, reserved 1179648K
  class space    used 7548K, committed 8000K, reserved 1048576K
}
Event: 70.917 GC heap before
{Heap before GC invocations=79 (full 6):
 PSYoungGen      total 17408K, used 16894K [0x00000000eab00000, 0x00000000ec180000, 0x0000000100000000)
  eden space 12800K, 100% used [0x00000000eab00000,0x00000000eb780000,0x00000000eb780000)
  from space 4608K, 88% used [0x00000000eb780000,0x00000000ebb7fb30,0x00000000ebc00000)
  to   space 4608K, 0% used [0x00000000ebd00000,0x00000000ebd00000,0x00000000ec180000)
 ParOldGen       total 136192K, used 118218K [0x00000000c0000000, 0x00000000c8500000, 0x00000000eab00000)
  object space 136192K, 86% used [0x00000000c0000000,0x00000000c7372a08,0x00000000c8500000)
 Metaspace       used 73110K, committed 74240K, reserved 1179648K
  class space    used 7551K, committed 8000K, reserved 1048576K
}
Event: 70.921 GC heap after
{Heap after GC invocations=79 (full 6):
 PSYoungGen      total 16384K, used 2814K [0x00000000eab00000, 0x00000000ec000000, 0x0000000100000000)
  eden space 13312K, 0% used [0x00000000eab00000,0x00000000eab00000,0x00000000eb800000)
  from space 3072K, 91% used [0x00000000ebd00000,0x00000000ebfbfb30,0x00000000ec000000)
  to   space 3584K, 0% used [0x00000000eb900000,0x00000000eb900000,0x00000000ebc80000)
 ParOldGen       total 136192K, used 118218K [0x00000000c0000000, 0x00000000c8500000, 0x00000000eab00000)
  object space 136192K, 86% used [0x00000000c0000000,0x00000000c7372a08,0x00000000c8500000)
 Metaspace       used 73110K, committed 74240K, reserved 1179648K
  class space    used 7551K, committed 8000K, reserved 1048576K
}
Event: 71.918 GC heap before
{Heap before GC invocations=80 (full 6):
 PSYoungGen      total 16384K, used 16126K [0x00000000eab00000, 0x00000000ec000000, 0x0000000100000000)
  eden space 13312K, 100% used [0x00000000eab00000,0x00000000eb800000,0x00000000eb800000)
  from space 3072K, 91% used [0x00000000ebd00000,0x00000000ebfbfb30,0x00000000ec000000)
  to   space 3584K, 0% used [0x00000000eb900000,0x00000000eb900000,0x00000000ebc80000)
 ParOldGen       total 136192K, used 118218K [0x00000000c0000000, 0x00000000c8500000, 0x00000000eab00000)
  object space 136192K, 86% used [0x00000000c0000000,0x00000000c7372a08,0x00000000c8500000)
 Metaspace       used 73164K, committed 74240K, reserved 1179648K
  class space    used 7551K, committed 8000K, reserved 1048576K
}
Event: 71.922 GC heap after
{Heap after GC invocations=80 (full 6):
 PSYoungGen      total 16896K, used 3566K [0x00000000eab00000, 0x00000000ec100000, 0x0000000100000000)
  eden space 13312K, 0% used [0x00000000eab00000,0x00000000eab00000,0x00000000eb800000)
  from space 3584K, 99% used [0x00000000eb900000,0x00000000ebc7bb40,0x00000000ebc80000)
  to   space 4608K, 0% used [0x00000000ebc80000,0x00000000ebc80000,0x00000000ec100000)
 ParOldGen       total 136192K, used 118594K [0x00000000c0000000, 0x00000000c8500000, 0x00000000eab00000)
  object space 136192K, 87% used [0x00000000c0000000,0x00000000c73d0a08,0x00000000c8500000)
 Metaspace       used 73164K, committed 74240K, reserved 1179648K
  class space    used 7551K, committed 8000K, reserved 1048576K
}
Event: 72.208 GC heap before
{Heap before GC invocations=81 (full 6):
 PSYoungGen      total 16896K, used 16878K [0x00000000eab00000, 0x00000000ec100000, 0x0000000100000000)
  eden space 13312K, 100% used [0x00000000eab00000,0x00000000eb800000,0x00000000eb800000)
  from space 3584K, 99% used [0x00000000eb900000,0x00000000ebc7bb40,0x00000000ebc80000)
  to   space 4608K, 0% used [0x00000000ebc80000,0x00000000ebc80000,0x00000000ec100000)
 ParOldGen       total 136192K, used 118594K [0x00000000c0000000, 0x00000000c8500000, 0x00000000eab00000)
  object space 136192K, 87% used [0x00000000c0000000,0x00000000c73d0a08,0x00000000c8500000)
 Metaspace       used 73224K, committed 74368K, reserved 1179648K
  class space    used 7551K, committed 8000K, reserved 1048576K
}
Event: 72.217 GC heap after
{Heap after GC invocations=81 (full 6):
 PSYoungGen      total 15360K, used 4598K [0x00000000eab00000, 0x00000000ec600000, 0x0000000100000000)
  eden space 10752K, 0% used [0x00000000eab00000,0x00000000eab00000,0x00000000eb580000)
  from space 4608K, 99% used [0x00000000ebc80000,0x00000000ec0fd890,0x00000000ec100000)
  to   space 7168K, 0% used [0x00000000eb580000,0x00000000eb580000,0x00000000ebc80000)
 ParOldGen       total 136192K, used 120629K [0x00000000c0000000, 0x00000000c8500000, 0x00000000eab00000)
  object space 136192K, 88% used [0x00000000c0000000,0x00000000c75cd728,0x00000000c8500000)
 Metaspace       used 73224K, committed 74368K, reserved 1179648K
  class space    used 7551K, committed 8000K, reserved 1048576K
}
Event: 72.300 GC heap before
{Heap before GC invocations=82 (full 6):
 PSYoungGen      total 15360K, used 15350K [0x00000000eab00000, 0x00000000ec600000, 0x0000000100000000)
  eden space 10752K, 100% used [0x00000000eab00000,0x00000000eb580000,0x00000000eb580000)
  from space 4608K, 99% used [0x00000000ebc80000,0x00000000ec0fd890,0x00000000ec100000)
  to   space 7168K, 0% used [0x00000000eb580000,0x00000000eb580000,0x00000000ebc80000)
 ParOldGen       total 136192K, used 120629K [0x00000000c0000000, 0x00000000c8500000, 0x00000000eab00000)
  object space 136192K, 88% used [0x00000000c0000000,0x00000000c75cd728,0x00000000c8500000)
 Metaspace       used 73227K, committed 74368K, reserved 1179648K
  class space    used 7551K, committed 8000K, reserved 1048576K
}
Event: 72.313 GC heap after
{Heap after GC invocations=82 (full 6):
 PSYoungGen      total 15872K, used 5023K [0x00000000eab00000, 0x00000000ec180000, 0x0000000100000000)
  eden space 10752K, 0% used [0x00000000eab00000,0x00000000eab00000,0x00000000eb580000)
  from space 5120K, 98% used [0x00000000eb580000,0x00000000eba67d08,0x00000000eba80000)
  to   space 5632K, 0% used [0x00000000ebc00000,0x00000000ebc00000,0x00000000ec180000)
 ParOldGen       total 136192K, used 122414K [0x00000000c0000000, 0x00000000c8500000, 0x00000000eab00000)
  object space 136192K, 89% used [0x00000000c0000000,0x00000000c778b850,0x00000000c8500000)
 Metaspace       used 73227K, committed 74368K, reserved 1179648K
  class space    used 7551K, committed 8000K, reserved 1048576K
}
Event: 73.762 GC heap before
{Heap before GC invocations=83 (full 6):
 PSYoungGen      total 15872K, used 15775K [0x00000000eab00000, 0x00000000ec180000, 0x0000000100000000)
  eden space 10752K, 99% used [0x00000000eab00000,0x00000000eb57fff0,0x00000000eb580000)
  from space 5120K, 98% used [0x00000000eb580000,0x00000000eba67d08,0x00000000eba80000)
  to   space 5632K, 0% used [0x00000000ebc00000,0x00000000ebc00000,0x00000000ec180000)
 ParOldGen       total 136192K, used 122414K [0x00000000c0000000, 0x00000000c8500000, 0x00000000eab00000)
  object space 136192K, 89% used [0x00000000c0000000,0x00000000c778b850,0x00000000c8500000)
 Metaspace       used 73266K, committed 74432K, reserved 1179648K
  class space    used 7551K, committed 8000K, reserved 1048576K
}
Event: 73.771 GC heap after
{Heap after GC invocations=83 (full 6):
 PSYoungGen      total 16896K, used 4676K [0x00000000eab00000, 0x00000000ec100000, 0x0000000100000000)
  eden space 11776K, 0% used [0x00000000eab00000,0x00000000eab00000,0x00000000eb680000)
  from space 5120K, 91% used [0x00000000ebc00000,0x00000000ec0910b8,0x00000000ec100000)
  to   space 5120K, 0% used [0x00000000eb700000,0x00000000eb700000,0x00000000ebc00000)
 ParOldGen       total 136192K, used 122422K [0x00000000c0000000, 0x00000000c8500000, 0x00000000eab00000)
  object space 136192K, 89% used [0x00000000c0000000,0x00000000c778d850,0x00000000c8500000)
 Metaspace       used 73266K, committed 74432K, reserved 1179648K
  class space    used 7551K, committed 8000K, reserved 1048576K
}
Event: 776.869 GC heap before
{Heap before GC invocations=84 (full 6):
 PSYoungGen      total 16896K, used 16389K [0x00000000eab00000, 0x00000000ec100000, 0x0000000100000000)
  eden space 11776K, 99% used [0x00000000eab00000,0x00000000eb670700,0x00000000eb680000)
  from space 5120K, 91% used [0x00000000ebc00000,0x00000000ec0910b8,0x00000000ec100000)
  to   space 5120K, 0% used [0x00000000eb700000,0x00000000eb700000,0x00000000ebc00000)
 ParOldGen       total 136192K, used 122422K [0x00000000c0000000, 0x00000000c8500000, 0x00000000eab00000)
  object space 136192K, 89% used [0x00000000c0000000,0x00000000c778d850,0x00000000c8500000)
 Metaspace       used 73773K, committed 75008K, reserved 1179648K
  class space    used 7624K, committed 8128K, reserved 1048576K
}
Event: 776.875 GC heap after
{Heap after GC invocations=84 (full 6):
 PSYoungGen      total 16384K, used 4427K [0x00000000eab00000, 0x00000000ebf80000, 0x0000000100000000)
  eden space 11776K, 0% used [0x00000000eab00000,0x00000000eab00000,0x00000000eb680000)
  from space 4608K, 96% used [0x00000000eb700000,0x00000000ebb52f68,0x00000000ebb80000)
  to   space 4096K, 0% used [0x00000000ebb80000,0x00000000ebb80000,0x00000000ebf80000)
 ParOldGen       total 136192K, used 122430K [0x00000000c0000000, 0x00000000c8500000, 0x00000000eab00000)
  object space 136192K, 89% used [0x00000000c0000000,0x00000000c778f850,0x00000000c8500000)
 Metaspace       used 73773K, committed 75008K, reserved 1179648K
  class space    used 7624K, committed 8128K, reserved 1048576K
}

Dll operation events (10 events):
Event: 0.014 Loaded shared library c:\Users\abdelkader\.vscode\extensions\redhat.java-1.25.1-win32-x64\jre\17.0.9-win32-x86_64\bin\java.dll
Event: 0.814 Loaded shared library c:\Users\abdelkader\.vscode\extensions\redhat.java-1.25.1-win32-x64\jre\17.0.9-win32-x86_64\bin\zip.dll
Event: 0.820 Loaded shared library C:\Users\abdelkader\.vscode\extensions\redhat.java-1.25.1-win32-x64\jre\17.0.9-win32-x86_64\bin\instrument.dll
Event: 0.891 Loaded shared library C:\Users\abdelkader\.vscode\extensions\redhat.java-1.25.1-win32-x64\jre\17.0.9-win32-x86_64\bin\net.dll
Event: 0.895 Loaded shared library C:\Users\abdelkader\.vscode\extensions\redhat.java-1.25.1-win32-x64\jre\17.0.9-win32-x86_64\bin\nio.dll
Event: 0.907 Loaded shared library C:\Users\abdelkader\.vscode\extensions\redhat.java-1.25.1-win32-x64\jre\17.0.9-win32-x86_64\bin\zip.dll
Event: 0.938 Loaded shared library C:\Users\abdelkader\.vscode\extensions\redhat.java-1.25.1-win32-x64\jre\17.0.9-win32-x86_64\bin\jimage.dll
Event: 1.175 Loaded shared library c:\Users\abdelkader\.vscode\extensions\redhat.java-1.25.1-win32-x64\jre\17.0.9-win32-x86_64\bin\verify.dll
Event: 9.667 Loaded shared library C:\Users\abdelkader\AppData\Roaming\Code\User\globalStorage\redhat.java\1.25.1\config_win\org.eclipse.equinox.launcher\org.eclipse.equinox.launcher.win32.win32.x86_64_1.2.800.v20231003-1442\eclipse_11802.dll
Event: 32.409 Loaded shared library C:\Users\abdelkader\AppData\Local\Temp\jna--2094131983\jna17178413607887545046.dll

Deoptimization events (20 events):
Event: 776.816 Thread 0x0000027b5f8c4c00 DEOPT PACKING pc=0x0000027b4c91bd2c sp=0x0000009742efe7d0
Event: 776.816 Thread 0x0000027b5f8c4c00 DEOPT UNPACKING pc=0x0000027b4bde66a3 sp=0x0000009742efe7d0 mode 2
Event: 776.816 Thread 0x0000027b5f8c4c00 Uncommon trap: trap_request=0xffffffde fr.pc=0x0000027b4c91bd2c relative=0x00000000000031ac
Event: 776.816 Thread 0x0000027b5f8c4c00 Uncommon trap: reason=class_check action=maybe_recompile pc=0x0000027b4c91bd2c method=org.eclipse.jdt.internal.compiler.parser.Scanner.getNextToken()I @ 47 c2
Event: 776.816 Thread 0x0000027b5f8c4c00 DEOPT PACKING pc=0x0000027b4c91bd2c sp=0x0000009742efe7d0
Event: 776.816 Thread 0x0000027b5f8c4c00 DEOPT UNPACKING pc=0x0000027b4bde66a3 sp=0x0000009742efe7d0 mode 2
Event: 776.859 Thread 0x0000027b5f8c4c00 Uncommon trap: trap_request=0xffffffde fr.pc=0x0000027b4c73bc9c relative=0x000000000000611c
Event: 776.859 Thread 0x0000027b5f8c4c00 Uncommon trap: reason=class_check action=maybe_recompile pc=0x0000027b4c73bc9c method=org.eclipse.jdt.internal.core.JavaElement.openWhenClosed(Ljava/lang/Object;ZLorg/eclipse/core/runtime/IProgressMonitor;)Ljava/lang/Object; @ 74 c2
Event: 776.859 Thread 0x0000027b5f8c4c00 DEOPT PACKING pc=0x0000027b4c73bc9c sp=0x0000009742efe7f0
Event: 776.859 Thread 0x0000027b5f8c4c00 DEOPT UNPACKING pc=0x0000027b4bde66a3 sp=0x0000009742efe7b8 mode 2
Event: 776.896 Thread 0x0000027b5f8c4c00 Uncommon trap: trap_request=0xffffff45 fr.pc=0x0000027b4c7f292c relative=0x000000000000094c
Event: 776.896 Thread 0x0000027b5f8c4c00 Uncommon trap: reason=unstable_if action=reinterpret pc=0x0000027b4c7f292c method=org.eclipse.jdt.internal.core.index.DiskIndex.readStreamChars(Ljava/io/InputStream;)[C @ 14 c2
Event: 776.896 Thread 0x0000027b5f8c4c00 DEOPT PACKING pc=0x0000027b4c7f292c sp=0x0000009742efdfd0
Event: 776.896 Thread 0x0000027b5f8c4c00 DEOPT UNPACKING pc=0x0000027b4bde66a3 sp=0x0000009742efdf60 mode 2
Event: 776.932 Thread 0x0000027b5f8c4c00 Uncommon trap: trap_request=0xfffffff4 fr.pc=0x0000027b4c840194 relative=0x0000000000000554
Event: 776.932 Thread 0x0000027b5f8c4c00 Uncommon trap: reason=null_check action=make_not_entrant pc=0x0000027b4c840194 method=org.eclipse.jdt.internal.core.JavaProject.equals(Ljava/lang/Object;)Z @ 8 c2
Event: 776.932 Thread 0x0000027b5f8c4c00 DEOPT PACKING pc=0x0000027b4c840194 sp=0x0000009742efea80
Event: 776.932 Thread 0x0000027b5f8c4c00 DEOPT UNPACKING pc=0x0000027b4bde66a3 sp=0x0000009742efea48 mode 2
Event: 776.949 Thread 0x0000027b5f8c4c00 DEOPT PACKING pc=0x0000027b45b92375 sp=0x0000009742efdd60
Event: 776.949 Thread 0x0000027b5f8c4c00 DEOPT UNPACKING pc=0x0000027b4bde6e43 sp=0x0000009742efd288 mode 0

Classes unloaded (8 events):
Event: 28.140 Thread 0x0000027b41c769c0 Unloading class 0x0000000100250000 'java/lang/invoke/LambdaForm$MH+0x0000000100250000'
Event: 28.140 Thread 0x0000027b41c769c0 Unloading class 0x000000010024fc00 'java/lang/invoke/LambdaForm$MH+0x000000010024fc00'
Event: 28.140 Thread 0x0000027b41c769c0 Unloading class 0x000000010024f800 'java/lang/invoke/LambdaForm$MH+0x000000010024f800'
Event: 28.140 Thread 0x0000027b41c769c0 Unloading class 0x000000010024f400 'java/lang/invoke/LambdaForm$MH+0x000000010024f400'
Event: 28.140 Thread 0x0000027b41c769c0 Unloading class 0x000000010024f000 'java/lang/invoke/LambdaForm$BMH+0x000000010024f000'
Event: 28.140 Thread 0x0000027b41c769c0 Unloading class 0x000000010024ec00 'java/lang/invoke/LambdaForm$DMH+0x000000010024ec00'
Event: 28.140 Thread 0x0000027b41c769c0 Unloading class 0x000000010024c000 'java/lang/invoke/LambdaForm$DMH+0x000000010024c000'
Event: 55.102 Thread 0x0000027b41c769c0 Unloading class 0x00000001006d8c00 'java/lang/invoke/LambdaForm$DMH+0x00000001006d8c00'

Classes redefined (0 events):
No events

Internal exceptions (20 events):
Event: 73.853 Thread 0x0000027b5b79cd70 Exception <a 'java/lang/NullPointerException'{0x00000000eb005cf8}> (0x00000000eb005cf8) 
thrown [s\src\hotspot\share\runtime\sharedRuntime.cpp, line 631]
Event: 346.210 Thread 0x0000027b5b79b420 Implicit null exception at 0x0000027b4c8847de to 0x0000027b4c884b50
Event: 346.262 Thread 0x0000027b5b79b420 Exception <a 'java/lang/NoSuchMethodError'{0x00000000eb2a47f0}: 'java.lang.Object java.lang.invoke.DirectMethodHandle$Holder.newInvokeSpecial(java.lang.Object, java.lang.Object, java.lang.Object, java.lang.Object, java.lang.Object, java.lang.Object, java.lang.Object, java.lang.Object)'> (0x00000000eb2a47f0) 
thrown [s\src\hotspot\share\interpreter\linkResolver.cpp, line 759]
Event: 346.262 Thread 0x0000027b5b79b420 Exception <a 'java/lang/NoSuchMethodError'{0x00000000eb2aa4d0}: 'java.lang.Object java.lang.invoke.DirectMethodHandle$Holder.invokeSpecial(java.lang.Object, java.lang.Object, java.lang.Object, java.lang.Object, java.lang.Object, java.lang.Object, java.lang.Object, java.lang.Object, java.lang.Object)'> (0x00000000eb2aa4d0) 
thrown [s\src\hotspot\share\interpreter\linkResolver.cpp, line 759]
Event: 346.263 Thread 0x0000027b5b79b420 Exception <a 'java/lang/NoSuchMethodError'{0x00000000eb2af960}: 'java.lang.Object java.lang.invoke.Invokers$Holder.linkToTargetMethod(java.lang.Object, java.lang.Object, java.lang.Object, java.lang.Object, java.lang.Object, java.lang.Object, java.lang.Object, java.lang.Object)'> (0x00000000eb2af960) 
thrown [s\src\hotspot\share\interpreter\linkResolver.cpp, line 759]
Event: 776.817 Thread 0x0000027b5f8c4c00 Implicit null exception at 0x0000027b44862976 to 0x0000027b44862ffd
Event: 776.817 Thread 0x0000027b5f8c4c00 Exception <a 'java/lang/NullPointerException'{0x00000000eb4c9f18}> (0x00000000eb4c9f18) 
thrown [s\src\hotspot\share\runtime\sharedRuntime.cpp, line 631]
Event: 776.842 Thread 0x0000027b5f8c4c00 Implicit null exception at 0x0000027b44862976 to 0x0000027b44862ffd
Event: 776.842 Thread 0x0000027b5f8c4c00 Exception <a 'java/lang/NullPointerException'{0x00000000eb5ebc90}> (0x00000000eb5ebc90) 
thrown [s\src\hotspot\share\runtime\sharedRuntime.cpp, line 631]
Event: 776.847 Thread 0x0000027b5f8c4c00 Implicit null exception at 0x0000027b44862976 to 0x0000027b44862ffd
Event: 776.847 Thread 0x0000027b5f8c4c00 Exception <a 'java/lang/NullPointerException'{0x00000000eb5ec4c8}> (0x00000000eb5ec4c8) 
thrown [s\src\hotspot\share\runtime\sharedRuntime.cpp, line 631]
Event: 776.848 Thread 0x0000027b5f8c4c00 Implicit null exception at 0x0000027b44862976 to 0x0000027b44862ffd
Event: 776.848 Thread 0x0000027b5f8c4c00 Exception <a 'java/lang/NullPointerException'{0x00000000eb5ed7b8}> (0x00000000eb5ed7b8) 
thrown [s\src\hotspot\share\runtime\sharedRuntime.cpp, line 631]
Event: 776.848 Thread 0x0000027b5f8c4c00 Implicit null exception at 0x0000027b44862976 to 0x0000027b44862ffd
Event: 776.848 Thread 0x0000027b5f8c4c00 Exception <a 'java/lang/NullPointerException'{0x00000000eb5eddc8}> (0x00000000eb5eddc8) 
thrown [s\src\hotspot\share\runtime\sharedRuntime.cpp, line 631]
Event: 776.848 Thread 0x0000027b5f8c4c00 Implicit null exception at 0x0000027b44862976 to 0x0000027b44862ffd
Event: 776.848 Thread 0x0000027b5f8c4c00 Exception <a 'java/lang/NullPointerException'{0x00000000eb5ef390}> (0x00000000eb5ef390) 
thrown [s\src\hotspot\share\runtime\sharedRuntime.cpp, line 631]
Event: 776.849 Thread 0x0000027b5f8c4c00 Implicit null exception at 0x0000027b44862976 to 0x0000027b44862ffd
Event: 776.849 Thread 0x0000027b5f8c4c00 Exception <a 'java/lang/NullPointerException'{0x00000000eb5efca0}> (0x00000000eb5efca0) 
thrown [s\src\hotspot\share\runtime\sharedRuntime.cpp, line 631]
Event: 776.932 Thread 0x0000027b5f8c4c00 Implicit null exception at 0x0000027b4c83fc78 to 0x0000027b4c840184

VM Operations (20 events):
Event: 776.787 Executing VM operation: HandshakeAllThreads
Event: 776.787 Executing VM operation: HandshakeAllThreads done
Event: 776.791 Executing VM operation: HandshakeAllThreads
Event: 776.791 Executing VM operation: HandshakeAllThreads done
Event: 776.793 Executing VM operation: HandshakeAllThreads
Event: 776.793 Executing VM operation: HandshakeAllThreads done
Event: 776.800 Executing VM operation: HandshakeAllThreads
Event: 776.800 Executing VM operation: HandshakeAllThreads done
Event: 776.804 Executing VM operation: HandshakeAllThreads
Event: 776.804 Executing VM operation: HandshakeAllThreads done
Event: 776.806 Executing VM operation: HandshakeAllThreads
Event: 776.806 Executing VM operation: HandshakeAllThreads done
Event: 776.809 Executing VM operation: HandshakeAllThreads
Event: 776.809 Executing VM operation: HandshakeAllThreads done
Event: 776.811 Executing VM operation: HandshakeAllThreads
Event: 776.811 Executing VM operation: HandshakeAllThreads done
Event: 776.869 Executing VM operation: ParallelGCFailedAllocation
Event: 776.875 Executing VM operation: ParallelGCFailedAllocation done
Event: 776.979 Executing VM operation: HandshakeAllThreads
Event: 776.979 Executing VM operation: HandshakeAllThreads done

Events (20 events):
Event: 346.257 Thread 0x0000027b5abd23a0 flushing nmethod 0x0000027b45b5ab10
Event: 346.258 Thread 0x0000027b5abd23a0 flushing nmethod 0x0000027b45b80210
Event: 346.258 Thread 0x0000027b5abd23a0 flushing nmethod 0x0000027b45b80690
Event: 346.258 Thread 0x0000027b5abd23a0 flushing nmethod 0x0000027b45b99d10
Event: 346.258 Thread 0x0000027b5abd23a0 flushing nmethod 0x0000027b45bb7f90
Event: 346.259 Thread 0x0000027b5abd23a0 flushing nmethod 0x0000027b45bfbf90
Event: 346.259 Thread 0x0000027b5abd23a0 flushing nmethod 0x0000027b45c1be90
Event: 346.259 Thread 0x0000027b5abd23a0 flushing nmethod 0x0000027b45c4e710
Event: 346.259 Thread 0x0000027b5abd23a0 flushing nmethod 0x0000027b45c54f90
Event: 346.259 Thread 0x0000027b5abd23a0 flushing nmethod 0x0000027b45c55710
Event: 346.259 Thread 0x0000027b5abd23a0 flushing nmethod 0x0000027b45c55e90
Event: 346.259 Thread 0x0000027b5abd23a0 flushing nmethod 0x0000027b45c56210
Event: 346.260 Thread 0x0000027b5abd23a0 flushing nmethod 0x0000027b45ccd790
Event: 346.260 Thread 0x0000027b5abd23a0 flushing nmethod 0x0000027b45cdd490
Event: 346.260 Thread 0x0000027b5abd23a0 flushing nmethod 0x0000027b45cf1490
Event: 346.261 Thread 0x0000027b5abd23a0 flushing nmethod 0x0000027b45dc4010
Event: 466.459 Thread 0x0000027b5b79b420 Thread exited: 0x0000027b5b79b420
Event: 776.006 Thread 0x0000027b5f8c4c00 Thread added: 0x0000027b5f8c4c00
Event: 776.751 Thread 0x0000027b60278010 Thread added: 0x0000027b60278010
Event: 776.891 Thread 0x0000027b5f8c0010 Thread added: 0x0000027b5f8c0010


Dynamic libraries:
0x00007ff6dc4f0000 - 0x00007ff6dc4fe000 	c:\Users\abdelkader\.vscode\extensions\redhat.java-1.25.1-win32-x64\jre\17.0.9-win32-x86_64\bin\java.exe
0x00007ff8cd270000 - 0x00007ff8cd468000 	C:\WINDOWS\SYSTEM32\ntdll.dll
0x00007ff8cbef0000 - 0x00007ff8cbfad000 	C:\WINDOWS\System32\KERNEL32.DLL
0x00007ff8cac70000 - 0x00007ff8caf66000 	C:\WINDOWS\System32\KERNELBASE.dll
0x00007ff8cab70000 - 0x00007ff8cac70000 	C:\WINDOWS\System32\ucrtbase.dll
0x00007ff8c4bf0000 - 0x00007ff8c4c07000 	c:\Users\abdelkader\.vscode\extensions\redhat.java-1.25.1-win32-x64\jre\17.0.9-win32-x86_64\bin\jli.dll
0x00007ff8cbfc0000 - 0x00007ff8cc15e000 	C:\WINDOWS\System32\USER32.dll
0x00007ff8cb090000 - 0x00007ff8cb0b2000 	C:\WINDOWS\System32\win32u.dll
0x00007ff8cbdb0000 - 0x00007ff8cbddc000 	C:\WINDOWS\System32\GDI32.dll
0x00007ff8caf70000 - 0x00007ff8cb08a000 	C:\WINDOWS\System32\gdi32full.dll
0x00007ff8caaa0000 - 0x00007ff8cab3d000 	C:\WINDOWS\System32\msvcp_win.dll
0x00007ff8c2e30000 - 0x00007ff8c2e4b000 	c:\Users\abdelkader\.vscode\extensions\redhat.java-1.25.1-win32-x64\jre\17.0.9-win32-x86_64\bin\VCRUNTIME140.dll
0x00007ff8bc600000 - 0x00007ff8bc89a000 	C:\WINDOWS\WinSxS\amd64_microsoft.windows.common-controls_6595b64144ccf1df_6.0.19041.3636_none_60b6a03d71f818d5\COMCTL32.dll
0x00007ff8cc2a0000 - 0x00007ff8cc33e000 	C:\WINDOWS\System32\msvcrt.dll
0x00007ff8cbd80000 - 0x00007ff8cbdb0000 	C:\WINDOWS\System32\IMM32.DLL
0x00007ff8c4510000 - 0x00007ff8c451c000 	c:\Users\abdelkader\.vscode\extensions\redhat.java-1.25.1-win32-x64\jre\17.0.9-win32-x86_64\bin\vcruntime140_1.dll
0x00007ff894840000 - 0x00007ff8948cd000 	c:\Users\abdelkader\.vscode\extensions\redhat.java-1.25.1-win32-x64\jre\17.0.9-win32-x86_64\bin\msvcp140.dll
0x00007ff82a280000 - 0x00007ff82aee1000 	c:\Users\abdelkader\.vscode\extensions\redhat.java-1.25.1-win32-x64\jre\17.0.9-win32-x86_64\bin\server\jvm.dll
0x00007ff8ccf70000 - 0x00007ff8cd01f000 	C:\WINDOWS\System32\ADVAPI32.dll
0x00007ff8ccca0000 - 0x00007ff8ccd3c000 	C:\WINDOWS\System32\sechost.dll
0x00007ff8cbc50000 - 0x00007ff8cbd76000 	C:\WINDOWS\System32\RPCRT4.dll
0x00007ff8ca7b0000 - 0x00007ff8ca7fb000 	C:\WINDOWS\SYSTEM32\POWRPROF.dll
0x00007ff8b5a40000 - 0x00007ff8b5a49000 	C:\WINDOWS\SYSTEM32\WSOCK32.dll
0x00007ff8ccdc0000 - 0x00007ff8cce2b000 	C:\WINDOWS\System32\WS2_32.dll
0x00007ff8bc900000 - 0x00007ff8bc927000 	C:\WINDOWS\SYSTEM32\WINMM.dll
0x00007ff8c0e00000 - 0x00007ff8c0e0a000 	C:\WINDOWS\SYSTEM32\VERSION.dll
0x00007ff8ca790000 - 0x00007ff8ca7a2000 	C:\WINDOWS\SYSTEM32\UMPDC.dll
0x00007ff8c89b0000 - 0x00007ff8c89c2000 	C:\WINDOWS\SYSTEM32\kernel.appcore.dll
0x00007ff8c3660000 - 0x00007ff8c366a000 	c:\Users\abdelkader\.vscode\extensions\redhat.java-1.25.1-win32-x64\jre\17.0.9-win32-x86_64\bin\jimage.dll
0x00007ff8adf80000 - 0x00007ff8ae164000 	C:\WINDOWS\SYSTEM32\DBGHELP.DLL
0x00007ff8adf40000 - 0x00007ff8adf74000 	C:\WINDOWS\SYSTEM32\dbgcore.DLL
0x00007ff8caa10000 - 0x00007ff8caa92000 	C:\WINDOWS\System32\bcryptPrimitives.dll
0x00007ff8bbb50000 - 0x00007ff8bbb5e000 	c:\Users\abdelkader\.vscode\extensions\redhat.java-1.25.1-win32-x64\jre\17.0.9-win32-x86_64\bin\instrument.dll
0x00007ff8b00b0000 - 0x00007ff8b00d5000 	c:\Users\abdelkader\.vscode\extensions\redhat.java-1.25.1-win32-x64\jre\17.0.9-win32-x86_64\bin\java.dll
0x00007ff8bbab0000 - 0x00007ff8bbac8000 	c:\Users\abdelkader\.vscode\extensions\redhat.java-1.25.1-win32-x64\jre\17.0.9-win32-x86_64\bin\zip.dll
0x00007ff8cc3d0000 - 0x00007ff8ccb15000 	C:\WINDOWS\System32\SHELL32.dll
0x00007ff8c89d0000 - 0x00007ff8c916b000 	C:\WINDOWS\SYSTEM32\windows.storage.dll
0x00007ff8cb740000 - 0x00007ff8cba94000 	C:\WINDOWS\System32\combase.dll
0x00007ff8ca1e0000 - 0x00007ff8ca20d000 	C:\WINDOWS\SYSTEM32\Wldp.dll
0x00007ff8cbde0000 - 0x00007ff8cbe8d000 	C:\WINDOWS\System32\SHCORE.dll
0x00007ff8cbe90000 - 0x00007ff8cbee5000 	C:\WINDOWS\System32\shlwapi.dll
0x00007ff8ca880000 - 0x00007ff8ca8a5000 	C:\WINDOWS\SYSTEM32\profapi.dll
0x00007ff8bb990000 - 0x00007ff8bb9a9000 	C:\Users\abdelkader\.vscode\extensions\redhat.java-1.25.1-win32-x64\jre\17.0.9-win32-x86_64\bin\net.dll
0x00007ff8c20c0000 - 0x00007ff8c21ca000 	C:\WINDOWS\SYSTEM32\WINHTTP.dll
0x00007ff8c9fc0000 - 0x00007ff8ca02a000 	C:\WINDOWS\system32\mswsock.dll
0x00007ff8ae3a0000 - 0x00007ff8ae3b6000 	C:\Users\abdelkader\.vscode\extensions\redhat.java-1.25.1-win32-x64\jre\17.0.9-win32-x86_64\bin\nio.dll
0x00007ff8b00a0000 - 0x00007ff8b00b0000 	c:\Users\abdelkader\.vscode\extensions\redhat.java-1.25.1-win32-x64\jre\17.0.9-win32-x86_64\bin\verify.dll
0x00007ff894680000 - 0x00007ff8946be000 	C:\Users\abdelkader\AppData\Roaming\Code\User\globalStorage\redhat.java\1.25.1\config_win\org.eclipse.equinox.launcher\org.eclipse.equinox.launcher.win32.win32.x86_64_1.2.800.v20231003-1442\eclipse_11802.dll
0x00007ff8cc160000 - 0x00007ff8cc28b000 	C:\WINDOWS\System32\ole32.dll
0x00007ff8ca590000 - 0x00007ff8ca5a8000 	C:\WINDOWS\SYSTEM32\CRYPTSP.dll
0x00007ff8c9910000 - 0x00007ff8c9944000 	C:\WINDOWS\system32\rsaenh.dll
0x00007ff8cab40000 - 0x00007ff8cab67000 	C:\WINDOWS\System32\bcrypt.dll
0x00007ff8ca840000 - 0x00007ff8ca86e000 	C:\WINDOWS\SYSTEM32\USERENV.dll
0x00007ff8ca150000 - 0x00007ff8ca15c000 	C:\WINDOWS\SYSTEM32\CRYPTBASE.dll
0x00007ff8c9cd0000 - 0x00007ff8c9d0b000 	C:\WINDOWS\SYSTEM32\IPHLPAPI.DLL
0x00007ff8cd020000 - 0x00007ff8cd028000 	C:\WINDOWS\System32\NSI.dll
0x00007ff8c3b70000 - 0x00007ff8c3b87000 	C:\WINDOWS\SYSTEM32\dhcpcsvc6.DLL
0x00007ff8c3cf0000 - 0x00007ff8c3d0d000 	C:\WINDOWS\SYSTEM32\dhcpcsvc.DLL
0x00007ff8c9d10000 - 0x00007ff8c9dda000 	C:\WINDOWS\SYSTEM32\DNSAPI.dll
0x00007ff8c4f70000 - 0x00007ff8c4fb5000 	C:\Users\abdelkader\AppData\Local\Temp\jna--2094131983\jna17178413607887545046.dll
0x00007ff8cc290000 - 0x00007ff8cc298000 	C:\WINDOWS\System32\PSAPI.DLL

dbghelp: loaded successfully - version: 4.0.5 - missing functions: none
symbol engine: initialized successfully - sym options: 0x614 - pdb path: .;c:\Users\abdelkader\.vscode\extensions\redhat.java-1.25.1-win32-x64\jre\17.0.9-win32-x86_64\bin;C:\WINDOWS\SYSTEM32;C:\WINDOWS\WinSxS\amd64_microsoft.windows.common-controls_6595b64144ccf1df_6.0.19041.3636_none_60b6a03d71f818d5;c:\Users\abdelkader\.vscode\extensions\redhat.java-1.25.1-win32-x64\jre\17.0.9-win32-x86_64\bin\server;C:\Users\abdelkader\AppData\Roaming\Code\User\globalStorage\redhat.java\1.25.1\config_win\org.eclipse.equinox.launcher\org.eclipse.equinox.launcher.win32.win32.x86_64_1.2.800.v20231003-1442;C:\Users\abdelkader\AppData\Local\Temp\jna--2094131983

VM Arguments:
jvm_args: --add-modules=ALL-SYSTEM --add-opens=java.base/java.util=ALL-UNNAMED --add-opens=java.base/java.lang=ALL-UNNAMED --add-opens=java.base/sun.nio.fs=ALL-UNNAMED -Declipse.application=org.eclipse.jdt.ls.core.id1 -Dosgi.bundles.defaultStartLevel=4 -Declipse.product=org.eclipse.jdt.ls.core.product -Djava.import.generatesMetadataFilesAtProjectRoot=false -DDetectVMInstallationsJob.disabled=true -Dfile.encoding=utf8 -XX:+UseParallelGC -XX:GCTimeRatio=4 -XX:AdaptiveSizePolicyWeight=90 -Dsun.zip.disableMemoryMapping=true -Xmx1G -Xms100m -Xlog:disable -javaagent:c:\Users\abdelkader\.vscode\extensions\redhat.java-1.25.1-win32-x64\lombok\lombok-1.18.30.jar -XX:+HeapDumpOnOutOfMemoryError -XX:HeapDumpPath=c:\Users\abdelkader\AppData\Roaming\Code\User\workspaceStorage\4bbaa65c982651e4835262f9be950502\redhat.java -Daether.dependencyCollector.impl=bf 
java_command: c:\Users\abdelkader\.vscode\extensions\redhat.java-1.25.1-win32-x64\server\plugins\org.eclipse.equinox.launcher_1.6.600.v20231106-1826.jar -configuration c:\Users\abdelkader\AppData\Roaming\Code\User\globalStorage\redhat.java\1.25.1\config_win -data c:\Users\abdelkader\AppData\Roaming\Code\User\workspaceStorage\4bbaa65c982651e4835262f9be950502\redhat.java\jdt_ws --stdio
java_class_path (initial): c:\Users\abdelkader\.vscode\extensions\redhat.java-1.25.1-win32-x64\server\plugins\org.eclipse.equinox.launcher_1.6.600.v20231106-1826.jar
Launcher Type: SUN_STANDARD

[Global flags]
    uintx AdaptiveSizePolicyWeight                 = 90                                        {product} {command line}
     intx CICompilerCount                          = 3                                         {product} {ergonomic}
    uintx GCTimeRatio                              = 4                                         {product} {command line}
     bool HeapDumpOnOutOfMemoryError               = true                                   {manageable} {command line}
    ccstr HeapDumpPath                             = c:\Users\abdelkader\AppData\Roaming\Code\User\workspaceStorage\4bbaa65c982651e4835262f9be950502\redhat.java         {manageable} {command line}
   size_t InitialHeapSize                          = 104857600                                 {product} {command line}
   size_t MaxHeapSize                              = 1073741824                                {product} {command line}
   size_t MaxNewSize                               = 357564416                                 {product} {ergonomic}
   size_t MinHeapDeltaBytes                        = 524288                                    {product} {ergonomic}
   size_t MinHeapSize                              = 104857600                                 {product} {command line}
   size_t NewSize                                  = 34603008                                  {product} {ergonomic}
    uintx NonNMethodCodeHeapSize                   = 5832780                                {pd product} {ergonomic}
    uintx NonProfiledCodeHeapSize                  = 122912730                              {pd product} {ergonomic}
   size_t OldSize                                  = 70254592                                  {product} {ergonomic}
    uintx ProfiledCodeHeapSize                     = 122912730                              {pd product} {ergonomic}
    uintx ReservedCodeCacheSize                    = 251658240                              {pd product} {ergonomic}
     bool SegmentedCodeCache                       = true                                      {product} {ergonomic}
   size_t SoftMaxHeapSize                          = 1073741824                             {manageable} {ergonomic}
     bool UseCompressedClassPointers               = true                           {product lp64_product} {ergonomic}
     bool UseCompressedOops                        = true                           {product lp64_product} {ergonomic}
     bool UseLargePagesIndividualAllocation        = false                                  {pd product} {ergonomic}
     bool UseParallelGC                            = true                                      {product} {command line}

Logging:
Log output configuration:
 #0: stdout all=off uptime,level,tags
 #1: stderr all=off uptime,level,tags

Environment Variables:
PATH=C:\Program Files\Eclipse Adoptium\jdk-21.0.1.12-hotspot\bin;C:\Program Files\Common Files\Oracle\Java\javapath;C:\app\abdelkader\product\21c\dbhomeXE\bin;C:\Program Files (x86)\Common Files\Oracle\Java\javapath;C:\Program Files (x86)\Common Files\Intel\Shared Libraries\redist\intel64\compiler;C:\WINDOWS\system32;C:\WINDOWS;C:\WINDOWS\System32\Wbem;C:\WINDOWS\System32\WindowsPowerShell\v1.0\;C:\WINDOWS\System32\OpenSSH\;C:\Users\abdelkader\AppData\Local\Programs\Python\Python311\Scripts\;C:\Users\abdelkader\AppData\Local\Programs\Python\Python311\;C:\blp\DAPI;C:\blp\DAPI\DDE;C:\Users\abdelkader\AppData\Local\Programs\Python\Python38-32\Scripts\;C:\Users\abdelkader\AppData\Local\Programs\Python\Python38-32\;C:\Users\abdelkader\AppData\Local\Microsoft\WindowsApps;C:\Program Files (x86)\Java\jre-1.8\bin;C:\MinGW\bin;C:\Program Files (x86)\Java\jre-1.8\bin;;C:\Users\abdelkader\AppData\Local\Programs\Microsoft VS Code\bin
USERNAME=abdelkader
OS=Windows_NT
PROCESSOR_IDENTIFIER=Intel64 Family 6 Model 61 Stepping 4, GenuineIntel
TMP=C:\Users\ABDELK~1\AppData\Local\Temp
TEMP=C:\Users\ABDELK~1\AppData\Local\Temp



Periodic native trim disabled


---------------  S Y S T E M  ---------------

OS:
 Windows 10 , 64 bit Build 19041 (10.0.19041.3636)
OS uptime: 0 days 2:13 hours
Hyper-V role detected

CPU: total 4 (initial active 4) (2 cores per cpu, 2 threads per core) family 6 model 61 stepping 4 microcode 0x2d, cx8, cmov, fxsr, ht, mmx, 3dnowpref, sse, sse2, sse3, ssse3, sse4.1, sse4.2, popcnt, lzcnt, tsc, tscinvbit, avx, avx2, aes, erms, clmul, bmi1, bmi2, rtm, adx, fma, vzeroupper, clflush, hv
Processor Information for all 4 processors :
  Max Mhz: 2301, Current Mhz: 2301, Mhz Limit: 2301

Memory: 4k page, system-wide physical 12163M (2156M free)
TotalPageFile size 12163M (AvailPageFile size 18M)
current process WorkingSet (physical memory assigned to process): 334M, peak: 380M
current process commit charge ("private bytes"): 370M, peak: 420M

vm_info: OpenJDK 64-Bit Server VM (17.0.9+9) for windows-amd64 JRE (17.0.9+9), built on Oct 26 2023 14:01:42 by "admin" with MS VC++ 16.10 / 16.11 (VS2019)

END.
