#
# There is insufficient memory for the Java Runtime Environment to continue.
# Native memory allocation (mmap) failed to map 201326592 bytes for G1 virtual space
# Possible reasons:
#   The system is out of physical RAM or swap space
#   The process is running with CompressedOops enabled, and the Java Heap may be blocking the growth of the native heap
# Possible solutions:
#   Reduce memory load on the system
#   Increase physical memory or swap space
#   Check if swap backing store is full
#   Decrease Java heap size (-Xmx/-Xms)
#   Decrease number of Java threads
#   Decrease Java thread stack sizes (-Xss)
#   Set larger code cache with -XX:ReservedCodeCacheSize=
#   JVM is running with Zero Based Compressed Oops mode in which the Java heap is
#     placed in the first 32GB address space. The Java Heap base address is the
#     maximum limit for the native heap growth. Please use -XX:HeapBaseMinAddress
#     to set the Java Heap base and to place the Java Heap above 32GB virtual address.
# This output file may be truncated or incomplete.
#
#  Out of Memory Error (os_windows.cpp:3600), pid=6808, tid=10524
#
# JRE version:  (21.0.1+12) (build )
# Java VM: OpenJDK 64-Bit Server VM (21.0.1+12-LTS, mixed mode, sharing, tiered, compressed oops, compressed class ptrs, g1 gc, windows-amd64)
# No core dump will be written. Minidumps are not enabled by default on client versions of Windows
#

---------------  S U M M A R Y ------------

Command Line: --enable-preview -XX:+ShowCodeDetailsInExceptionMessages Motorola6809Frame

Host: Intel(R) Core(TM) i5-5300U CPU @ 2.30GHz, 4 cores, 11G,  Windows 10 , 64 bit Build 19041 (10.0.19041.3636)
Time: Mon Dec 11 20:40:07 2023 Morocco Daylight Time elapsed time: 0.019674 seconds (0d 0h 0m 0s)

---------------  T H R E A D  ---------------

Current thread (0x000002c09616b090):  JavaThread "Unknown thread" [_thread_in_vm, id=10524, stack(0x000000f56f300000,0x000000f56f400000) (1024K)]

Stack: [0x000000f56f300000,0x000000f56f400000]
Native frames: (J=compiled Java code, j=interpreted, Vv=VM code, C=native code)
V  [jvm.dll+0x6c7789]
V  [jvm.dll+0x8a2011]
V  [jvm.dll+0x8a44ae]
V  [jvm.dll+0x8a4b83]
V  [jvm.dll+0x27f936]
V  [jvm.dll+0x6c3f05]
V  [jvm.dll+0x6b8bfa]
V  [jvm.dll+0x35363a]
V  [jvm.dll+0x35b1e6]
V  [jvm.dll+0x3ac2be]
V  [jvm.dll+0x3ac568]
V  [jvm.dll+0x32787c]
V  [jvm.dll+0x3283db]
V  [jvm.dll+0x86b0f9]
V  [jvm.dll+0x3b9271]
V  [jvm.dll+0x8532c8]
V  [jvm.dll+0x44cffe]
V  [jvm.dll+0x44ea81]
C  [jli.dll+0x5278]
C  [ucrtbase.dll+0x21bb2]
C  [KERNEL32.DLL+0x17344]
C  [ntdll.dll+0x526b1]


---------------  P R O C E S S  ---------------

Threads class SMR info:
_java_thread_list=0x00007ffbc766e088, length=0, elements={
}

Java Threads: ( => current thread )
Total: 0

Other Threads:
  0x000002c0982b67d0 WorkerThread "GC Thread#0"                     [id=10936, stack(0x000000f56f400000,0x000000f56f500000) (1024K)]
  0x000002c0982c3f80 ConcurrentGCThread "G1 Main Marker"            [id=15188, stack(0x000000f56f500000,0x000000f56f600000) (1024K)]
  0x000002c0982c5220 WorkerThread "G1 Conc#0"                       [id=9104, stack(0x000000f56f600000,0x000000f56f700000) (1024K)]

[error occurred during error reporting (printing all threads), id 0xc0000005, EXCEPTION_ACCESS_VIOLATION (0xc0000005) at pc=0x00007ffbc6d7a1a7]
VM state: not at safepoint (not fully initialized)

VM Mutex/Monitor currently owned by a thread:  ([mutex/lock_event])
[0x00007ffbc76e1b28] Heap_lock - owner thread: 0x000002c09616b090

Heap address: 0x0000000741e00000, size: 3042 MB, Compressed Oops mode: Zero based, Oop shift amount: 3

CDS archive(s) mapped at: [0x0000000000000000-0x0000000000000000-0x0000000000000000), size 0, SharedBaseAddress: 0x0000000800000000, ArchiveRelocationMode: 1.
Narrow klass base: 0x0000000000000000, Narrow klass shift: 0, Narrow klass range: 0x0

GC Precious Log:
 CardTable entry size: 512
 Card Set container configuration: InlinePtr #cards 4 size 8 Array Of Cards #cards 16 size 48 Howl #buckets 8 coarsen threshold 3686 Howl Bitmap #cards 512 size 80 coarsen threshold 460 Card regions per heap region 1 cards per card region 4096

Heap:
 garbage-first heap   total 0K, used 0K [0x0000000741e00000, 0x0000000800000000)
  region size 2048K, 0 young (0K), 0 survivors (0K)

[error occurred during error reporting (printing heap information), id 0xc0000005, EXCEPTION_ACCESS_VIOLATION (0xc0000005) at pc=0x00007ffbc71605d9]
GC Heap History (0 events):
No events

Dll operation events (1 events):
Event: 0.012 Loaded shared library C:\Program Files\Eclipse Adoptium\jdk-21.0.1.12-hotspot\bin\java.dll

Deoptimization events (0 events):
No events

Classes loaded (0 events):
No events

Classes unloaded (0 events):
No events

Classes redefined (0 events):
No events

Internal exceptions (0 events):
No events

ZGC Phase Switch (0 events):
No events

VM Operations (0 events):
No events

Events (0 events):
No events


Dynamic libraries:
0x00007ff6fdb00000 - 0x00007ff6fdb0e000 	C:\Program Files\Eclipse Adoptium\jdk-21.0.1.12-hotspot\bin\java.exe
0x00007ffc09b10000 - 0x00007ffc09d08000 	C:\WINDOWS\SYSTEM32\ntdll.dll
0x00007ffc09a10000 - 0x00007ffc09acd000 	C:\WINDOWS\System32\KERNEL32.DLL
0x00007ffc072f0000 - 0x00007ffc075e6000 	C:\WINDOWS\System32\KERNELBASE.dll
0x00007ffc07810000 - 0x00007ffc07910000 	C:\WINDOWS\System32\ucrtbase.dll
0x00007ffc016c0000 - 0x00007ffc016db000 	C:\Program Files\Eclipse Adoptium\jdk-21.0.1.12-hotspot\bin\VCRUNTIME140.dll
0x00007ffc016f0000 - 0x00007ffc01708000 	C:\Program Files\Eclipse Adoptium\jdk-21.0.1.12-hotspot\bin\jli.dll
0x00007ffc095f0000 - 0x00007ffc0978e000 	C:\WINDOWS\System32\USER32.dll
0x00007ffbf8f20000 - 0x00007ffbf91ba000 	C:\WINDOWS\WinSxS\amd64_microsoft.windows.common-controls_6595b64144ccf1df_6.0.19041.3636_none_60b6a03d71f818d5\COMCTL32.dll
0x00007ffc07690000 - 0x00007ffc076b2000 	C:\WINDOWS\System32\win32u.dll
0x00007ffc07b70000 - 0x00007ffc07c0e000 	C:\WINDOWS\System32\msvcrt.dll
0x00007ffc07d30000 - 0x00007ffc07d5c000 	C:\WINDOWS\System32\GDI32.dll
0x00007ffc076f0000 - 0x00007ffc0780a000 	C:\WINDOWS\System32\gdi32full.dll
0x00007ffc075f0000 - 0x00007ffc0768d000 	C:\WINDOWS\System32\msvcp_win.dll
0x00007ffc09970000 - 0x00007ffc099a0000 	C:\WINDOWS\System32\IMM32.DLL
0x00007ffc02070000 - 0x00007ffc0207c000 	C:\Program Files\Eclipse Adoptium\jdk-21.0.1.12-hotspot\bin\vcruntime140_1.dll
0x00007ffc00ac0000 - 0x00007ffc00b4e000 	C:\Program Files\Eclipse Adoptium\jdk-21.0.1.12-hotspot\bin\msvcp140.dll
0x00007ffbc6a40000 - 0x00007ffbc77c1000 	C:\Program Files\Eclipse Adoptium\jdk-21.0.1.12-hotspot\bin\server\jvm.dll
0x00007ffc08860000 - 0x00007ffc0890f000 	C:\WINDOWS\System32\ADVAPI32.dll
0x00007ffc08910000 - 0x00007ffc089ac000 	C:\WINDOWS\System32\sechost.dll
0x00007ffc07fe0000 - 0x00007ffc08106000 	C:\WINDOWS\System32\RPCRT4.dll
0x00007ffc07d60000 - 0x00007ffc07dcb000 	C:\WINDOWS\System32\WS2_32.dll
0x00007ffc07050000 - 0x00007ffc0709b000 	C:\WINDOWS\SYSTEM32\POWRPROF.dll
0x00007ffbf8550000 - 0x00007ffbf8577000 	C:\WINDOWS\SYSTEM32\WINMM.dll
0x00007ffbfdc60000 - 0x00007ffbfdc6a000 	C:\WINDOWS\SYSTEM32\VERSION.dll
0x00007ffc07030000 - 0x00007ffc07042000 	C:\WINDOWS\SYSTEM32\UMPDC.dll
0x00007ffc05a00000 - 0x00007ffc05a12000 	C:\WINDOWS\SYSTEM32\kernel.appcore.dll
0x00007ffc01af0000 - 0x00007ffc01afa000 	C:\Program Files\Eclipse Adoptium\jdk-21.0.1.12-hotspot\bin\jimage.dll
0x00007ffbeb2f0000 - 0x00007ffbeb4d4000 	C:\WINDOWS\SYSTEM32\DBGHELP.DLL
0x00007ffbeb2b0000 - 0x00007ffbeb2e4000 	C:\WINDOWS\SYSTEM32\dbgcore.DLL
0x00007ffc071f0000 - 0x00007ffc07272000 	C:\WINDOWS\System32\bcryptPrimitives.dll
0x00007ffc016a0000 - 0x00007ffc016bf000 	C:\Program Files\Eclipse Adoptium\jdk-21.0.1.12-hotspot\bin\java.dll

dbghelp: loaded successfully - version: 4.0.5 - missing functions: none
symbol engine: initialized successfully - sym options: 0x614 - pdb path: .;C:\Program Files\Eclipse Adoptium\jdk-21.0.1.12-hotspot\bin;C:\WINDOWS\SYSTEM32;C:\WINDOWS\WinSxS\amd64_microsoft.windows.common-controls_6595b64144ccf1df_6.0.19041.3636_none_60b6a03d71f818d5;C:\Program Files\Eclipse Adoptium\jdk-21.0.1.12-hotspot\bin\server

VM Arguments:
jvm_args: --enable-preview -XX:+ShowCodeDetailsInExceptionMessages 
java_command: Motorola6809Frame
java_class_path (initial): C:\Users\abdelkader\AppData\Roaming\Code\User\workspaceStorage\4bbaa65c982651e4835262f9be950502\redhat.java\jdt_ws\moto6809_bc682d3e\bin;c:\Users\abdelkader\Downloads\jar_files\AbsoluteLayout-RELEASE200.jar
Launcher Type: SUN_STANDARD

[Global flags]
     intx CICompilerCount                          = 3                                         {product} {ergonomic}
     uint ConcGCThreads                            = 1                                         {product} {ergonomic}
     uint G1ConcRefinementThreads                  = 4                                         {product} {ergonomic}
   size_t G1HeapRegionSize                         = 2097152                                   {product} {ergonomic}
    uintx GCDrainStackTargetSize                   = 64                                        {product} {ergonomic}
   size_t InitialHeapSize                          = 201326592                                 {product} {ergonomic}
   size_t MarkStackSize                            = 4194304                                   {product} {ergonomic}
   size_t MaxHeapSize                              = 3189768192                                {product} {ergonomic}
   size_t MinHeapDeltaBytes                        = 2097152                                   {product} {ergonomic}
   size_t MinHeapSize                              = 8388608                                   {product} {ergonomic}
    uintx NonNMethodCodeHeapSize                   = 5832780                                {pd product} {ergonomic}
    uintx NonProfiledCodeHeapSize                  = 122912730                              {pd product} {ergonomic}
    uintx ProfiledCodeHeapSize                     = 122912730                              {pd product} {ergonomic}
    uintx ReservedCodeCacheSize                    = 251658240                              {pd product} {ergonomic}
     bool SegmentedCodeCache                       = true                                      {product} {ergonomic}
     bool ShowCodeDetailsInExceptionMessages       = true                                   {manageable} {command line}
   size_t SoftMaxHeapSize                          = 3189768192                             {manageable} {ergonomic}
     bool UseCompressedOops                        = true                           {product lp64_product} {ergonomic}
     bool UseG1GC                                  = true                                      {product} {ergonomic}
     bool UseLargePagesIndividualAllocation        = false                                  {pd product} {ergonomic}

Logging:
Log output configuration:
 #0: stdout all=warning uptime,level,tags foldmultilines=false
 #1: stderr all=off uptime,level,tags foldmultilines=false

Environment Variables:
PATH=C:\Program Files\Eclipse Adoptium\jdk-21.0.1.12-hotspot\bin;C:\Program Files\Common Files\Oracle\Java\javapath;C:\app\abdelkader\product\21c\dbhomeXE\bin;C:\Program Files (x86)\Common Files\Oracle\Java\javapath;C:\Program Files (x86)\Common Files\Intel\Shared Libraries\redist\intel64\compiler;C:\WINDOWS\system32;C:\WINDOWS;C:\WINDOWS\System32\Wbem;C:\WINDOWS\System32\WindowsPowerShell\v1.0\;C:\WINDOWS\System32\OpenSSH\;C:\Users\abdelkader\AppData\Local\Programs\Python\Python311\Scripts\;C:\Users\abdelkader\AppData\Local\Programs\Python\Python311\;C:\blp\DAPI;C:\blp\DAPI\DDE;C:\Users\abdelkader\AppData\Local\Programs\Python\Python38-32\Scripts\;C:\Users\abdelkader\AppData\Local\Programs\Python\Python38-32\;C:\Users\abdelkader\AppData\Local\Microsoft\WindowsApps;C:\Program Files (x86)\Java\jre-1.8\bin;C:\MinGW\bin;C:\Program Files (x86)\Java\jre-1.8\bin;;C:\Users\abdelkader\AppData\Local\Programs\Microsoft VS Code\bin
USERNAME=abdelkader
LANG=en_US.UTF-8
OS=Windows_NT
PROCESSOR_IDENTIFIER=Intel64 Family 6 Model 61 Stepping 4, GenuineIntel
TMP=C:\Users\ABDELK~1\AppData\Local\Temp
TEMP=C:\Users\ABDELK~1\AppData\Local\Temp




Periodic native trim disabled

---------------  S Y S T E M  ---------------

OS:
 Windows 10 , 64 bit Build 19041 (10.0.19041.3636)
OS uptime: 0 days 2:12 hours
Hyper-V role detected

CPU: total 4 (initial active 4) (2 cores per cpu, 2 threads per core) family 6 model 61 stepping 4 microcode 0x2d, cx8, cmov, fxsr, ht, mmx, 3dnowpref, sse, sse2, sse3, ssse3, sse4.1, sse4.2, popcnt, lzcnt, tsc, tscinvbit, avx, avx2, aes, erms, clmul, bmi1, bmi2, rtm, adx, fma, vzeroupper, clflush, hv, rdtscp, f16c
Processor Information for all 4 processors :
  Max Mhz: 2301, Current Mhz: 2301, Mhz Limit: 2301

Memory: 4k page, system-wide physical 12163M (2308M free)
TotalPageFile size 12163M (AvailPageFile size 30M)
current process WorkingSet (physical memory assigned to process): 10M, peak: 10M
current process commit charge ("private bytes"): 51M, peak: 243M

vm_info: OpenJDK 64-Bit Server VM (21.0.1+12-LTS) for windows-amd64 JRE (21.0.1+12-LTS), built on 2023-10-17T00:00:00Z by "admin" with unknown MS VC++:1937

END.
