#
# There is insufficient memory for the Java Runtime Environment to continue.
# Native memory allocation (mmap) failed to map 65536 bytes for Failed to commit metaspace.
# Possible reasons:
#   The system is out of physical RAM or swap space
#   The process is running with CompressedOops enabled, and the Java Heap may be blocking the growth of the native heap
# Possible solutions:
#   Reduce memory load on the system
#   Increase physical memory or swap space
#   Check if swap backing store is full
#   Decrease Java heap size (-Xmx/-Xms)
#   Decrease number of Java threads
#   Decrease Java thread stack sizes (-Xss)
#   Set larger code cache with -XX:ReservedCodeCacheSize=
#   JVM is running with Unscaled Compressed Oops mode in which the Java heap is
#     placed in the first 4GB address space. The Java Heap base address is the
#     maximum limit for the native heap growth. Please use -XX:HeapBaseMinAddress
#     to set the Java Heap base and to place the Java Heap above 4GB virtual address.
# This output file may be truncated or incomplete.
#
#  Out of Memory Error (virtualSpaceNode.cpp:110), pid=18576, tid=11716
#
# JRE version: OpenJDK Runtime Environment Temurin-17.0.9+9 (17.0.9+9) (build 17.0.9+9)
# Java VM: OpenJDK 64-Bit Server VM Temurin-17.0.9+9 (17.0.9+9, mixed mode, tiered, compressed oops, compressed class ptrs, parallel gc, windows-amd64)
# No core dump will be written. Minidumps are not enabled by default on client versions of Windows
#

---------------  S U M M A R Y ------------

Command Line: --add-modules=ALL-SYSTEM --add-opens=java.base/java.util=ALL-UNNAMED --add-opens=java.base/java.lang=ALL-UNNAMED --add-opens=java.base/sun.nio.fs=ALL-UNNAMED -Declipse.application=org.eclipse.jdt.ls.core.id1 -Dosgi.bundles.defaultStartLevel=4 -Declipse.product=org.eclipse.jdt.ls.core.product -Djava.import.generatesMetadataFilesAtProjectRoot=false -DDetectVMInstallationsJob.disabled=true -Dfile.encoding=utf8 -XX:+UseParallelGC -XX:GCTimeRatio=4 -XX:AdaptiveSizePolicyWeight=90 -Dsun.zip.disableMemoryMapping=true -Xmx1G -Xms100m -Xlog:disable -javaagent:c:\Users\abdelkader\.vscode\extensions\redhat.java-1.25.1-win32-x64\lombok\lombok-1.18.30.jar -XX:+HeapDumpOnOutOfMemoryError -XX:HeapDumpPath=c:\Users\abdelkader\AppData\Roaming\Code\User\workspaceStorage\4bbaa65c982651e4835262f9be950502\redhat.java -Daether.dependencyCollector.impl=bf c:\Users\abdelkader\.vscode\extensions\redhat.java-1.25.1-win32-x64\server\plugins\org.eclipse.equinox.launcher_1.6.600.v20231106-1826.jar -configuration c:\Users\abdelkader\AppData\Roaming\Code\User\globalStorage\redhat.java\1.25.1\config_win -data c:\Users\abdelkader\AppData\Roaming\Code\User\workspaceStorage\4bbaa65c982651e4835262f9be950502\redhat.java\jdt_ws --stdio

Host: Intel(R) Core(TM) i5-5300U CPU @ 2.30GHz, 4 cores, 11G,  Windows 10 , 64 bit Build 19041 (10.0.19041.3636)
Time: Sun Dec 10 02:19:14 2023 Morocco Daylight Time elapsed time: 1.311444 seconds (0d 0h 0m 1s)

---------------  T H R E A D  ---------------

Current thread (0x000001b25e99ece0):  JavaThread "main" [_thread_in_vm, id=11716, stack(0x00000051daa00000,0x00000051dab00000)]

Stack: [0x00000051daa00000,0x00000051dab00000]
Native frames: (J=compiled Java code, j=interpreted, Vv=VM code, C=native code)
V  [jvm.dll+0x67cf49]
V  [jvm.dll+0x83478a]
V  [jvm.dll+0x83624e]
V  [jvm.dll+0x8368b3]
V  [jvm.dll+0x247f1f]
V  [jvm.dll+0x83044b]
V  [jvm.dll+0x621776]
V  [jvm.dll+0x6217da]
V  [jvm.dll+0x62400a]
V  [jvm.dll+0x622116]
V  [jvm.dll+0x23d880]
V  [jvm.dll+0x1eca2b]
V  [jvm.dll+0x1e23d1]
V  [jvm.dll+0x54305e]
V  [jvm.dll+0x1f2e27]
V  [jvm.dll+0x7adb8b]
V  [jvm.dll+0x7aef5c]
V  [jvm.dll+0x7af2a8]
V  [jvm.dll+0x2401ee]
V  [jvm.dll+0x24043f]
V  [jvm.dll+0x561273]
V  [jvm.dll+0x563724]
V  [jvm.dll+0x386a5b]
V  [jvm.dll+0x386512]
C  0x000001b26a36867f

The last pc belongs to getstatic (printed below).
Java frames: (J=compiled Java code, j=interpreted, Vv=VM code)
j  sun.security.util.SecurityProviderConstants.<clinit>()V+492 java.base@17.0.9
v  ~StubRoutines::call_stub
j  sun.security.provider.SunEntries.addWithAlias(Ljava/security/Provider;Ljava/lang/String;Ljava/lang/String;Ljava/lang/String;Ljava/util/HashMap;)V+14 java.base@17.0.9
j  sun.security.provider.SunEntries.<init>(Ljava/security/Provider;)V+166 java.base@17.0.9
j  sun.security.provider.Sun.<init>()V+18 java.base@17.0.9
j  sun.security.jca.ProviderConfig.getProvider()Ljava/security/Provider;+67 java.base@17.0.9
j  sun.security.jca.ProviderList.getProvider(I)Ljava/security/Provider;+6 java.base@17.0.9
j  sun.security.jca.ProviderList.getIndex(Ljava/lang/String;)I+13 java.base@17.0.9
j  sun.security.jca.ProviderList.getProviderConfig(Ljava/lang/String;)Lsun/security/jca/ProviderConfig;+2 java.base@17.0.9
j  sun.security.jca.ProviderList.getProvider(Ljava/lang/String;)Ljava/security/Provider;+2 java.base@17.0.9
j  sun.security.jca.Providers.startJarVerification()Ljava/lang/Object;+15 java.base@17.0.9
j  sun.security.util.SignatureFileVerifier.<init>(Ljava/util/ArrayList;Lsun/security/util/ManifestDigester;Ljava/lang/String;[B)V+28 java.base@17.0.9
j  java.util.jar.JarVerifier.processEntry(Lsun/security/util/ManifestEntryVerifier;)V+322 java.base@17.0.9
j  java.util.jar.JarVerifier.update(I[BIILsun/security/util/ManifestEntryVerifier;)V+39 java.base@17.0.9
j  java.util.jar.JarFile.initializeVerifier()V+163 java.base@17.0.9
j  java.util.jar.JarFile.ensureInitialization()V+41 java.base@17.0.9
j  java.util.jar.JavaUtilJarAccessImpl.ensureInitialization(Ljava/util/jar/JarFile;)V+1 java.base@17.0.9
j  jdk.internal.loader.URLClassPath$JarLoader$2.getManifest()Ljava/util/jar/Manifest;+10 java.base@17.0.9
j  jdk.internal.loader.BuiltinClassLoader.defineClass(Ljava/lang/String;Ljdk/internal/loader/Resource;)Ljava/lang/Class;+29 java.base@17.0.9
j  jdk.internal.loader.BuiltinClassLoader.findClassOnClassPathOrNull(Ljava/lang/String;)Ljava/lang/Class;+37 java.base@17.0.9
j  jdk.internal.loader.BuiltinClassLoader.loadClassOrNull(Ljava/lang/String;Z)Ljava/lang/Class;+111 java.base@17.0.9
j  jdk.internal.loader.BuiltinClassLoader.loadClass(Ljava/lang/String;Z)Ljava/lang/Class;+3 java.base@17.0.9
j  jdk.internal.loader.ClassLoaders$AppClassLoader.loadClass(Ljava/lang/String;Z)Ljava/lang/Class;+36 java.base@17.0.9
j  java.lang.ClassLoader.loadClass(Ljava/lang/String;)Ljava/lang/Class;+3 java.base@17.0.9
v  ~StubRoutines::call_stub
j  java.lang.Class.forName0(Ljava/lang/String;ZLjava/lang/ClassLoader;Ljava/lang/Class;)Ljava/lang/Class;+0 java.base@17.0.9
j  java.lang.Class.forName(Ljava/lang/String;ZLjava/lang/ClassLoader;)Ljava/lang/Class;+43 java.base@17.0.9
j  sun.launcher.LauncherHelper.loadMainClass(ILjava/lang/String;)Ljava/lang/Class;+95 java.base@17.0.9
j  sun.launcher.LauncherHelper.checkAndLoadMain(ZILjava/lang/String;)Ljava/lang/Class;+42 java.base@17.0.9
v  ~StubRoutines::call_stub
getstatic  178 getstatic  [0x000001b26a3685e0, 0x000001b26a3687e0]  512 bytes
[MachCode]
  0x000001b26a3685e0: 4883 ec08 | c5fa 1104 | 24eb 1f48 | 83ec 10c5 | fb11 0424 | eb14 4883 | ec10 4889 | 0424 48c7 
  0x000001b26a368600: 4424 0800 | 0000 00eb | 0150 410f | b755 0148 | 8b4d d0c1 | e202 8b5c | d120 c1eb | 1081 e3ff 
  0x000001b26a368620: 0000 0081 | fbb2 0000 | 000f 84b6 | 0000 00bb | b200 0000 | e805 0000 | 00e9 9b00 | 0000 488b 
  0x000001b26a368640: d348 8d44 | 2408 4c89 | 6dc0 498b | cfc5 f877 | 4989 afa8 | 0200 0049 | 8987 9802 | 0000 4883 
  0x000001b26a368660: ec20 f7c4 | 0f00 0000 | 0f84 1a00 | 0000 4883 | ec08 49ba | b064 5979 | fe7f 0000 | 41ff d248 
  0x000001b26a368680: 83c4 08e9 | 0d00 0000 | 49ba b064 | 5979 fe7f | 0000 41ff | d248 83c4 | 2049 c787 | 9802 0000 
  0x000001b26a3686a0: 0000 0000 | 49c7 87a8 | 0200 0000 | 0000 0049 | c787 a002 | 0000 0000 | 0000 c5f8 | 7749 817f 
  0x000001b26a3686c0: 0800 0000 | 000f 8405 | 0000 00e9 | 3088 feff | 4c8b 6dc0 | 4c8b 75c8 | c341 0fb7 | 5501 488b 
  0x000001b26a3686e0: 4dd0 c1e2 | 0248 8b5c | d130 8b44 | d138 4c8b | 4cd1 284d | 8b49 704d | 8b09 c1e8 | 1c83 e00f 
  0x000001b26a368700: 0f85 0b00 | 0000 410f | be04 1950 | e9b1 0000 | 0083 f801 | 0f85 0b00 | 0000 410f | b604 1950 
  0x000001b26a368720: e99d 0000 | 0083 f808 | 0f85 0a00 | 0000 418b | 0419 50e9 | 8a00 0000 | 83f8 040f | 850a 0000 
  0x000001b26a368740: 0041 8b04 | 1950 e977 | 0000 0083 | f802 0f85 | 0b00 0000 | 410f b704 | 1950 e963 | 0000 0083 
  0x000001b26a368760: f803 0f85 | 0b00 0000 | 410f bf04 | 1950 e94f | 0000 0083 | f805 0f85 | 1a00 0000 | 498b 0419 
  0x000001b26a368780: 4883 ec10 | 4889 0424 | 48c7 4424 | 0800 0000 | 00e9 2c00 | 0000 83f8 | 060f 8514 | 0000 00c4 
  0x000001b26a3687a0: c17a 1004 | 1948 83ec | 08c5 fa11 | 0424 e90f | 0000 00c4 | c17b 1004 | 1948 83ec | 10c5 fb11 
  0x000001b26a3687c0: 0424 410f | b65d 0349 | 83c5 0349 | ba90 a2db | 79fe 7f00 | 0041 ff24 | da0f 1f80 | 0000 0000 
[/MachCode]

---------------  P R O C E S S  ---------------

Threads class SMR info:
_java_thread_list=0x000001b279bd2310, length=12, elements={
0x000001b25e99ece0, 0x000001b274721760, 0x000001b274722860, 0x000001b27474f1a0,
0x000001b274750020, 0x000001b274752cb0, 0x000001b274756690, 0x000001b2747582a0,
0x000001b27476afc0, 0x000001b27476e090, 0x000001b25ea4e410, 0x000001b279bb66f0
}

Java Threads: ( => current thread )
=>0x000001b25e99ece0 JavaThread "main" [_thread_in_vm, id=11716, stack(0x00000051daa00000,0x00000051dab00000)]
  0x000001b274721760 JavaThread "Reference Handler" daemon [_thread_blocked, id=16812, stack(0x00000051dad00000,0x00000051dae00000)]
  0x000001b274722860 JavaThread "Finalizer" daemon [_thread_blocked, id=21948, stack(0x00000051dae00000,0x00000051daf00000)]
  0x000001b27474f1a0 JavaThread "Signal Dispatcher" daemon [_thread_blocked, id=11752, stack(0x00000051daf00000,0x00000051db000000)]
  0x000001b274750020 JavaThread "Attach Listener" daemon [_thread_blocked, id=16900, stack(0x00000051db000000,0x00000051db100000)]
  0x000001b274752cb0 JavaThread "Service Thread" daemon [_thread_blocked, id=21336, stack(0x00000051db100000,0x00000051db200000)]
  0x000001b274756690 JavaThread "Monitor Deflation Thread" daemon [_thread_blocked, id=9440, stack(0x00000051db200000,0x00000051db300000)]
  0x000001b2747582a0 JavaThread "C2 CompilerThread0" daemon [_thread_blocked, id=15052, stack(0x00000051db300000,0x00000051db400000)]
  0x000001b27476afc0 JavaThread "C1 CompilerThread0" daemon [_thread_blocked, id=12612, stack(0x00000051db400000,0x00000051db500000)]
  0x000001b27476e090 JavaThread "Sweeper thread" daemon [_thread_blocked, id=6544, stack(0x00000051db500000,0x00000051db600000)]
  0x000001b25ea4e410 JavaThread "Common-Cleaner" daemon [_thread_blocked, id=9760, stack(0x00000051db600000,0x00000051db700000)]
  0x000001b279bb66f0 JavaThread "Notification Thread" daemon [_thread_blocked, id=11244, stack(0x00000051db700000,0x00000051db800000)]

Other Threads:
  0x000001b25ea227d0 VMThread "VM Thread" [stack: 0x00000051dac00000,0x00000051dad00000] [id=13084]
  0x000001b279bb2d40 WatcherThread [stack: 0x00000051db800000,0x00000051db900000] [id=21360]
  0x000001b25e9b4900 GCTaskThread "GC Thread#0" [stack: 0x00000051dab00000,0x00000051dac00000] [id=12796]

Threads with active compile tasks:

VM state: not at safepoint (normal execution)

VM Mutex/Monitor currently owned by a thread:  ([mutex/lock_event])
[0x000001b25e999050] Metaspace_lock - owner thread: 0x000001b25e99ece0

Heap address: 0x00000000c0000000, size: 1024 MB, Compressed Oops mode: 32-bit

CDS archive(s) not mapped
Compressed class space mapped at: 0x0000000100000000-0x0000000140000000, reserved size: 1073741824
Narrow klass base: 0x0000000000000000, Narrow klass shift: 3, Narrow klass range: 0x140000000

GC Precious Log:
 CPUs: 4 total, 4 available
 Memory: 12163M
 Large Page Support: Disabled
 NUMA Support: Disabled
 Compressed Oops: Enabled (32-bit)
 Alignments: Space 512K, Generation 512K, Heap 2M
 Heap Min Capacity: 100M
 Heap Initial Capacity: 100M
 Heap Max Capacity: 1G
 Pre-touch: Disabled
 Parallel Workers: 4

Heap:
 PSYoungGen      total 29696K, used 8739K [0x00000000eab00000, 0x00000000ecc00000, 0x0000000100000000)
  eden space 25600K, 34% used [0x00000000eab00000,0x00000000eb388fe8,0x00000000ec400000)
  from space 4096K, 0% used [0x00000000ec800000,0x00000000ec800000,0x00000000ecc00000)
  to   space 4096K, 0% used [0x00000000ec400000,0x00000000ec400000,0x00000000ec800000)
 ParOldGen       total 68608K, used 0K [0x00000000c0000000, 0x00000000c4300000, 0x00000000eab00000)
  object space 68608K, 0% used [0x00000000c0000000,0x00000000c0000000,0x00000000c4300000)
 Metaspace       used 6589K, committed 6720K, reserved 1114112K
  class space    used 643K, committed 704K, reserved 1048576K

Card table byte_map: [0x000001b272000000,0x000001b272210000] _byte_map_base: 0x000001b271a00000

Marking Bits: (ParMarkBitMap*) 0x00007ffe79dad0b0
 Begin Bits: [0x000001b272370000, 0x000001b273370000)
 End Bits:   [0x000001b273370000, 0x000001b274370000)

Polling page: 0x000001b25e810000

Metaspace:

Usage:
  Non-class:      5.81 MB used.
      Class:    643.52 KB used.
       Both:      6.43 MB used.

Virtual space:
  Non-class space:       64.00 MB reserved,       5.88 MB (  9%) committed,  1 nodes.
      Class space:        1.00 GB reserved,     704.00 KB ( <1%) committed,  1 nodes.
             Both:        1.06 GB reserved,       6.56 MB ( <1%) committed. 

Chunk freelists:
   Non-Class:  10.11 MB
       Class:  15.21 MB
        Both:  25.32 MB

MaxMetaspaceSize: unlimited
CompressedClassSpaceSize: 1.00 GB
Initial GC threshold: 21.00 MB
Current GC threshold: 21.00 MB
CDS: off
MetaspaceReclaimPolicy: balanced
 - commit_granule_bytes: 65536.
 - commit_granule_words: 8192.
 - virtual_space_node_default_size: 8388608.
 - enlarge_chunks_in_place: 1.
 - new_chunks_are_fully_committed: 0.
 - uncommit_free_chunks: 1.
 - use_allocation_guard: 0.
 - handle_deallocations: 1.


Internal statistics:

num_allocs_failed_limit: 0.
num_arena_births: 10.
num_arena_deaths: 0.
num_vsnodes_births: 2.
num_vsnodes_deaths: 0.
num_space_committed: 105.
num_space_uncommitted: 0.
num_chunks_returned_to_freelist: 0.
num_chunks_taken_from_freelist: 36.
num_chunk_merges: 0.
num_chunk_splits: 22.
num_chunks_enlarged: 21.
num_inconsistent_stats: 0.

CodeHeap 'non-profiled nmethods': size=120000Kb used=136Kb max_used=136Kb free=119863Kb
 bounds [0x000001b26a8f0000, 0x000001b26ab60000, 0x000001b271e20000]
CodeHeap 'profiled nmethods': size=120000Kb used=606Kb max_used=606Kb free=119393Kb
 bounds [0x000001b262e20000, 0x000001b263090000, 0x000001b26a350000]
CodeHeap 'non-nmethods': size=5760Kb used=1101Kb max_used=1115Kb free=4659Kb
 bounds [0x000001b26a350000, 0x000001b26a5c0000, 0x000001b26a8f0000]
 total_blobs=820 nmethods=440 adapters=295
 compilation: enabled
              stopped_count=0, restarted_count=0
 full_count=0

Compilation events (20 events):
Event: 1.280 Thread 0x000001b27476afc0  432       3       java.util.Collections$UnmodifiableCollection$1::<init> (26 bytes)
Event: 1.281 Thread 0x000001b27476afc0 nmethod 432 0x000001b262eb2990 code [0x000001b262eb2b40, 0x000001b262eb2da8]
Event: 1.281 Thread 0x000001b27476afc0  433       3       java.lang.Class::getPackageName (81 bytes)
Event: 1.283 Thread 0x000001b27476afc0 nmethod 433 0x000001b262eb2f10 code [0x000001b262eb31a0, 0x000001b262eb3c08]
Event: 1.283 Thread 0x000001b27476afc0  436       3       lombok.patcher.PatchScript::classMatches (41 bytes)
Event: 1.283 Thread 0x000001b27476afc0 nmethod 436 0x000001b262eb4010 code [0x000001b262eb4220, 0x000001b262eb4868]
Event: 1.283 Thread 0x000001b27476afc0  434       3       java.lang.invoke.MethodType::equals (56 bytes)
Event: 1.284 Thread 0x000001b27476afc0 nmethod 434 0x000001b262eb4a90 code [0x000001b262eb4cc0, 0x000001b262eb57b8]
Event: 1.284 Thread 0x000001b27476afc0  435       3       java.lang.invoke.MethodType$ConcurrentWeakInternSet::get (47 bytes)
Event: 1.285 Thread 0x000001b27476afc0 nmethod 435 0x000001b262eb5990 code [0x000001b262eb5bc0, 0x000001b262eb64b8]
Event: 1.299 Thread 0x000001b2747582a0 nmethod 405% 0x000001b26a910010 code [0x000001b26a9101c0, 0x000001b26a910728]
Event: 1.299 Thread 0x000001b2747582a0  437       4       java.lang.StringLatin1::canEncode (13 bytes)
Event: 1.300 Thread 0x000001b2747582a0 nmethod 437 0x000001b26a910a10 code [0x000001b26a910b80, 0x000001b26a910bf8]
Event: 1.300 Thread 0x000001b2747582a0  422       4       java.lang.String::toString (2 bytes)
Event: 1.300 Thread 0x000001b2747582a0 nmethod 422 0x000001b26a910d10 code [0x000001b26a910e80, 0x000001b26a910ef8]
Event: 1.301 Thread 0x000001b2747582a0  424       4       java.lang.StringLatin1::charAt (28 bytes)
Event: 1.302 Thread 0x000001b2747582a0 nmethod 424 0x000001b26a911010 code [0x000001b26a911180, 0x000001b26a911218]
Event: 1.302 Thread 0x000001b2747582a0  438       4       java.lang.StringLatin1::replace (198 bytes)
Event: 1.307 Thread 0x000001b27476afc0  439       3       java.lang.StringLatin1::toLowerCase (186 bytes)
Event: 1.308 Thread 0x000001b27476afc0 nmethod 439 0x000001b262eb6890 code [0x000001b262eb6b00, 0x000001b262eb75d8]

GC Heap History (0 events):
No events

Dll operation events (8 events):
Event: 0.022 Loaded shared library c:\Users\abdelkader\.vscode\extensions\redhat.java-1.25.1-win32-x64\jre\17.0.9-win32-x86_64\bin\java.dll
Event: 0.556 Loaded shared library c:\Users\abdelkader\.vscode\extensions\redhat.java-1.25.1-win32-x64\jre\17.0.9-win32-x86_64\bin\zip.dll
Event: 0.563 Loaded shared library C:\Users\abdelkader\.vscode\extensions\redhat.java-1.25.1-win32-x64\jre\17.0.9-win32-x86_64\bin\instrument.dll
Event: 0.580 Loaded shared library C:\Users\abdelkader\.vscode\extensions\redhat.java-1.25.1-win32-x64\jre\17.0.9-win32-x86_64\bin\net.dll
Event: 0.584 Loaded shared library C:\Users\abdelkader\.vscode\extensions\redhat.java-1.25.1-win32-x64\jre\17.0.9-win32-x86_64\bin\nio.dll
Event: 0.608 Loaded shared library C:\Users\abdelkader\.vscode\extensions\redhat.java-1.25.1-win32-x64\jre\17.0.9-win32-x86_64\bin\zip.dll
Event: 0.644 Loaded shared library C:\Users\abdelkader\.vscode\extensions\redhat.java-1.25.1-win32-x64\jre\17.0.9-win32-x86_64\bin\jimage.dll
Event: 1.006 Loaded shared library c:\Users\abdelkader\.vscode\extensions\redhat.java-1.25.1-win32-x64\jre\17.0.9-win32-x86_64\bin\verify.dll

Deoptimization events (20 events):
Event: 1.274 Thread 0x000001b25e99ece0 Uncommon trap: trap_request=0xffffff45 fr.pc=0x000001b26a8ff6f4 relative=0x0000000000000074
Event: 1.274 Thread 0x000001b25e99ece0 Uncommon trap: reason=unstable_if action=reinterpret pc=0x000001b26a8ff6f4 method=java.lang.String.isLatin1()Z @ 10 c2
Event: 1.274 Thread 0x000001b25e99ece0 DEOPT PACKING pc=0x000001b26a8ff6f4 sp=0x00000051daafede0
Event: 1.274 Thread 0x000001b25e99ece0 DEOPT UNPACKING pc=0x000001b26a3a66a3 sp=0x00000051daafed20 mode 2
Event: 1.280 Thread 0x000001b25e99ece0 DEOPT PACKING pc=0x000001b262e39400 sp=0x00000051daafc8f0
Event: 1.280 Thread 0x000001b25e99ece0 DEOPT UNPACKING pc=0x000001b26a3a6e43 sp=0x00000051daafbdb0 mode 0
Event: 1.284 Thread 0x000001b25e99ece0 DEOPT PACKING pc=0x000001b262e39400 sp=0x00000051daafb1b0
Event: 1.284 Thread 0x000001b25e99ece0 DEOPT UNPACKING pc=0x000001b26a3a6e43 sp=0x00000051daafa670 mode 0
Event: 1.287 Thread 0x000001b25e99ece0 DEOPT PACKING pc=0x000001b262e39400 sp=0x00000051daafabf0
Event: 1.287 Thread 0x000001b25e99ece0 DEOPT UNPACKING pc=0x000001b26a3a6e43 sp=0x00000051daafa0b0 mode 0
Event: 1.288 Thread 0x000001b25e99ece0 DEOPT PACKING pc=0x000001b262e39400 sp=0x00000051daafa490
Event: 1.288 Thread 0x000001b25e99ece0 DEOPT UNPACKING pc=0x000001b26a3a6e43 sp=0x00000051daaf9950 mode 0
Event: 1.290 Thread 0x000001b25e99ece0 DEOPT PACKING pc=0x000001b262e39400 sp=0x00000051daafbd80
Event: 1.290 Thread 0x000001b25e99ece0 DEOPT UNPACKING pc=0x000001b26a3a6e43 sp=0x00000051daafb240 mode 0
Event: 1.299 Thread 0x000001b25e99ece0 DEOPT PACKING pc=0x000001b262e39400 sp=0x00000051daafabe0
Event: 1.299 Thread 0x000001b25e99ece0 DEOPT UNPACKING pc=0x000001b26a3a6e43 sp=0x00000051daafa0a0 mode 0
Event: 1.302 Thread 0x000001b25e99ece0 DEOPT PACKING pc=0x000001b262e39400 sp=0x00000051daafc200
Event: 1.302 Thread 0x000001b25e99ece0 DEOPT UNPACKING pc=0x000001b26a3a6e43 sp=0x00000051daafb6c0 mode 0
Event: 1.305 Thread 0x000001b25e99ece0 DEOPT PACKING pc=0x000001b262e39400 sp=0x00000051daafba70
Event: 1.305 Thread 0x000001b25e99ece0 DEOPT UNPACKING pc=0x000001b26a3a6e43 sp=0x00000051daafaf30 mode 0

Classes unloaded (0 events):
No events

Classes redefined (0 events):
No events

Internal exceptions (2 events):
Event: 0.500 Thread 0x000001b25e99ece0 Exception <a 'java/lang/NoSuchMethodError'{0x00000000eacb2520}: 'void java.lang.invoke.DirectMethodHandle$Holder.invokeStatic(java.lang.Object, java.lang.Object, java.lang.Object)'> (0x00000000eacb2520) 
thrown [s\src\hotspot\share\interpreter\linkResolver.cpp, line 759]
Event: 1.101 Thread 0x000001b25e99ece0 Exception <a 'java/lang/reflect/InvocationTargetException'{0x00000000eafe3ad0}> (0x00000000eafe3ad0) 
thrown [s\src\hotspot\share\runtime\reflection.cpp, line 1121]

VM Operations (4 events):
Event: 0.515 Executing VM operation: HandshakeAllThreads
Event: 0.515 Executing VM operation: HandshakeAllThreads done
Event: 0.709 Executing VM operation: HandshakeAllThreads
Event: 0.709 Executing VM operation: HandshakeAllThreads done

Events (20 events):
Event: 1.303 loading class java/security/SecurityPermission done
Event: 1.303 loading class java/net/SocketPermission
Event: 1.304 loading class java/net/SocketPermission done
Event: 1.304 loading class sun/security/provider/SunEntries
Event: 1.305 loading class sun/security/provider/SunEntries done
Event: 1.305 loading class sun/security/provider/SunEntries$1
Event: 1.305 loading class sun/security/provider/SunEntries$1 done
Event: 1.305 loading class sun/security/provider/NativePRNG
Event: 1.306 loading class sun/security/provider/NativePRNG done
Event: 1.306 loading class sun/security/provider/NativePRNG$Blocking
Event: 1.306 loading class sun/security/provider/NativePRNG$Blocking done
Event: 1.306 loading class sun/security/provider/NativePRNG$NonBlocking
Event: 1.306 loading class sun/security/provider/NativePRNG$NonBlocking done
Event: 1.306 loading class java/security/Provider$Service
Event: 1.307 loading class java/security/Provider$Service done
Event: 1.307 loading class java/security/Provider$UString
Event: 1.307 loading class java/security/Provider$UString done
Event: 1.307 loading class sun/security/util/SecurityProviderConstants
Event: 1.307 loading class sun/security/util/SecurityProviderConstants done
Event: 1.308 loading class sun/security/util/KnownOIDs


Dynamic libraries:
0x00007ff68bb00000 - 0x00007ff68bb0e000 	c:\Users\abdelkader\.vscode\extensions\redhat.java-1.25.1-win32-x64\jre\17.0.9-win32-x86_64\bin\java.exe
0x00007ffebc3d0000 - 0x00007ffebc5c8000 	C:\WINDOWS\SYSTEM32\ntdll.dll
0x00007ffebb4d0000 - 0x00007ffebb58d000 	C:\WINDOWS\System32\KERNEL32.DLL
0x00007ffeb9ab0000 - 0x00007ffeb9da6000 	C:\WINDOWS\System32\KERNELBASE.dll
0x00007ffeb6de0000 - 0x00007ffeb6e70000 	C:\WINDOWS\SYSTEM32\apphelp.dll
0x00007ffeba0c0000 - 0x00007ffeba1c0000 	C:\WINDOWS\System32\ucrtbase.dll
0x00007ffeb70e0000 - 0x00007ffeb70f7000 	c:\Users\abdelkader\.vscode\extensions\redhat.java-1.25.1-win32-x64\jre\17.0.9-win32-x86_64\bin\jli.dll
0x00007ffebbf10000 - 0x00007ffebc0ae000 	C:\WINDOWS\System32\USER32.dll
0x00007ffeba090000 - 0x00007ffeba0b2000 	C:\WINDOWS\System32\win32u.dll
0x00007ffeba560000 - 0x00007ffeba58c000 	C:\WINDOWS\System32\GDI32.dll
0x00007ffeba1c0000 - 0x00007ffeba2da000 	C:\WINDOWS\System32\gdi32full.dll
0x00007ffeba2e0000 - 0x00007ffeba37d000 	C:\WINDOWS\System32\msvcp_win.dll
0x00007ffeb5150000 - 0x00007ffeb516b000 	c:\Users\abdelkader\.vscode\extensions\redhat.java-1.25.1-win32-x64\jre\17.0.9-win32-x86_64\bin\VCRUNTIME140.dll
0x00007ffea9280000 - 0x00007ffea951a000 	C:\WINDOWS\WinSxS\amd64_microsoft.windows.common-controls_6595b64144ccf1df_6.0.19041.3636_none_60b6a03d71f818d5\COMCTL32.dll
0x00007ffebc140000 - 0x00007ffebc1de000 	C:\WINDOWS\System32\msvcrt.dll
0x00007ffeba6b0000 - 0x00007ffeba6e0000 	C:\WINDOWS\System32\IMM32.DLL
0x00007ffeb70a0000 - 0x00007ffeb70ac000 	c:\Users\abdelkader\.vscode\extensions\redhat.java-1.25.1-win32-x64\jre\17.0.9-win32-x86_64\bin\vcruntime140_1.dll
0x00007ffea3960000 - 0x00007ffea39ed000 	c:\Users\abdelkader\.vscode\extensions\redhat.java-1.25.1-win32-x64\jre\17.0.9-win32-x86_64\bin\msvcp140.dll
0x00007ffe79210000 - 0x00007ffe79e71000 	c:\Users\abdelkader\.vscode\extensions\redhat.java-1.25.1-win32-x64\jre\17.0.9-win32-x86_64\bin\server\jvm.dll
0x00007ffebada0000 - 0x00007ffebae4f000 	C:\WINDOWS\System32\ADVAPI32.dll
0x00007ffebad00000 - 0x00007ffebad9c000 	C:\WINDOWS\System32\sechost.dll
0x00007ffebb3a0000 - 0x00007ffebb4c6000 	C:\WINDOWS\System32\RPCRT4.dll
0x00007ffeb9910000 - 0x00007ffeb995b000 	C:\WINDOWS\SYSTEM32\POWRPROF.dll
0x00007ffe9e9e0000 - 0x00007ffe9e9e9000 	C:\WINDOWS\SYSTEM32\WSOCK32.dll
0x00007ffebb330000 - 0x00007ffebb39b000 	C:\WINDOWS\System32\WS2_32.dll
0x00007ffea6fe0000 - 0x00007ffea7007000 	C:\WINDOWS\SYSTEM32\WINMM.dll
0x00007ffeb7000000 - 0x00007ffeb700a000 	C:\WINDOWS\SYSTEM32\VERSION.dll
0x00007ffeb98f0000 - 0x00007ffeb9902000 	C:\WINDOWS\SYSTEM32\UMPDC.dll
0x00007ffeb7b10000 - 0x00007ffeb7b22000 	C:\WINDOWS\SYSTEM32\kernel.appcore.dll
0x00007ffeb5130000 - 0x00007ffeb513a000 	c:\Users\abdelkader\.vscode\extensions\redhat.java-1.25.1-win32-x64\jre\17.0.9-win32-x86_64\bin\jimage.dll
0x00007ffea2040000 - 0x00007ffea2224000 	C:\WINDOWS\SYSTEM32\DBGHELP.DLL
0x00007ffea2000000 - 0x00007ffea2034000 	C:\WINDOWS\SYSTEM32\dbgcore.DLL
0x00007ffeb9f80000 - 0x00007ffeba002000 	C:\WINDOWS\System32\bcryptPrimitives.dll
0x00007ffeb5120000 - 0x00007ffeb512e000 	c:\Users\abdelkader\.vscode\extensions\redhat.java-1.25.1-win32-x64\jre\17.0.9-win32-x86_64\bin\instrument.dll
0x00007ffeb3f90000 - 0x00007ffeb3fb5000 	c:\Users\abdelkader\.vscode\extensions\redhat.java-1.25.1-win32-x64\jre\17.0.9-win32-x86_64\bin\java.dll
0x00007ffeb50e0000 - 0x00007ffeb50f8000 	c:\Users\abdelkader\.vscode\extensions\redhat.java-1.25.1-win32-x64\jre\17.0.9-win32-x86_64\bin\zip.dll
0x00007ffebb5b0000 - 0x00007ffebbcf4000 	C:\WINDOWS\System32\SHELL32.dll
0x00007ffeb7b30000 - 0x00007ffeb82cb000 	C:\WINDOWS\SYSTEM32\windows.storage.dll
0x00007ffeba790000 - 0x00007ffebaae4000 	C:\WINDOWS\System32\combase.dll
0x00007ffeb9340000 - 0x00007ffeb936d000 	C:\WINDOWS\SYSTEM32\Wldp.dll
0x00007ffebaaf0000 - 0x00007ffebab9d000 	C:\WINDOWS\System32\SHCORE.dll
0x00007ffebac90000 - 0x00007ffebace5000 	C:\WINDOWS\System32\shlwapi.dll
0x00007ffeb99e0000 - 0x00007ffeb9a05000 	C:\WINDOWS\SYSTEM32\profapi.dll
0x00007ffeb40b0000 - 0x00007ffeb40c9000 	C:\Users\abdelkader\.vscode\extensions\redhat.java-1.25.1-win32-x64\jre\17.0.9-win32-x86_64\bin\net.dll
0x00007ffeb0da0000 - 0x00007ffeb0eaa000 	C:\WINDOWS\SYSTEM32\WINHTTP.dll
0x00007ffeb9120000 - 0x00007ffeb918a000 	C:\WINDOWS\system32\mswsock.dll
0x00007ffeb3e00000 - 0x00007ffeb3e16000 	C:\Users\abdelkader\.vscode\extensions\redhat.java-1.25.1-win32-x64\jre\17.0.9-win32-x86_64\bin\nio.dll
0x00007ffeb50a0000 - 0x00007ffeb50b0000 	c:\Users\abdelkader\.vscode\extensions\redhat.java-1.25.1-win32-x64\jre\17.0.9-win32-x86_64\bin\verify.dll

dbghelp: loaded successfully - version: 4.0.5 - missing functions: none
symbol engine: initialized successfully - sym options: 0x614 - pdb path: .;c:\Users\abdelkader\.vscode\extensions\redhat.java-1.25.1-win32-x64\jre\17.0.9-win32-x86_64\bin;C:\WINDOWS\SYSTEM32;C:\WINDOWS\WinSxS\amd64_microsoft.windows.common-controls_6595b64144ccf1df_6.0.19041.3636_none_60b6a03d71f818d5;c:\Users\abdelkader\.vscode\extensions\redhat.java-1.25.1-win32-x64\jre\17.0.9-win32-x86_64\bin\server

VM Arguments:
jvm_args: --add-modules=ALL-SYSTEM --add-opens=java.base/java.util=ALL-UNNAMED --add-opens=java.base/java.lang=ALL-UNNAMED --add-opens=java.base/sun.nio.fs=ALL-UNNAMED -Declipse.application=org.eclipse.jdt.ls.core.id1 -Dosgi.bundles.defaultStartLevel=4 -Declipse.product=org.eclipse.jdt.ls.core.product -Djava.import.generatesMetadataFilesAtProjectRoot=false -DDetectVMInstallationsJob.disabled=true -Dfile.encoding=utf8 -XX:+UseParallelGC -XX:GCTimeRatio=4 -XX:AdaptiveSizePolicyWeight=90 -Dsun.zip.disableMemoryMapping=true -Xmx1G -Xms100m -Xlog:disable -javaagent:c:\Users\abdelkader\.vscode\extensions\redhat.java-1.25.1-win32-x64\lombok\lombok-1.18.30.jar -XX:+HeapDumpOnOutOfMemoryError -XX:HeapDumpPath=c:\Users\abdelkader\AppData\Roaming\Code\User\workspaceStorage\4bbaa65c982651e4835262f9be950502\redhat.java -Daether.dependencyCollector.impl=bf 
java_command: c:\Users\abdelkader\.vscode\extensions\redhat.java-1.25.1-win32-x64\server\plugins\org.eclipse.equinox.launcher_1.6.600.v20231106-1826.jar -configuration c:\Users\abdelkader\AppData\Roaming\Code\User\globalStorage\redhat.java\1.25.1\config_win -data c:\Users\abdelkader\AppData\Roaming\Code\User\workspaceStorage\4bbaa65c982651e4835262f9be950502\redhat.java\jdt_ws --stdio
java_class_path (initial): c:\Users\abdelkader\.vscode\extensions\redhat.java-1.25.1-win32-x64\server\plugins\org.eclipse.equinox.launcher_1.6.600.v20231106-1826.jar
Launcher Type: SUN_STANDARD

[Global flags]
    uintx AdaptiveSizePolicyWeight                 = 90                                        {product} {command line}
     intx CICompilerCount                          = 3                                         {product} {ergonomic}
    uintx GCTimeRatio                              = 4                                         {product} {command line}
     bool HeapDumpOnOutOfMemoryError               = true                                   {manageable} {command line}
    ccstr HeapDumpPath                             = c:\Users\abdelkader\AppData\Roaming\Code\User\workspaceStorage\4bbaa65c982651e4835262f9be950502\redhat.java         {manageable} {command line}
   size_t InitialHeapSize                          = 104857600                                 {product} {command line}
   size_t MaxHeapSize                              = 1073741824                                {product} {command line}
   size_t MaxNewSize                               = 357564416                                 {product} {ergonomic}
   size_t MinHeapDeltaBytes                        = 524288                                    {product} {ergonomic}
   size_t MinHeapSize                              = 104857600                                 {product} {command line}
   size_t NewSize                                  = 34603008                                  {product} {ergonomic}
    uintx NonNMethodCodeHeapSize                   = 5832780                                {pd product} {ergonomic}
    uintx NonProfiledCodeHeapSize                  = 122912730                              {pd product} {ergonomic}
   size_t OldSize                                  = 70254592                                  {product} {ergonomic}
    uintx ProfiledCodeHeapSize                     = 122912730                              {pd product} {ergonomic}
    uintx ReservedCodeCacheSize                    = 251658240                              {pd product} {ergonomic}
     bool SegmentedCodeCache                       = true                                      {product} {ergonomic}
   size_t SoftMaxHeapSize                          = 1073741824                             {manageable} {ergonomic}
     bool UseCompressedClassPointers               = true                           {product lp64_product} {ergonomic}
     bool UseCompressedOops                        = true                           {product lp64_product} {ergonomic}
     bool UseLargePagesIndividualAllocation        = false                                  {pd product} {ergonomic}
     bool UseParallelGC                            = true                                      {product} {command line}

Logging:
Log output configuration:
 #0: stdout all=off uptime,level,tags
 #1: stderr all=off uptime,level,tags

Environment Variables:
PATH=C:\app\abdelkader\product\21c\dbhomeXE\bin;C:\Program Files (x86)\Common Files\Oracle\Java\javapath;C:\Program Files (x86)\Common Files\Intel\Shared Libraries\redist\intel64\compiler;C:\WINDOWS\system32;C:\WINDOWS;C:\WINDOWS\System32\Wbem;C:\WINDOWS\System32\WindowsPowerShell\v1.0\;C:\WINDOWS\System32\OpenSSH\;C:\Users\abdelkader\AppData\Local\Programs\Python\Python311\Scripts\;C:\Users\abdelkader\AppData\Local\Programs\Python\Python311\;C:\blp\DAPI;C:\blp\DAPI\DDE;C:\Users\abdelkader\AppData\Local\Programs\Python\Python38-32\Scripts\;C:\Users\abdelkader\AppData\Local\Programs\Python\Python38-32\;C:\Users\abdelkader\AppData\Local\Microsoft\WindowsApps;C:\Program Files (x86)\Java\jre-1.8\bin;C:\MinGW\bin;C:\Program Files (x86)\Java\jre-1.8\bin;
USERNAME=abdelkader
OS=Windows_NT
PROCESSOR_IDENTIFIER=Intel64 Family 6 Model 61 Stepping 4, GenuineIntel
TMP=C:\Users\ABDELK~1\AppData\Local\Temp
TEMP=C:\Users\ABDELK~1\AppData\Local\Temp



Periodic native trim disabled


---------------  S Y S T E M  ---------------

OS:
 Windows 10 , 64 bit Build 19041 (10.0.19041.3636)
OS uptime: 0 days 22:42 hours
Hyper-V role detected

CPU: total 4 (initial active 4) (2 cores per cpu, 2 threads per core) family 6 model 61 stepping 4 microcode 0x2d, cx8, cmov, fxsr, ht, mmx, 3dnowpref, sse, sse2, sse3, ssse3, sse4.1, sse4.2, popcnt, lzcnt, tsc, tscinvbit, avx, avx2, aes, erms, clmul, bmi1, bmi2, rtm, adx, fma, vzeroupper, clflush, hv
Processor Information for all 4 processors :
  Max Mhz: 2301, Current Mhz: 2300, Mhz Limit: 2277

Memory: 4k page, system-wide physical 12163M (1888M free)
TotalPageFile size 12163M (AvailPageFile size 7M)
current process WorkingSet (physical memory assigned to process): 43M, peak: 43M
current process commit charge ("private bytes"): 176M, peak: 176M

vm_info: OpenJDK 64-Bit Server VM (17.0.9+9) for windows-amd64 JRE (17.0.9+9), built on Oct 26 2023 14:01:42 by "admin" with MS VC++ 16.10 / 16.11 (VS2019)

END.
